mode: atomic
github.com/AlexBurnes/buildfab/test_version.go:9.13,12.16 3 0
github.com/AlexBurnes/buildfab/test_version.go:12.16,15.3 2 0
github.com/AlexBurnes/buildfab/test_version.go:17.2,18.25 2 0
github.com/AlexBurnes/buildfab/test_version.go:18.25,20.3 1 0
github.com/AlexBurnes/buildfab/internal/ui/ui.go:21.35,27.2 1 15
github.com/AlexBurnes/buildfab/internal/ui/ui.go:30.51,36.2 1 0
github.com/AlexBurnes/buildfab/internal/ui/ui.go:39.51,42.38 2 1
github.com/AlexBurnes/buildfab/internal/ui/ui.go:42.38,44.3 1 1
github.com/AlexBurnes/buildfab/internal/ui/ui.go:45.2,46.270 2 1
github.com/AlexBurnes/buildfab/internal/ui/ui.go:50.61,54.2 3 1
github.com/AlexBurnes/buildfab/internal/ui/ui.go:57.49,60.2 2 1
github.com/AlexBurnes/buildfab/internal/ui/ui.go:63.87,67.16 3 1
github.com/AlexBurnes/buildfab/internal/ui/ui.go:68.25,70.21 2 1
github.com/AlexBurnes/buildfab/internal/ui/ui.go:71.27,73.21 2 0
github.com/AlexBurnes/buildfab/internal/ui/ui.go:74.28,76.21 2 0
github.com/AlexBurnes/buildfab/internal/ui/ui.go:77.30,79.21 2 0
github.com/AlexBurnes/buildfab/internal/ui/ui.go:80.30,82.21 2 0
github.com/AlexBurnes/buildfab/internal/ui/ui.go:83.10,85.21 2 0
github.com/AlexBurnes/buildfab/internal/ui/ui.go:88.2,92.21 3 1
github.com/AlexBurnes/buildfab/internal/ui/ui.go:92.21,95.3 1 1
github.com/AlexBurnes/buildfab/internal/ui/ui.go:95.8,98.34 2 0
github.com/AlexBurnes/buildfab/internal/ui/ui.go:98.34,99.37 1 0
github.com/AlexBurnes/buildfab/internal/ui/ui.go:99.37,102.5 1 0
github.com/AlexBurnes/buildfab/internal/ui/ui.go:108.87,115.13 5 1
github.com/AlexBurnes/buildfab/internal/ui/ui.go:115.13,119.3 3 1
github.com/AlexBurnes/buildfab/internal/ui/ui.go:119.8,123.3 3 0
github.com/AlexBurnes/buildfab/internal/ui/ui.go:125.2,127.111 3 1
github.com/AlexBurnes/buildfab/internal/ui/ui.go:131.77,141.2 7 0
github.com/AlexBurnes/buildfab/internal/ui/ui.go:144.44,147.2 0 1
github.com/AlexBurnes/buildfab/internal/ui/ui.go:150.45,152.2 1 0
github.com/AlexBurnes/buildfab/internal/ui/ui.go:155.48,156.31 1 1
github.com/AlexBurnes/buildfab/internal/ui/ui.go:156.31,158.30 2 1
github.com/AlexBurnes/buildfab/internal/ui/ui.go:158.30,160.4 1 1
github.com/AlexBurnes/buildfab/internal/ui/ui.go:165.49,171.29 4 1
github.com/AlexBurnes/buildfab/internal/ui/ui.go:171.29,172.36 1 1
github.com/AlexBurnes/buildfab/internal/ui/ui.go:172.36,175.4 1 1
github.com/AlexBurnes/buildfab/internal/ui/ui.go:180.55,182.2 1 1
github.com/AlexBurnes/buildfab/internal/ui/ui.go:185.54,186.23 1 1
github.com/AlexBurnes/buildfab/internal/ui/ui.go:186.23,188.3 1 0
github.com/AlexBurnes/buildfab/internal/ui/ui.go:190.2,194.33 4 1
github.com/AlexBurnes/buildfab/internal/ui/ui.go:194.33,196.3 1 2
github.com/AlexBurnes/buildfab/internal/ui/ui.go:199.2,206.37 2 1
github.com/AlexBurnes/buildfab/internal/ui/ui.go:206.37,211.17 4 4
github.com/AlexBurnes/buildfab/internal/ui/ui.go:212.26,214.17 2 1
github.com/AlexBurnes/buildfab/internal/ui/ui.go:214.17,216.5 1 1
github.com/AlexBurnes/buildfab/internal/ui/ui.go:216.10,218.5 1 0
github.com/AlexBurnes/buildfab/internal/ui/ui.go:219.28,221.17 2 1
github.com/AlexBurnes/buildfab/internal/ui/ui.go:221.17,223.5 1 0
github.com/AlexBurnes/buildfab/internal/ui/ui.go:223.10,225.5 1 1
github.com/AlexBurnes/buildfab/internal/ui/ui.go:226.29,228.17 2 1
github.com/AlexBurnes/buildfab/internal/ui/ui.go:228.17,230.5 1 1
github.com/AlexBurnes/buildfab/internal/ui/ui.go:230.10,232.5 1 0
github.com/AlexBurnes/buildfab/internal/ui/ui.go:233.31,235.17 2 1
github.com/AlexBurnes/buildfab/internal/ui/ui.go:235.17,237.5 1 0
github.com/AlexBurnes/buildfab/internal/ui/ui.go:237.10,239.5 1 1
github.com/AlexBurnes/buildfab/internal/ui/ui.go:240.11,242.17 2 0
github.com/AlexBurnes/buildfab/internal/ui/ui.go:242.17,244.5 1 0
github.com/AlexBurnes/buildfab/internal/ui/ui.go:244.10,246.5 1 0
github.com/AlexBurnes/buildfab/internal/ui/ui.go:249.3,250.111 2 4
github.com/AlexBurnes/buildfab/internal/ui/ui.go:255.31,257.2 1 2
github.com/AlexBurnes/buildfab/internal/ui/ui.go:260.29,262.2 1 2
github.com/AlexBurnes/buildfab/internal/actions/registry.go:26.22,39.2 7 4
github.com/AlexBurnes/buildfab/internal/actions/registry.go:42.63,44.2 1 21
github.com/AlexBurnes/buildfab/internal/actions/registry.go:47.64,50.2 2 3
github.com/AlexBurnes/buildfab/internal/actions/registry.go:53.52,55.38 2 1
github.com/AlexBurnes/buildfab/internal/actions/registry.go:55.38,57.3 1 5
github.com/AlexBurnes/buildfab/internal/actions/registry.go:58.2,58.16 1 1
github.com/AlexBurnes/buildfab/internal/actions/registry.go:64.80,67.16 3 0
github.com/AlexBurnes/buildfab/internal/actions/registry.go:67.16,72.3 1 0
github.com/AlexBurnes/buildfab/internal/actions/registry.go:74.2,77.29 3 0
github.com/AlexBurnes/buildfab/internal/actions/registry.go:77.29,78.41 1 0
github.com/AlexBurnes/buildfab/internal/actions/registry.go:78.41,80.4 1 0
github.com/AlexBurnes/buildfab/internal/actions/registry.go:83.2,83.24 1 0
github.com/AlexBurnes/buildfab/internal/actions/registry.go:83.24,88.3 1 0
github.com/AlexBurnes/buildfab/internal/actions/registry.go:90.2,93.8 1 0
github.com/AlexBurnes/buildfab/internal/actions/registry.go:96.51,98.2 1 3
github.com/AlexBurnes/buildfab/internal/actions/registry.go:103.82,106.16 3 0
github.com/AlexBurnes/buildfab/internal/actions/registry.go:106.16,111.3 1 0
github.com/AlexBurnes/buildfab/internal/actions/registry.go:113.2,116.29 3 0
github.com/AlexBurnes/buildfab/internal/actions/registry.go:116.29,117.123 1 0
github.com/AlexBurnes/buildfab/internal/actions/registry.go:117.123,119.4 1 0
github.com/AlexBurnes/buildfab/internal/actions/registry.go:122.2,122.26 1 0
github.com/AlexBurnes/buildfab/internal/actions/registry.go:122.26,127.3 1 0
github.com/AlexBurnes/buildfab/internal/actions/registry.go:129.2,132.8 1 0
github.com/AlexBurnes/buildfab/internal/actions/registry.go:135.53,137.2 1 3
github.com/AlexBurnes/buildfab/internal/actions/registry.go:142.79,145.16 3 0
github.com/AlexBurnes/buildfab/internal/actions/registry.go:145.16,150.3 1 0
github.com/AlexBurnes/buildfab/internal/actions/registry.go:152.2,155.29 3 0
github.com/AlexBurnes/buildfab/internal/actions/registry.go:155.29,156.17 1 0
github.com/AlexBurnes/buildfab/internal/actions/registry.go:156.17,158.4 1 0
github.com/AlexBurnes/buildfab/internal/actions/registry.go:161.2,161.23 1 0
github.com/AlexBurnes/buildfab/internal/actions/registry.go:161.23,166.3 1 0
github.com/AlexBurnes/buildfab/internal/actions/registry.go:168.2,171.8 1 0
github.com/AlexBurnes/buildfab/internal/actions/registry.go:174.50,176.2 1 3
github.com/AlexBurnes/buildfab/internal/actions/registry.go:181.80,184.16 2 4
github.com/AlexBurnes/buildfab/internal/actions/registry.go:184.16,189.3 1 1
github.com/AlexBurnes/buildfab/internal/actions/registry.go:191.2,192.19 2 3
github.com/AlexBurnes/buildfab/internal/actions/registry.go:192.19,197.3 1 1
github.com/AlexBurnes/buildfab/internal/actions/registry.go:200.2,200.30 1 2
github.com/AlexBurnes/buildfab/internal/actions/registry.go:200.30,205.3 1 1
github.com/AlexBurnes/buildfab/internal/actions/registry.go:207.2,210.8 1 1
github.com/AlexBurnes/buildfab/internal/actions/registry.go:213.51,215.2 1 3
github.com/AlexBurnes/buildfab/internal/actions/registry.go:220.88,223.16 2 0
github.com/AlexBurnes/buildfab/internal/actions/registry.go:223.16,228.3 1 0
github.com/AlexBurnes/buildfab/internal/actions/registry.go:230.2,235.16 4 0
github.com/AlexBurnes/buildfab/internal/actions/registry.go:235.16,240.3 1 0
github.com/AlexBurnes/buildfab/internal/actions/registry.go:242.2,243.57 2 0
github.com/AlexBurnes/buildfab/internal/actions/registry.go:243.57,248.3 1 0
github.com/AlexBurnes/buildfab/internal/actions/registry.go:251.2,253.35 2 0
github.com/AlexBurnes/buildfab/internal/actions/registry.go:253.35,258.3 1 0
github.com/AlexBurnes/buildfab/internal/actions/registry.go:260.2,263.54 1 0
github.com/AlexBurnes/buildfab/internal/actions/registry.go:266.59,268.2 1 3
github.com/AlexBurnes/buildfab/internal/actions/registry.go:271.42,273.38 1 16
github.com/AlexBurnes/buildfab/internal/actions/registry.go:273.38,275.3 1 3
github.com/AlexBurnes/buildfab/internal/actions/registry.go:278.2,281.37 2 13
github.com/AlexBurnes/buildfab/internal/actions/registry.go:281.37,283.3 1 2
github.com/AlexBurnes/buildfab/internal/actions/registry.go:286.2,287.20 2 11
github.com/AlexBurnes/buildfab/internal/actions/registry.go:287.20,289.3 1 1
github.com/AlexBurnes/buildfab/internal/actions/registry.go:292.2,292.29 1 10
github.com/AlexBurnes/buildfab/internal/actions/registry.go:292.29,293.17 1 29
github.com/AlexBurnes/buildfab/internal/actions/registry.go:293.17,295.4 1 3
github.com/AlexBurnes/buildfab/internal/actions/registry.go:297.3,297.32 1 26
github.com/AlexBurnes/buildfab/internal/actions/registry.go:297.32,299.4 1 0
github.com/AlexBurnes/buildfab/internal/actions/registry.go:302.2,302.13 1 7
github.com/AlexBurnes/buildfab/internal/actions/registry.go:306.43,308.21 1 40
github.com/AlexBurnes/buildfab/internal/actions/registry.go:308.21,310.3 1 25
github.com/AlexBurnes/buildfab/internal/actions/registry.go:313.2,315.69 2 15
github.com/AlexBurnes/buildfab/internal/actions/registry.go:315.69,317.3 1 11
github.com/AlexBurnes/buildfab/internal/actions/registry.go:319.2,319.14 1 4
github.com/AlexBurnes/buildfab/internal/actions/registry.go:323.31,324.13 1 49
github.com/AlexBurnes/buildfab/internal/actions/registry.go:324.13,326.3 1 2
github.com/AlexBurnes/buildfab/internal/actions/registry.go:327.2,327.22 1 47
github.com/AlexBurnes/buildfab/internal/actions/registry.go:327.22,328.25 1 59
github.com/AlexBurnes/buildfab/internal/actions/registry.go:328.25,330.4 1 19
github.com/AlexBurnes/buildfab/internal/actions/registry.go:332.2,332.13 1 28
github.com/AlexBurnes/buildfab/internal/config/config.go:23.37,27.2 1 5
github.com/AlexBurnes/buildfab/internal/config/config.go:30.56,33.2 2 4
github.com/AlexBurnes/buildfab/internal/config/config.go:36.51,38.57 1 4
github.com/AlexBurnes/buildfab/internal/config/config.go:38.57,40.3 1 1
github.com/AlexBurnes/buildfab/internal/config/config.go:43.2,44.16 2 3
github.com/AlexBurnes/buildfab/internal/config/config.go:44.16,46.3 1 0
github.com/AlexBurnes/buildfab/internal/config/config.go:47.2,51.16 3 3
github.com/AlexBurnes/buildfab/internal/config/config.go:51.16,53.3 1 0
github.com/AlexBurnes/buildfab/internal/config/config.go:56.2,57.57 2 3
github.com/AlexBurnes/buildfab/internal/config/config.go:57.57,59.3 1 0
github.com/AlexBurnes/buildfab/internal/config/config.go:62.2,62.42 1 3
github.com/AlexBurnes/buildfab/internal/config/config.go:62.42,64.3 1 0
github.com/AlexBurnes/buildfab/internal/config/config.go:66.2,66.21 1 3
github.com/AlexBurnes/buildfab/internal/config/config.go:70.56,81.39 2 3
github.com/AlexBurnes/buildfab/internal/config/config.go:81.39,83.48 2 8
github.com/AlexBurnes/buildfab/internal/config/config.go:83.48,85.4 1 2
github.com/AlexBurnes/buildfab/internal/config/config.go:88.2,88.77 1 1
github.com/AlexBurnes/buildfab/internal/config/config.go:92.83,94.32 1 3
github.com/AlexBurnes/buildfab/internal/config/config.go:94.32,95.34 1 3
github.com/AlexBurnes/buildfab/internal/config/config.go:95.34,97.18 2 3
github.com/AlexBurnes/buildfab/internal/config/config.go:97.18,99.5 1 2
github.com/AlexBurnes/buildfab/internal/config/config.go:100.4,100.36 1 1
github.com/AlexBurnes/buildfab/internal/config/config.go:104.2,104.12 1 1
github.com/AlexBurnes/buildfab/internal/config/config.go:108.75,112.6 2 9
github.com/AlexBurnes/buildfab/internal/config/config.go:112.6,114.18 2 15
github.com/AlexBurnes/buildfab/internal/config/config.go:114.18,115.9 1 5
github.com/AlexBurnes/buildfab/internal/config/config.go:118.3,119.16 2 10
github.com/AlexBurnes/buildfab/internal/config/config.go:119.16,121.4 1 2
github.com/AlexBurnes/buildfab/internal/config/config.go:123.3,128.14 4 8
github.com/AlexBurnes/buildfab/internal/config/config.go:128.14,130.4 1 2
github.com/AlexBurnes/buildfab/internal/config/config.go:132.3,132.49 1 6
github.com/AlexBurnes/buildfab/internal/config/config.go:135.2,135.20 1 5
github.com/AlexBurnes/buildfab/internal/config/config.go:139.46,144.2 1 1
github.com/AlexBurnes/buildfab/internal/config/config.go:147.73,151.47 2 1
github.com/AlexBurnes/buildfab/internal/config/config.go:151.47,153.3 1 0
github.com/AlexBurnes/buildfab/internal/config/config.go:156.2,156.53 1 1
github.com/AlexBurnes/buildfab/internal/config/config.go:156.53,158.3 1 0
github.com/AlexBurnes/buildfab/internal/config/config.go:160.2,160.23 1 1
github.com/AlexBurnes/buildfab/internal/config/config.go:164.56,167.16 3 1
github.com/AlexBurnes/buildfab/internal/config/config.go:167.16,169.3 1 1
github.com/AlexBurnes/buildfab/internal/config/config.go:170.2,170.47 1 0
github.com/AlexBurnes/buildfab/internal/config/config.go:174.59,177.16 3 1
github.com/AlexBurnes/buildfab/internal/config/config.go:177.16,179.3 1 1
github.com/AlexBurnes/buildfab/internal/config/config.go:180.2,180.47 1 0
github.com/AlexBurnes/buildfab/examples/simple_api_example.go:11.13,17.16 3 0
github.com/AlexBurnes/buildfab/examples/simple_api_example.go:17.16,20.3 2 0
github.com/AlexBurnes/buildfab/examples/simple_api_example.go:23.2,36.16 5 0
github.com/AlexBurnes/buildfab/examples/simple_api_example.go:36.16,38.3 1 0
github.com/AlexBurnes/buildfab/examples/simple_api_example.go:40.2,44.16 3 0
github.com/AlexBurnes/buildfab/examples/simple_api_example.go:44.16,46.3 1 0
github.com/AlexBurnes/buildfab/examples/simple_api_example.go:48.2,52.16 3 0
github.com/AlexBurnes/buildfab/examples/simple_api_example.go:52.16,54.3 1 0
github.com/AlexBurnes/buildfab/examples/simple_api_example.go:56.2,60.16 3 0
github.com/AlexBurnes/buildfab/examples/simple_api_example.go:60.16,62.3 1 0
github.com/AlexBurnes/buildfab/examples/simple_api_example.go:64.2,66.91 3 0
github.com/AlexBurnes/buildfab/examples/step_callbacks_example.go:18.81,20.2 1 0
github.com/AlexBurnes/buildfab/examples/step_callbacks_example.go:23.152,25.16 2 0
github.com/AlexBurnes/buildfab/examples/step_callbacks_example.go:26.29,27.15 1 0
github.com/AlexBurnes/buildfab/examples/step_callbacks_example.go:28.31,29.15 1 0
github.com/AlexBurnes/buildfab/examples/step_callbacks_example.go:30.32,31.15 1 0
github.com/AlexBurnes/buildfab/examples/step_callbacks_example.go:32.34,33.15 1 0
github.com/AlexBurnes/buildfab/examples/step_callbacks_example.go:34.10,35.13 1 0
github.com/AlexBurnes/buildfab/examples/step_callbacks_example.go:38.2,38.67 1 0
github.com/AlexBurnes/buildfab/examples/step_callbacks_example.go:42.97,43.18 1 0
github.com/AlexBurnes/buildfab/examples/step_callbacks_example.go:43.18,45.3 1 0
github.com/AlexBurnes/buildfab/examples/step_callbacks_example.go:49.92,51.2 1 0
github.com/AlexBurnes/buildfab/examples/step_callbacks_example.go:59.81,62.2 2 0
github.com/AlexBurnes/buildfab/examples/step_callbacks_example.go:65.152,70.16 4 0
github.com/AlexBurnes/buildfab/examples/step_callbacks_example.go:71.29,73.21 2 0
github.com/AlexBurnes/buildfab/examples/step_callbacks_example.go:74.31,76.21 2 0
github.com/AlexBurnes/buildfab/examples/step_callbacks_example.go:77.32,79.21 2 0
github.com/AlexBurnes/buildfab/examples/step_callbacks_example.go:80.34,82.21 2 0
github.com/AlexBurnes/buildfab/examples/step_callbacks_example.go:83.10,85.21 2 0
github.com/AlexBurnes/buildfab/examples/step_callbacks_example.go:88.2,89.101 2 0
github.com/AlexBurnes/buildfab/examples/step_callbacks_example.go:93.97,94.18 1 0
github.com/AlexBurnes/buildfab/examples/step_callbacks_example.go:94.18,96.3 1 0
github.com/AlexBurnes/buildfab/examples/step_callbacks_example.go:100.92,102.2 1 0
github.com/AlexBurnes/buildfab/examples/step_callbacks_example.go:108.81,110.2 0 0
github.com/AlexBurnes/buildfab/examples/step_callbacks_example.go:113.151,115.40 1 0
github.com/AlexBurnes/buildfab/examples/step_callbacks_example.go:115.40,117.3 1 0
github.com/AlexBurnes/buildfab/examples/step_callbacks_example.go:121.97,123.2 0 0
github.com/AlexBurnes/buildfab/examples/step_callbacks_example.go:126.91,128.2 1 0
github.com/AlexBurnes/buildfab/examples/step_callbacks_example.go:130.26,136.16 3 0
github.com/AlexBurnes/buildfab/examples/step_callbacks_example.go:136.16,139.3 2 0
github.com/AlexBurnes/buildfab/examples/step_callbacks_example.go:142.2,152.16 7 0
github.com/AlexBurnes/buildfab/examples/step_callbacks_example.go:152.16,154.3 1 0
github.com/AlexBurnes/buildfab/examples/step_callbacks_example.go:156.2,165.16 7 0
github.com/AlexBurnes/buildfab/examples/step_callbacks_example.go:165.16,167.3 1 0
github.com/AlexBurnes/buildfab/examples/step_callbacks_example.go:169.2,177.16 6 0
github.com/AlexBurnes/buildfab/examples/step_callbacks_example.go:177.16,179.3 1 0
github.com/AlexBurnes/buildfab/examples/step_callbacks_example.go:181.2,189.16 6 0
github.com/AlexBurnes/buildfab/examples/step_callbacks_example.go:189.16,191.3 1 0
github.com/AlexBurnes/buildfab/examples/step_callbacks_example.go:193.2,204.37 7 0
github.com/AlexBurnes/buildfab/examples/step_callbacks_example.go:204.37,207.17 3 0
github.com/AlexBurnes/buildfab/examples/step_callbacks_example.go:207.17,209.4 1 0
github.com/AlexBurnes/buildfab/internal/version/version.go:18.22,20.2 1 4
github.com/AlexBurnes/buildfab/internal/version/version.go:35.78,37.53 1 4
github.com/AlexBurnes/buildfab/internal/version/version.go:37.53,39.3 1 3
github.com/AlexBurnes/buildfab/internal/version/version.go:42.2,42.53 1 1
github.com/AlexBurnes/buildfab/internal/version/version.go:42.53,44.3 1 0
github.com/AlexBurnes/buildfab/internal/version/version.go:47.2,47.23 1 1
github.com/AlexBurnes/buildfab/internal/version/version.go:51.81,56.16 3 2
github.com/AlexBurnes/buildfab/internal/version/version.go:56.16,58.3 1 0
github.com/AlexBurnes/buildfab/internal/version/version.go:59.2,63.16 3 2
github.com/AlexBurnes/buildfab/internal/version/version.go:63.16,65.3 1 0
github.com/AlexBurnes/buildfab/internal/version/version.go:67.2,74.16 6 2
github.com/AlexBurnes/buildfab/internal/version/version.go:74.16,76.3 1 2
github.com/AlexBurnes/buildfab/internal/version/version.go:79.2,80.16 2 2
github.com/AlexBurnes/buildfab/internal/version/version.go:80.16,82.3 1 0
github.com/AlexBurnes/buildfab/internal/version/version.go:85.2,87.18 2 2
github.com/AlexBurnes/buildfab/internal/version/version.go:91.88,93.16 2 1
github.com/AlexBurnes/buildfab/internal/version/version.go:93.16,95.3 1 0
github.com/AlexBurnes/buildfab/internal/version/version.go:97.2,108.23 2 1
github.com/AlexBurnes/buildfab/internal/version/version.go:112.54,114.16 2 4
github.com/AlexBurnes/buildfab/internal/version/version.go:114.16,116.3 1 1
github.com/AlexBurnes/buildfab/internal/version/version.go:118.2,119.19 2 3
github.com/AlexBurnes/buildfab/internal/version/version.go:119.19,121.3 1 0
github.com/AlexBurnes/buildfab/internal/version/version.go:123.2,123.21 1 3
github.com/AlexBurnes/buildfab/internal/version/version.go:127.70,130.16 3 1
github.com/AlexBurnes/buildfab/internal/version/version.go:130.16,132.3 1 1
github.com/AlexBurnes/buildfab/internal/version/version.go:133.2,133.47 1 0
github.com/AlexBurnes/buildfab/internal/version/version.go:137.75,141.16 3 2
github.com/AlexBurnes/buildfab/internal/version/version.go:141.16,145.21 3 2
github.com/AlexBurnes/buildfab/internal/version/version.go:145.21,147.4 1 2
github.com/AlexBurnes/buildfab/internal/version/version.go:151.2,152.16 2 0
github.com/AlexBurnes/buildfab/internal/version/version.go:152.16,154.3 1 0
github.com/AlexBurnes/buildfab/internal/version/version.go:156.2,157.20 2 0
github.com/AlexBurnes/buildfab/internal/version/version.go:157.20,159.3 1 0
github.com/AlexBurnes/buildfab/internal/version/version.go:161.2,161.23 1 0
github.com/AlexBurnes/buildfab/internal/version/version.go:165.73,168.16 3 2
github.com/AlexBurnes/buildfab/internal/version/version.go:168.16,170.3 1 2
github.com/AlexBurnes/buildfab/internal/version/version.go:171.2,171.47 1 0
github.com/AlexBurnes/buildfab/internal/version/version.go:175.45,179.2 1 2
github.com/AlexBurnes/buildfab/internal/version/version.go:182.67,184.16 2 0
github.com/AlexBurnes/buildfab/internal/version/version.go:184.16,186.3 1 0
github.com/AlexBurnes/buildfab/internal/version/version.go:187.2,187.36 1 0
github.com/AlexBurnes/buildfab/cmd/buildfab/main.go:23.26,25.16 2 8
github.com/AlexBurnes/buildfab/cmd/buildfab/main.go:25.16,27.3 1 6
github.com/AlexBurnes/buildfab/cmd/buildfab/main.go:29.2,30.19 2 2
github.com/AlexBurnes/buildfab/cmd/buildfab/main.go:30.19,32.3 1 1
github.com/AlexBurnes/buildfab/cmd/buildfab/main.go:34.2,34.16 1 1
github.com/AlexBurnes/buildfab/cmd/buildfab/main.go:119.13,144.42 18 0
github.com/AlexBurnes/buildfab/cmd/buildfab/main.go:144.42,147.3 2 0
github.com/AlexBurnes/buildfab/cmd/buildfab/main.go:151.55,153.67 1 3
github.com/AlexBurnes/buildfab/cmd/buildfab/main.go:153.67,156.3 2 1
github.com/AlexBurnes/buildfab/cmd/buildfab/main.go:157.2,157.80 1 2
github.com/AlexBurnes/buildfab/cmd/buildfab/main.go:157.80,160.3 2 1
github.com/AlexBurnes/buildfab/cmd/buildfab/main.go:163.2,163.20 1 1
github.com/AlexBurnes/buildfab/cmd/buildfab/main.go:163.20,165.3 1 1
github.com/AlexBurnes/buildfab/cmd/buildfab/main.go:168.2,169.16 2 0
github.com/AlexBurnes/buildfab/cmd/buildfab/main.go:169.16,172.3 1 0
github.com/AlexBurnes/buildfab/cmd/buildfab/main.go:174.2,177.58 2 0
github.com/AlexBurnes/buildfab/cmd/buildfab/main.go:177.58,180.3 1 0
github.com/AlexBurnes/buildfab/cmd/buildfab/main.go:183.2,183.63 1 0
github.com/AlexBurnes/buildfab/cmd/buildfab/main.go:183.63,186.3 1 0
github.com/AlexBurnes/buildfab/cmd/buildfab/main.go:189.2,192.78 4 0
github.com/AlexBurnes/buildfab/cmd/buildfab/main.go:192.78,195.3 1 0
github.com/AlexBurnes/buildfab/cmd/buildfab/main.go:199.2,199.34 1 0
github.com/AlexBurnes/buildfab/cmd/buildfab/main.go:203.62,210.16 4 0
github.com/AlexBurnes/buildfab/cmd/buildfab/main.go:210.16,212.3 1 0
github.com/AlexBurnes/buildfab/cmd/buildfab/main.go:215.2,216.28 2 0
github.com/AlexBurnes/buildfab/cmd/buildfab/main.go:216.28,218.3 1 0
github.com/AlexBurnes/buildfab/cmd/buildfab/main.go:219.2,230.33 7 0
github.com/AlexBurnes/buildfab/cmd/buildfab/main.go:230.33,232.22 2 0
github.com/AlexBurnes/buildfab/cmd/buildfab/main.go:232.22,234.4 1 0
github.com/AlexBurnes/buildfab/cmd/buildfab/main.go:239.2,257.20 4 0
github.com/AlexBurnes/buildfab/cmd/buildfab/main.go:257.20,260.17 3 0
github.com/AlexBurnes/buildfab/cmd/buildfab/main.go:260.17,262.25 1 0
github.com/AlexBurnes/buildfab/cmd/buildfab/main.go:262.25,264.5 1 0
github.com/AlexBurnes/buildfab/cmd/buildfab/main.go:265.4,265.14 1 0
github.com/AlexBurnes/buildfab/cmd/buildfab/main.go:267.3,267.13 1 0
github.com/AlexBurnes/buildfab/cmd/buildfab/main.go:271.2,272.16 2 0
github.com/AlexBurnes/buildfab/cmd/buildfab/main.go:272.16,274.24 1 0
github.com/AlexBurnes/buildfab/cmd/buildfab/main.go:274.24,276.4 1 0
github.com/AlexBurnes/buildfab/cmd/buildfab/main.go:277.3,277.13 1 0
github.com/AlexBurnes/buildfab/cmd/buildfab/main.go:279.2,279.12 1 0
github.com/AlexBurnes/buildfab/cmd/buildfab/main.go:283.63,290.16 4 0
github.com/AlexBurnes/buildfab/cmd/buildfab/main.go:290.16,292.3 1 0
github.com/AlexBurnes/buildfab/cmd/buildfab/main.go:295.2,296.33 2 0
github.com/AlexBurnes/buildfab/cmd/buildfab/main.go:296.33,298.22 2 0
github.com/AlexBurnes/buildfab/cmd/buildfab/main.go:298.22,300.4 1 0
github.com/AlexBurnes/buildfab/cmd/buildfab/main.go:305.2,324.42 5 0
github.com/AlexBurnes/buildfab/cmd/buildfab/main.go:339.56,346.16 4 3
github.com/AlexBurnes/buildfab/cmd/buildfab/main.go:346.16,348.3 1 0
github.com/AlexBurnes/buildfab/cmd/buildfab/main.go:351.2,352.28 2 3
github.com/AlexBurnes/buildfab/cmd/buildfab/main.go:352.28,354.3 1 3
github.com/AlexBurnes/buildfab/cmd/buildfab/main.go:355.2,366.33 7 3
github.com/AlexBurnes/buildfab/cmd/buildfab/main.go:366.33,368.22 2 0
github.com/AlexBurnes/buildfab/cmd/buildfab/main.go:368.22,370.4 1 0
github.com/AlexBurnes/buildfab/cmd/buildfab/main.go:375.2,395.20 4 3
github.com/AlexBurnes/buildfab/cmd/buildfab/main.go:395.20,398.17 3 1
github.com/AlexBurnes/buildfab/cmd/buildfab/main.go:398.17,400.25 1 0
github.com/AlexBurnes/buildfab/cmd/buildfab/main.go:400.25,402.5 1 0
github.com/AlexBurnes/buildfab/cmd/buildfab/main.go:403.4,403.14 1 0
github.com/AlexBurnes/buildfab/cmd/buildfab/main.go:405.3,405.13 1 1
github.com/AlexBurnes/buildfab/cmd/buildfab/main.go:409.2,410.16 2 2
github.com/AlexBurnes/buildfab/cmd/buildfab/main.go:410.16,412.24 1 1
github.com/AlexBurnes/buildfab/cmd/buildfab/main.go:412.24,414.4 1 1
github.com/AlexBurnes/buildfab/cmd/buildfab/main.go:415.3,415.13 1 0
github.com/AlexBurnes/buildfab/cmd/buildfab/main.go:417.2,417.12 1 1
github.com/AlexBurnes/buildfab/cmd/buildfab/main.go:421.57,428.16 4 3
github.com/AlexBurnes/buildfab/cmd/buildfab/main.go:428.16,430.3 1 0
github.com/AlexBurnes/buildfab/cmd/buildfab/main.go:433.2,434.33 2 3
github.com/AlexBurnes/buildfab/cmd/buildfab/main.go:434.33,436.22 2 0
github.com/AlexBurnes/buildfab/cmd/buildfab/main.go:436.22,438.4 1 0
github.com/AlexBurnes/buildfab/cmd/buildfab/main.go:443.2,462.42 5 3
github.com/AlexBurnes/buildfab/cmd/buildfab/main.go:466.62,469.16 2 1
github.com/AlexBurnes/buildfab/cmd/buildfab/main.go:469.16,471.3 1 0
github.com/AlexBurnes/buildfab/cmd/buildfab/main.go:474.2,482.26 6 1
github.com/AlexBurnes/buildfab/cmd/buildfab/main.go:482.26,484.38 2 1
github.com/AlexBurnes/buildfab/cmd/buildfab/main.go:484.38,486.25 2 2
github.com/AlexBurnes/buildfab/cmd/buildfab/main.go:486.25,488.5 1 1
github.com/AlexBurnes/buildfab/cmd/buildfab/main.go:488.10,488.31 1 1
github.com/AlexBurnes/buildfab/cmd/buildfab/main.go:488.31,490.5 1 1
github.com/AlexBurnes/buildfab/cmd/buildfab/main.go:491.4,491.56 1 2
github.com/AlexBurnes/buildfab/cmd/buildfab/main.go:493.3,493.16 1 1
github.com/AlexBurnes/buildfab/cmd/buildfab/main.go:497.2,498.48 2 1
github.com/AlexBurnes/buildfab/cmd/buildfab/main.go:498.48,500.3 1 5
github.com/AlexBurnes/buildfab/cmd/buildfab/main.go:502.2,502.12 1 1
github.com/AlexBurnes/buildfab/cmd/buildfab/main.go:506.59,509.16 2 1
github.com/AlexBurnes/buildfab/cmd/buildfab/main.go:509.16,511.3 1 0
github.com/AlexBurnes/buildfab/cmd/buildfab/main.go:513.2,518.12 5 1
github.com/AlexBurnes/buildfab/cmd/buildfab/main.go:522.61,525.16 2 1
github.com/AlexBurnes/buildfab/cmd/buildfab/main.go:525.16,527.3 1 0
github.com/AlexBurnes/buildfab/cmd/buildfab/main.go:529.2,532.26 3 1
github.com/AlexBurnes/buildfab/cmd/buildfab/main.go:532.26,535.3 2 0
github.com/AlexBurnes/buildfab/cmd/buildfab/main.go:537.2,537.38 1 1
github.com/AlexBurnes/buildfab/cmd/buildfab/main.go:537.38,541.3 3 2
github.com/AlexBurnes/buildfab/cmd/buildfab/main.go:543.2,543.12 1 1
github.com/AlexBurnes/buildfab/cmd/buildfab/main.go:547.60,550.16 2 2
github.com/AlexBurnes/buildfab/cmd/buildfab/main.go:550.16,552.3 1 0
github.com/AlexBurnes/buildfab/cmd/buildfab/main.go:554.2,558.13 3 2
github.com/AlexBurnes/buildfab/cmd/buildfab/main.go:558.13,560.3 1 1
github.com/AlexBurnes/buildfab/cmd/buildfab/main.go:562.2,565.27 3 1
github.com/AlexBurnes/buildfab/cmd/buildfab/main.go:565.27,568.3 2 0
github.com/AlexBurnes/buildfab/cmd/buildfab/main.go:570.2,570.35 1 1
github.com/AlexBurnes/buildfab/cmd/buildfab/main.go:570.35,572.20 2 2
github.com/AlexBurnes/buildfab/cmd/buildfab/main.go:572.20,574.4 1 1
github.com/AlexBurnes/buildfab/cmd/buildfab/main.go:575.3,575.25 1 2
github.com/AlexBurnes/buildfab/cmd/buildfab/main.go:575.25,577.4 1 1
github.com/AlexBurnes/buildfab/cmd/buildfab/main.go:578.3,578.65 1 2
github.com/AlexBurnes/buildfab/cmd/buildfab/main.go:581.2,581.12 1 1
github.com/AlexBurnes/buildfab/pkg/buildfab/actions.go:18.56,31.2 7 22
github.com/AlexBurnes/buildfab/pkg/buildfab/actions.go:34.76,36.2 1 110
github.com/AlexBurnes/buildfab/pkg/buildfab/actions.go:39.77,42.2 2 21
github.com/AlexBurnes/buildfab/pkg/buildfab/actions.go:45.65,47.38 2 2
github.com/AlexBurnes/buildfab/pkg/buildfab/actions.go:47.38,49.3 1 10
github.com/AlexBurnes/buildfab/pkg/buildfab/actions.go:50.2,50.16 1 2
github.com/AlexBurnes/buildfab/pkg/buildfab/actions.go:56.71,59.16 3 0
github.com/AlexBurnes/buildfab/pkg/buildfab/actions.go:59.16,64.3 1 0
github.com/AlexBurnes/buildfab/pkg/buildfab/actions.go:66.2,69.29 3 0
github.com/AlexBurnes/buildfab/pkg/buildfab/actions.go:69.29,70.41 1 0
github.com/AlexBurnes/buildfab/pkg/buildfab/actions.go:70.41,72.4 1 0
github.com/AlexBurnes/buildfab/pkg/buildfab/actions.go:75.2,75.24 1 0
github.com/AlexBurnes/buildfab/pkg/buildfab/actions.go:75.24,80.3 1 0
github.com/AlexBurnes/buildfab/pkg/buildfab/actions.go:82.2,85.8 1 0
github.com/AlexBurnes/buildfab/pkg/buildfab/actions.go:88.51,90.2 1 3
github.com/AlexBurnes/buildfab/pkg/buildfab/actions.go:95.73,98.16 3 0
github.com/AlexBurnes/buildfab/pkg/buildfab/actions.go:98.16,103.3 1 0
github.com/AlexBurnes/buildfab/pkg/buildfab/actions.go:105.2,108.29 3 0
github.com/AlexBurnes/buildfab/pkg/buildfab/actions.go:108.29,109.123 1 0
github.com/AlexBurnes/buildfab/pkg/buildfab/actions.go:109.123,111.4 1 0
github.com/AlexBurnes/buildfab/pkg/buildfab/actions.go:114.2,114.26 1 0
github.com/AlexBurnes/buildfab/pkg/buildfab/actions.go:114.26,119.3 1 0
github.com/AlexBurnes/buildfab/pkg/buildfab/actions.go:121.2,124.8 1 0
github.com/AlexBurnes/buildfab/pkg/buildfab/actions.go:127.53,129.2 1 3
github.com/AlexBurnes/buildfab/pkg/buildfab/actions.go:134.70,137.16 3 0
github.com/AlexBurnes/buildfab/pkg/buildfab/actions.go:137.16,142.3 1 0
github.com/AlexBurnes/buildfab/pkg/buildfab/actions.go:144.2,147.29 3 0
github.com/AlexBurnes/buildfab/pkg/buildfab/actions.go:147.29,148.17 1 0
github.com/AlexBurnes/buildfab/pkg/buildfab/actions.go:148.17,150.4 1 0
github.com/AlexBurnes/buildfab/pkg/buildfab/actions.go:153.2,153.23 1 0
github.com/AlexBurnes/buildfab/pkg/buildfab/actions.go:153.23,158.3 1 0
github.com/AlexBurnes/buildfab/pkg/buildfab/actions.go:160.2,163.8 1 0
github.com/AlexBurnes/buildfab/pkg/buildfab/actions.go:166.50,168.2 1 3
github.com/AlexBurnes/buildfab/pkg/buildfab/actions.go:173.71,176.16 2 3
github.com/AlexBurnes/buildfab/pkg/buildfab/actions.go:176.16,181.3 1 3
github.com/AlexBurnes/buildfab/pkg/buildfab/actions.go:183.2,184.19 2 0
github.com/AlexBurnes/buildfab/pkg/buildfab/actions.go:184.19,189.3 1 0
github.com/AlexBurnes/buildfab/pkg/buildfab/actions.go:192.2,192.30 1 0
github.com/AlexBurnes/buildfab/pkg/buildfab/actions.go:192.30,197.3 1 0
github.com/AlexBurnes/buildfab/pkg/buildfab/actions.go:199.2,202.8 1 0
github.com/AlexBurnes/buildfab/pkg/buildfab/actions.go:205.51,207.2 1 3
github.com/AlexBurnes/buildfab/pkg/buildfab/actions.go:212.79,215.16 2 1
github.com/AlexBurnes/buildfab/pkg/buildfab/actions.go:215.16,220.3 1 1
github.com/AlexBurnes/buildfab/pkg/buildfab/actions.go:222.2,227.16 4 0
github.com/AlexBurnes/buildfab/pkg/buildfab/actions.go:227.16,232.3 1 0
github.com/AlexBurnes/buildfab/pkg/buildfab/actions.go:234.2,235.57 2 0
github.com/AlexBurnes/buildfab/pkg/buildfab/actions.go:235.57,240.3 1 0
github.com/AlexBurnes/buildfab/pkg/buildfab/actions.go:243.2,245.35 2 0
github.com/AlexBurnes/buildfab/pkg/buildfab/actions.go:245.35,250.3 1 0
github.com/AlexBurnes/buildfab/pkg/buildfab/actions.go:252.2,255.54 1 0
github.com/AlexBurnes/buildfab/pkg/buildfab/actions.go:258.59,260.2 1 3
github.com/AlexBurnes/buildfab/pkg/buildfab/actions.go:263.42,265.38 1 12
github.com/AlexBurnes/buildfab/pkg/buildfab/actions.go:265.38,267.3 1 2
github.com/AlexBurnes/buildfab/pkg/buildfab/actions.go:270.2,273.37 2 10
github.com/AlexBurnes/buildfab/pkg/buildfab/actions.go:273.37,275.3 1 2
github.com/AlexBurnes/buildfab/pkg/buildfab/actions.go:278.2,279.20 2 8
github.com/AlexBurnes/buildfab/pkg/buildfab/actions.go:279.20,281.3 1 1
github.com/AlexBurnes/buildfab/pkg/buildfab/actions.go:284.2,284.29 1 7
github.com/AlexBurnes/buildfab/pkg/buildfab/actions.go:284.29,285.17 1 21
github.com/AlexBurnes/buildfab/pkg/buildfab/actions.go:285.17,287.4 1 2
github.com/AlexBurnes/buildfab/pkg/buildfab/actions.go:289.3,289.32 1 19
github.com/AlexBurnes/buildfab/pkg/buildfab/actions.go:289.32,291.4 1 0
github.com/AlexBurnes/buildfab/pkg/buildfab/actions.go:294.2,294.13 1 5
github.com/AlexBurnes/buildfab/pkg/buildfab/actions.go:298.43,300.21 1 31
github.com/AlexBurnes/buildfab/pkg/buildfab/actions.go:300.21,302.3 1 18
github.com/AlexBurnes/buildfab/pkg/buildfab/actions.go:305.2,307.69 2 13
github.com/AlexBurnes/buildfab/pkg/buildfab/actions.go:307.69,309.3 1 10
github.com/AlexBurnes/buildfab/pkg/buildfab/actions.go:311.2,311.14 1 3
github.com/AlexBurnes/buildfab/pkg/buildfab/actions.go:315.31,316.13 1 39
github.com/AlexBurnes/buildfab/pkg/buildfab/actions.go:316.13,318.3 1 2
github.com/AlexBurnes/buildfab/pkg/buildfab/actions.go:319.2,319.22 1 37
github.com/AlexBurnes/buildfab/pkg/buildfab/actions.go:319.22,320.25 1 48
github.com/AlexBurnes/buildfab/pkg/buildfab/actions.go:320.25,322.4 1 16
github.com/AlexBurnes/buildfab/pkg/buildfab/actions.go:324.2,324.13 1 21
github.com/AlexBurnes/buildfab/pkg/buildfab/buildfab.go:71.33,72.11 1 7
github.com/AlexBurnes/buildfab/pkg/buildfab/buildfab.go:73.21,74.19 1 1
github.com/AlexBurnes/buildfab/pkg/buildfab/buildfab.go:75.21,76.19 1 1
github.com/AlexBurnes/buildfab/pkg/buildfab/buildfab.go:77.16,78.14 1 1
github.com/AlexBurnes/buildfab/pkg/buildfab/buildfab.go:79.18,80.16 1 1
github.com/AlexBurnes/buildfab/pkg/buildfab/buildfab.go:81.19,82.17 1 1
github.com/AlexBurnes/buildfab/pkg/buildfab/buildfab.go:83.21,84.19 1 1
github.com/AlexBurnes/buildfab/pkg/buildfab/buildfab.go:85.10,86.19 1 1
github.com/AlexBurnes/buildfab/pkg/buildfab/buildfab.go:106.38,119.2 1 17
github.com/AlexBurnes/buildfab/pkg/buildfab/buildfab.go:141.58,143.2 1 20
github.com/AlexBurnes/buildfab/pkg/buildfab/buildfab.go:146.95,147.17 1 21
github.com/AlexBurnes/buildfab/pkg/buildfab/buildfab.go:147.17,149.3 1 9
github.com/AlexBurnes/buildfab/pkg/buildfab/buildfab.go:150.2,154.3 1 21
github.com/AlexBurnes/buildfab/pkg/buildfab/buildfab.go:158.72,160.13 2 4
github.com/AlexBurnes/buildfab/pkg/buildfab/buildfab.go:160.13,162.3 1 1
github.com/AlexBurnes/buildfab/pkg/buildfab/buildfab.go:167.2,167.43 1 3
github.com/AlexBurnes/buildfab/pkg/buildfab/buildfab.go:171.74,173.64 1 12
github.com/AlexBurnes/buildfab/pkg/buildfab/buildfab.go:173.64,175.33 1 0
github.com/AlexBurnes/buildfab/pkg/buildfab/buildfab.go:175.33,177.4 1 0
github.com/AlexBurnes/buildfab/pkg/buildfab/buildfab.go:179.3,184.33 4 0
github.com/AlexBurnes/buildfab/pkg/buildfab/buildfab.go:184.33,188.18 3 0
github.com/AlexBurnes/buildfab/pkg/buildfab/buildfab.go:188.18,192.5 3 0
github.com/AlexBurnes/buildfab/pkg/buildfab/buildfab.go:194.4,194.82 1 0
github.com/AlexBurnes/buildfab/pkg/buildfab/buildfab.go:197.3,197.13 1 0
github.com/AlexBurnes/buildfab/pkg/buildfab/buildfab.go:201.2,202.13 2 12
github.com/AlexBurnes/buildfab/pkg/buildfab/buildfab.go:202.13,204.3 1 2
github.com/AlexBurnes/buildfab/pkg/buildfab/buildfab.go:207.2,207.32 1 10
github.com/AlexBurnes/buildfab/pkg/buildfab/buildfab.go:207.32,209.3 1 5
github.com/AlexBurnes/buildfab/pkg/buildfab/buildfab.go:211.2,216.32 4 10
github.com/AlexBurnes/buildfab/pkg/buildfab/buildfab.go:216.32,220.17 3 5
github.com/AlexBurnes/buildfab/pkg/buildfab/buildfab.go:220.17,224.4 3 1
github.com/AlexBurnes/buildfab/pkg/buildfab/buildfab.go:226.3,226.81 1 5
github.com/AlexBurnes/buildfab/pkg/buildfab/buildfab.go:229.2,229.12 1 10
github.com/AlexBurnes/buildfab/pkg/buildfab/buildfab.go:233.86,235.13 2 5
github.com/AlexBurnes/buildfab/pkg/buildfab/buildfab.go:235.13,237.3 1 1
github.com/AlexBurnes/buildfab/pkg/buildfab/buildfab.go:240.2,241.35 2 4
github.com/AlexBurnes/buildfab/pkg/buildfab/buildfab.go:241.35,242.30 1 5
github.com/AlexBurnes/buildfab/pkg/buildfab/buildfab.go:242.30,244.9 2 3
github.com/AlexBurnes/buildfab/pkg/buildfab/buildfab.go:248.2,248.23 1 4
github.com/AlexBurnes/buildfab/pkg/buildfab/buildfab.go:248.23,250.3 1 1
github.com/AlexBurnes/buildfab/pkg/buildfab/buildfab.go:253.2,254.13 2 3
github.com/AlexBurnes/buildfab/pkg/buildfab/buildfab.go:254.13,256.3 1 0
github.com/AlexBurnes/buildfab/pkg/buildfab/buildfab.go:259.2,259.32 1 3
github.com/AlexBurnes/buildfab/pkg/buildfab/buildfab.go:259.32,261.3 1 2
github.com/AlexBurnes/buildfab/pkg/buildfab/buildfab.go:263.2,268.32 4 3
github.com/AlexBurnes/buildfab/pkg/buildfab/buildfab.go:268.32,272.17 3 2
github.com/AlexBurnes/buildfab/pkg/buildfab/buildfab.go:272.17,276.4 3 0
github.com/AlexBurnes/buildfab/pkg/buildfab/buildfab.go:278.3,278.79 1 2
github.com/AlexBurnes/buildfab/pkg/buildfab/buildfab.go:281.2,281.12 1 3
github.com/AlexBurnes/buildfab/pkg/buildfab/buildfab.go:285.55,292.20 1 3
github.com/AlexBurnes/buildfab/pkg/buildfab/buildfab.go:292.20,294.3 1 1
github.com/AlexBurnes/buildfab/pkg/buildfab/buildfab.go:297.2,300.17 2 2
github.com/AlexBurnes/buildfab/pkg/buildfab/buildfab.go:301.13,302.20 1 1
github.com/AlexBurnes/buildfab/pkg/buildfab/buildfab.go:302.20,304.4 1 1
github.com/AlexBurnes/buildfab/pkg/buildfab/buildfab.go:305.16,306.20 1 0
github.com/AlexBurnes/buildfab/pkg/buildfab/buildfab.go:306.20,308.4 1 0
github.com/AlexBurnes/buildfab/pkg/buildfab/buildfab.go:309.10,310.52 1 1
github.com/AlexBurnes/buildfab/pkg/buildfab/buildfab.go:314.2,315.27 2 0
github.com/AlexBurnes/buildfab/pkg/buildfab/buildfab.go:315.27,316.39 1 0
github.com/AlexBurnes/buildfab/pkg/buildfab/buildfab.go:316.39,317.23 1 0
github.com/AlexBurnes/buildfab/pkg/buildfab/buildfab.go:317.23,319.5 1 0
github.com/AlexBurnes/buildfab/pkg/buildfab/buildfab.go:320.4,320.9 1 0
github.com/AlexBurnes/buildfab/pkg/buildfab/buildfab.go:325.2,326.16 2 0
github.com/AlexBurnes/buildfab/pkg/buildfab/buildfab.go:326.16,328.3 1 0
github.com/AlexBurnes/buildfab/pkg/buildfab/buildfab.go:331.2,338.17 4 0
github.com/AlexBurnes/buildfab/pkg/buildfab/buildfab.go:339.13,341.41 2 0
github.com/AlexBurnes/buildfab/pkg/buildfab/buildfab.go:343.16,345.43 2 0
github.com/AlexBurnes/buildfab/pkg/buildfab/buildfab.go:347.10,348.52 1 0
github.com/AlexBurnes/buildfab/pkg/buildfab/buildfab.go:353.47,355.2 1 0
github.com/AlexBurnes/buildfab/pkg/buildfab/buildfab.go:358.56,359.35 1 22
github.com/AlexBurnes/buildfab/pkg/buildfab/buildfab.go:359.35,360.26 1 24
github.com/AlexBurnes/buildfab/pkg/buildfab/buildfab.go:360.26,362.4 1 19
github.com/AlexBurnes/buildfab/pkg/buildfab/buildfab.go:364.2,364.24 1 3
github.com/AlexBurnes/buildfab/pkg/buildfab/buildfab.go:368.54,371.2 2 18
github.com/AlexBurnes/buildfab/pkg/buildfab/buildfab.go:374.57,375.23 1 2
github.com/AlexBurnes/buildfab/pkg/buildfab/buildfab.go:375.23,377.3 1 1
github.com/AlexBurnes/buildfab/pkg/buildfab/buildfab.go:378.2,378.33 1 1
github.com/AlexBurnes/buildfab/pkg/buildfab/buildfab.go:382.35,383.26 1 12
github.com/AlexBurnes/buildfab/pkg/buildfab/buildfab.go:383.26,385.3 1 1
github.com/AlexBurnes/buildfab/pkg/buildfab/buildfab.go:387.2,387.25 1 11
github.com/AlexBurnes/buildfab/pkg/buildfab/buildfab.go:387.25,389.3 1 1
github.com/AlexBurnes/buildfab/pkg/buildfab/buildfab.go:392.2,393.35 2 10
github.com/AlexBurnes/buildfab/pkg/buildfab/buildfab.go:393.35,394.24 1 11
github.com/AlexBurnes/buildfab/pkg/buildfab/buildfab.go:394.24,396.4 1 1
github.com/AlexBurnes/buildfab/pkg/buildfab/buildfab.go:398.3,398.44 1 10
github.com/AlexBurnes/buildfab/pkg/buildfab/buildfab.go:398.44,400.4 1 1
github.com/AlexBurnes/buildfab/pkg/buildfab/buildfab.go:402.3,402.44 1 9
github.com/AlexBurnes/buildfab/pkg/buildfab/buildfab.go:402.44,404.4 1 1
github.com/AlexBurnes/buildfab/pkg/buildfab/buildfab.go:406.3,406.31 1 8
github.com/AlexBurnes/buildfab/pkg/buildfab/buildfab.go:406.31,408.4 1 1
github.com/AlexBurnes/buildfab/pkg/buildfab/buildfab.go:409.3,409.34 1 7
github.com/AlexBurnes/buildfab/pkg/buildfab/buildfab.go:413.2,413.41 1 6
github.com/AlexBurnes/buildfab/pkg/buildfab/buildfab.go:413.41,414.28 1 6
github.com/AlexBurnes/buildfab/pkg/buildfab/buildfab.go:414.28,416.4 1 1
github.com/AlexBurnes/buildfab/pkg/buildfab/buildfab.go:418.3,418.36 1 5
github.com/AlexBurnes/buildfab/pkg/buildfab/buildfab.go:418.36,419.25 1 5
github.com/AlexBurnes/buildfab/pkg/buildfab/buildfab.go:419.25,421.5 1 1
github.com/AlexBurnes/buildfab/pkg/buildfab/buildfab.go:423.4,423.33 1 4
github.com/AlexBurnes/buildfab/pkg/buildfab/buildfab.go:423.33,425.5 1 1
github.com/AlexBurnes/buildfab/pkg/buildfab/buildfab.go:427.4,427.78 1 3
github.com/AlexBurnes/buildfab/pkg/buildfab/buildfab.go:427.78,429.5 1 1
github.com/AlexBurnes/buildfab/pkg/buildfab/buildfab.go:432.4,432.40 1 2
github.com/AlexBurnes/buildfab/pkg/buildfab/buildfab.go:432.40,433.132 1 1
github.com/AlexBurnes/buildfab/pkg/buildfab/buildfab.go:433.132,435.6 1 1
github.com/AlexBurnes/buildfab/pkg/buildfab/buildfab.go:440.2,440.12 1 1
github.com/AlexBurnes/buildfab/pkg/buildfab/buildfab.go:444.80,449.16 3 3
github.com/AlexBurnes/buildfab/pkg/buildfab/buildfab.go:449.16,451.3 1 0
github.com/AlexBurnes/buildfab/pkg/buildfab/buildfab.go:454.2,457.33 2 3
github.com/AlexBurnes/buildfab/pkg/buildfab/buildfab.go:457.33,458.35 1 4
github.com/AlexBurnes/buildfab/pkg/buildfab/buildfab.go:458.35,460.35 1 1
github.com/AlexBurnes/buildfab/pkg/buildfab/buildfab.go:460.35,461.35 1 2
github.com/AlexBurnes/buildfab/pkg/buildfab/buildfab.go:461.35,462.32 1 1
github.com/AlexBurnes/buildfab/pkg/buildfab/buildfab.go:462.32,464.25 1 1
github.com/AlexBurnes/buildfab/pkg/buildfab/buildfab.go:464.25,466.8 1 1
github.com/AlexBurnes/buildfab/pkg/buildfab/buildfab.go:467.7,467.15 1 1
github.com/AlexBurnes/buildfab/pkg/buildfab/buildfab.go:470.6,470.72 1 0
github.com/AlexBurnes/buildfab/pkg/buildfab/buildfab.go:476.2,476.12 1 3
github.com/AlexBurnes/buildfab/pkg/buildfab/buildfab.go:496.75,502.31 4 4
github.com/AlexBurnes/buildfab/pkg/buildfab/buildfab.go:502.31,503.30 1 5
github.com/AlexBurnes/buildfab/pkg/buildfab/buildfab.go:503.30,505.9 2 4
github.com/AlexBurnes/buildfab/pkg/buildfab/buildfab.go:509.2,509.21 1 4
github.com/AlexBurnes/buildfab/pkg/buildfab/buildfab.go:509.21,511.3 1 0
github.com/AlexBurnes/buildfab/pkg/buildfab/buildfab.go:515.2,515.33 1 4
github.com/AlexBurnes/buildfab/pkg/buildfab/buildfab.go:515.33,516.38 1 1
github.com/AlexBurnes/buildfab/pkg/buildfab/buildfab.go:516.38,518.4 1 1
github.com/AlexBurnes/buildfab/pkg/buildfab/buildfab.go:522.2,522.27 1 3
github.com/AlexBurnes/buildfab/pkg/buildfab/buildfab.go:522.27,524.3 1 0
github.com/AlexBurnes/buildfab/pkg/buildfab/buildfab.go:526.2,526.13 1 3
github.com/AlexBurnes/buildfab/pkg/buildfab/buildfab.go:530.76,536.31 4 0
github.com/AlexBurnes/buildfab/pkg/buildfab/buildfab.go:536.31,537.30 1 0
github.com/AlexBurnes/buildfab/pkg/buildfab/buildfab.go:537.30,539.9 2 0
github.com/AlexBurnes/buildfab/pkg/buildfab/buildfab.go:543.2,543.21 1 0
github.com/AlexBurnes/buildfab/pkg/buildfab/buildfab.go:543.21,545.3 1 0
github.com/AlexBurnes/buildfab/pkg/buildfab/buildfab.go:548.2,548.33 1 0
github.com/AlexBurnes/buildfab/pkg/buildfab/buildfab.go:548.33,549.36 1 0
github.com/AlexBurnes/buildfab/pkg/buildfab/buildfab.go:549.36,551.4 1 0
github.com/AlexBurnes/buildfab/pkg/buildfab/buildfab.go:554.2,554.13 1 0
github.com/AlexBurnes/buildfab/pkg/buildfab/buildfab.go:558.67,562.2 3 0
github.com/AlexBurnes/buildfab/pkg/buildfab/buildfab.go:565.70,569.29 2 3
github.com/AlexBurnes/buildfab/pkg/buildfab/buildfab.go:569.29,571.14 2 4
github.com/AlexBurnes/buildfab/pkg/buildfab/buildfab.go:571.14,573.4 1 0
github.com/AlexBurnes/buildfab/pkg/buildfab/buildfab.go:575.3,582.26 2 4
github.com/AlexBurnes/buildfab/pkg/buildfab/buildfab.go:586.2,586.27 1 3
github.com/AlexBurnes/buildfab/pkg/buildfab/buildfab.go:586.27,587.41 1 4
github.com/AlexBurnes/buildfab/pkg/buildfab/buildfab.go:587.41,588.43 1 0
github.com/AlexBurnes/buildfab/pkg/buildfab/buildfab.go:588.43,590.5 1 0
github.com/AlexBurnes/buildfab/pkg/buildfab/buildfab.go:590.10,592.5 1 0
github.com/AlexBurnes/buildfab/pkg/buildfab/buildfab.go:597.2,597.44 1 3
github.com/AlexBurnes/buildfab/pkg/buildfab/buildfab.go:597.44,599.3 1 0
github.com/AlexBurnes/buildfab/pkg/buildfab/buildfab.go:601.2,601.17 1 3
github.com/AlexBurnes/buildfab/pkg/buildfab/buildfab.go:605.62,610.36 4 3
github.com/AlexBurnes/buildfab/pkg/buildfab/buildfab.go:610.36,611.25 1 4
github.com/AlexBurnes/buildfab/pkg/buildfab/buildfab.go:611.25,613.4 1 0
github.com/AlexBurnes/buildfab/pkg/buildfab/buildfab.go:614.3,614.24 1 4
github.com/AlexBurnes/buildfab/pkg/buildfab/buildfab.go:614.24,616.4 1 0
github.com/AlexBurnes/buildfab/pkg/buildfab/buildfab.go:618.3,620.16 3 4
github.com/AlexBurnes/buildfab/pkg/buildfab/buildfab.go:620.16,620.46 1 4
github.com/AlexBurnes/buildfab/pkg/buildfab/buildfab.go:622.3,623.41 2 4
github.com/AlexBurnes/buildfab/pkg/buildfab/buildfab.go:623.41,624.35 1 0
github.com/AlexBurnes/buildfab/pkg/buildfab/buildfab.go:624.35,626.5 1 0
github.com/AlexBurnes/buildfab/pkg/buildfab/buildfab.go:629.3,629.13 1 4
github.com/AlexBurnes/buildfab/pkg/buildfab/buildfab.go:632.2,632.28 1 3
github.com/AlexBurnes/buildfab/pkg/buildfab/buildfab.go:632.28,633.25 1 4
github.com/AlexBurnes/buildfab/pkg/buildfab/buildfab.go:633.25,634.40 1 4
github.com/AlexBurnes/buildfab/pkg/buildfab/buildfab.go:634.40,636.5 1 0
github.com/AlexBurnes/buildfab/pkg/buildfab/buildfab.go:640.2,640.12 1 3
github.com/AlexBurnes/buildfab/pkg/buildfab/buildfab.go:644.127,672.12 13 3
github.com/AlexBurnes/buildfab/pkg/buildfab/buildfab.go:672.12,674.34 2 3
github.com/AlexBurnes/buildfab/pkg/buildfab/buildfab.go:674.34,681.36 6 4
github.com/AlexBurnes/buildfab/pkg/buildfab/buildfab.go:681.36,683.5 1 1
github.com/AlexBurnes/buildfab/pkg/buildfab/buildfab.go:684.4,690.83 3 4
github.com/AlexBurnes/buildfab/pkg/buildfab/buildfab.go:695.2,695.12 1 3
github.com/AlexBurnes/buildfab/pkg/buildfab/buildfab.go:695.12,696.16 1 3
github.com/AlexBurnes/buildfab/pkg/buildfab/buildfab.go:696.16,698.8 1 3
github.com/AlexBurnes/buildfab/pkg/buildfab/buildfab.go:698.8,701.31 3 6
github.com/AlexBurnes/buildfab/pkg/buildfab/buildfab.go:701.31,702.29 1 7
github.com/AlexBurnes/buildfab/pkg/buildfab/buildfab.go:702.29,704.12 2 3
github.com/AlexBurnes/buildfab/pkg/buildfab/buildfab.go:707.5,709.16 2 6
github.com/AlexBurnes/buildfab/pkg/buildfab/buildfab.go:709.16,710.11 1 3
github.com/AlexBurnes/buildfab/pkg/buildfab/buildfab.go:714.5,714.12 1 3
github.com/AlexBurnes/buildfab/pkg/buildfab/buildfab.go:715.20,717.12 2 0
github.com/AlexBurnes/buildfab/pkg/buildfab/buildfab.go:718.46,718.46 0 3
github.com/AlexBurnes/buildfab/pkg/buildfab/buildfab.go:722.4,722.21 1 3
github.com/AlexBurnes/buildfab/pkg/buildfab/buildfab.go:725.3,725.7 1 3
github.com/AlexBurnes/buildfab/pkg/buildfab/buildfab.go:725.7,727.11 1 6
github.com/AlexBurnes/buildfab/pkg/buildfab/buildfab.go:728.19,729.11 1 0
github.com/AlexBurnes/buildfab/pkg/buildfab/buildfab.go:730.12,730.12 0 6
github.com/AlexBurnes/buildfab/pkg/buildfab/buildfab.go:734.4,738.28 4 6
github.com/AlexBurnes/buildfab/pkg/buildfab/buildfab.go:738.28,742.31 3 3
github.com/AlexBurnes/buildfab/pkg/buildfab/buildfab.go:742.31,743.54 1 4
github.com/AlexBurnes/buildfab/pkg/buildfab/buildfab.go:743.54,745.12 2 0
github.com/AlexBurnes/buildfab/pkg/buildfab/buildfab.go:748.5,750.16 2 3
github.com/AlexBurnes/buildfab/pkg/buildfab/buildfab.go:750.16,751.11 1 3
github.com/AlexBurnes/buildfab/pkg/buildfab/buildfab.go:755.5,755.12 1 0
github.com/AlexBurnes/buildfab/pkg/buildfab/buildfab.go:756.20,757.12 1 0
github.com/AlexBurnes/buildfab/pkg/buildfab/buildfab.go:758.46,758.46 0 0
github.com/AlexBurnes/buildfab/pkg/buildfab/buildfab.go:761.5,761.13 1 0
github.com/AlexBurnes/buildfab/pkg/buildfab/buildfab.go:765.4,765.40 1 3
github.com/AlexBurnes/buildfab/pkg/buildfab/buildfab.go:765.40,767.12 1 4
github.com/AlexBurnes/buildfab/pkg/buildfab/buildfab.go:768.20,769.12 1 0
github.com/AlexBurnes/buildfab/pkg/buildfab/buildfab.go:770.13,770.13 0 4
github.com/AlexBurnes/buildfab/pkg/buildfab/buildfab.go:774.5,781.44 5 4
github.com/AlexBurnes/buildfab/pkg/buildfab/buildfab.go:781.44,788.13 3 0
github.com/AlexBurnes/buildfab/pkg/buildfab/buildfab.go:789.32,789.32 0 0
github.com/AlexBurnes/buildfab/pkg/buildfab/buildfab.go:790.21,791.13 1 0
github.com/AlexBurnes/buildfab/pkg/buildfab/buildfab.go:793.6,793.14 1 0
github.com/AlexBurnes/buildfab/pkg/buildfab/buildfab.go:797.5,797.45 1 4
github.com/AlexBurnes/buildfab/pkg/buildfab/buildfab.go:797.45,802.50 3 4
github.com/AlexBurnes/buildfab/pkg/buildfab/buildfab.go:802.50,804.7 1 1
github.com/AlexBurnes/buildfab/pkg/buildfab/buildfab.go:806.6,806.13 1 4
github.com/AlexBurnes/buildfab/pkg/buildfab/buildfab.go:807.32,807.32 0 4
github.com/AlexBurnes/buildfab/pkg/buildfab/buildfab.go:808.21,809.13 1 0
github.com/AlexBurnes/buildfab/pkg/buildfab/buildfab.go:814.5,814.84 1 4
github.com/AlexBurnes/buildfab/pkg/buildfab/buildfab.go:819.2,824.21 3 3
github.com/AlexBurnes/buildfab/pkg/buildfab/buildfab.go:828.185,830.29 1 8
github.com/AlexBurnes/buildfab/pkg/buildfab/buildfab.go:830.29,831.30 1 9
github.com/AlexBurnes/buildfab/pkg/buildfab/buildfab.go:831.30,833.55 1 6
github.com/AlexBurnes/buildfab/pkg/buildfab/buildfab.go:833.55,835.60 1 6
github.com/AlexBurnes/buildfab/pkg/buildfab/buildfab.go:835.60,838.6 2 3
github.com/AlexBurnes/buildfab/pkg/buildfab/buildfab.go:841.5,841.31 1 6
github.com/AlexBurnes/buildfab/pkg/buildfab/buildfab.go:841.31,843.6 1 1
github.com/AlexBurnes/buildfab/pkg/buildfab/buildfab.go:844.5,844.10 1 6
github.com/AlexBurnes/buildfab/pkg/buildfab/buildfab.go:851.172,853.29 1 5
github.com/AlexBurnes/buildfab/pkg/buildfab/buildfab.go:853.29,854.30 1 7
github.com/AlexBurnes/buildfab/pkg/buildfab/buildfab.go:854.30,856.55 1 5
github.com/AlexBurnes/buildfab/pkg/buildfab/buildfab.go:856.55,859.77 1 4
github.com/AlexBurnes/buildfab/pkg/buildfab/buildfab.go:859.77,861.78 1 4
github.com/AlexBurnes/buildfab/pkg/buildfab/buildfab.go:861.78,863.7 1 1
github.com/AlexBurnes/buildfab/pkg/buildfab/buildfab.go:865.6,865.36 1 4
github.com/AlexBurnes/buildfab/pkg/buildfab/buildfab.go:865.36,869.38 3 3
github.com/AlexBurnes/buildfab/pkg/buildfab/buildfab.go:869.38,872.8 2 0
github.com/AlexBurnes/buildfab/pkg/buildfab/buildfab.go:872.13,872.46 1 3
github.com/AlexBurnes/buildfab/pkg/buildfab/buildfab.go:872.46,875.8 2 1
github.com/AlexBurnes/buildfab/pkg/buildfab/buildfab.go:875.13,875.48 1 2
github.com/AlexBurnes/buildfab/pkg/buildfab/buildfab.go:875.48,878.8 2 0
github.com/AlexBurnes/buildfab/pkg/buildfab/buildfab.go:880.7,880.90 1 3
github.com/AlexBurnes/buildfab/pkg/buildfab/buildfab.go:882.6,882.32 1 4
github.com/AlexBurnes/buildfab/pkg/buildfab/buildfab.go:885.4,885.9 1 5
github.com/AlexBurnes/buildfab/pkg/buildfab/buildfab.go:891.97,894.26 2 11
github.com/AlexBurnes/buildfab/pkg/buildfab/buildfab.go:894.26,895.30 1 14
github.com/AlexBurnes/buildfab/pkg/buildfab/buildfab.go:895.30,897.9 2 11
github.com/AlexBurnes/buildfab/pkg/buildfab/buildfab.go:901.2,901.21 1 11
github.com/AlexBurnes/buildfab/pkg/buildfab/buildfab.go:901.21,903.3 1 0
github.com/AlexBurnes/buildfab/pkg/buildfab/buildfab.go:906.2,906.33 1 11
github.com/AlexBurnes/buildfab/pkg/buildfab/buildfab.go:906.33,907.34 1 3
github.com/AlexBurnes/buildfab/pkg/buildfab/buildfab.go:907.34,909.4 1 1
github.com/AlexBurnes/buildfab/pkg/buildfab/buildfab.go:912.2,912.13 1 10
github.com/AlexBurnes/buildfab/pkg/buildfab/buildfab.go:916.131,917.29 1 3
github.com/AlexBurnes/buildfab/pkg/buildfab/buildfab.go:917.29,918.30 1 4
github.com/AlexBurnes/buildfab/pkg/buildfab/buildfab.go:918.30,919.56 1 0
github.com/AlexBurnes/buildfab/pkg/buildfab/buildfab.go:919.56,920.35 1 0
github.com/AlexBurnes/buildfab/pkg/buildfab/buildfab.go:920.35,924.37 3 0
github.com/AlexBurnes/buildfab/pkg/buildfab/buildfab.go:924.37,927.7 2 0
github.com/AlexBurnes/buildfab/pkg/buildfab/buildfab.go:927.12,927.45 1 0
github.com/AlexBurnes/buildfab/pkg/buildfab/buildfab.go:927.45,930.7 2 0
github.com/AlexBurnes/buildfab/pkg/buildfab/buildfab.go:930.12,930.47 1 0
github.com/AlexBurnes/buildfab/pkg/buildfab/buildfab.go:930.47,933.7 2 0
github.com/AlexBurnes/buildfab/pkg/buildfab/buildfab.go:935.6,935.92 1 0
github.com/AlexBurnes/buildfab/pkg/buildfab/buildfab.go:937.5,937.34 1 0
github.com/AlexBurnes/buildfab/pkg/buildfab/buildfab.go:944.119,962.12 10 0
github.com/AlexBurnes/buildfab/pkg/buildfab/buildfab.go:962.12,964.34 2 0
github.com/AlexBurnes/buildfab/pkg/buildfab/buildfab.go:964.34,971.36 6 0
github.com/AlexBurnes/buildfab/pkg/buildfab/buildfab.go:971.36,973.5 1 0
github.com/AlexBurnes/buildfab/pkg/buildfab/buildfab.go:974.4,974.15 1 0
github.com/AlexBurnes/buildfab/pkg/buildfab/buildfab.go:979.2,979.12 1 0
github.com/AlexBurnes/buildfab/pkg/buildfab/buildfab.go:979.12,980.16 1 0
github.com/AlexBurnes/buildfab/pkg/buildfab/buildfab.go:980.16,982.8 1 0
github.com/AlexBurnes/buildfab/pkg/buildfab/buildfab.go:982.8,985.31 3 0
github.com/AlexBurnes/buildfab/pkg/buildfab/buildfab.go:985.31,986.29 1 0
github.com/AlexBurnes/buildfab/pkg/buildfab/buildfab.go:986.29,988.12 2 0
github.com/AlexBurnes/buildfab/pkg/buildfab/buildfab.go:991.5,993.16 2 0
github.com/AlexBurnes/buildfab/pkg/buildfab/buildfab.go:993.16,994.11 1 0
github.com/AlexBurnes/buildfab/pkg/buildfab/buildfab.go:998.5,998.12 1 0
github.com/AlexBurnes/buildfab/pkg/buildfab/buildfab.go:999.20,1001.12 2 0
github.com/AlexBurnes/buildfab/pkg/buildfab/buildfab.go:1002.46,1002.46 0 0
github.com/AlexBurnes/buildfab/pkg/buildfab/buildfab.go:1006.4,1006.21 1 0
github.com/AlexBurnes/buildfab/pkg/buildfab/buildfab.go:1009.3,1009.7 1 0
github.com/AlexBurnes/buildfab/pkg/buildfab/buildfab.go:1009.7,1011.11 1 0
github.com/AlexBurnes/buildfab/pkg/buildfab/buildfab.go:1012.19,1013.11 1 0
github.com/AlexBurnes/buildfab/pkg/buildfab/buildfab.go:1014.12,1014.12 0 0
github.com/AlexBurnes/buildfab/pkg/buildfab/buildfab.go:1018.4,1022.28 4 0
github.com/AlexBurnes/buildfab/pkg/buildfab/buildfab.go:1022.28,1026.31 3 0
github.com/AlexBurnes/buildfab/pkg/buildfab/buildfab.go:1026.31,1027.54 1 0
github.com/AlexBurnes/buildfab/pkg/buildfab/buildfab.go:1027.54,1029.12 2 0
github.com/AlexBurnes/buildfab/pkg/buildfab/buildfab.go:1032.5,1034.16 2 0
github.com/AlexBurnes/buildfab/pkg/buildfab/buildfab.go:1034.16,1035.11 1 0
github.com/AlexBurnes/buildfab/pkg/buildfab/buildfab.go:1039.5,1039.12 1 0
github.com/AlexBurnes/buildfab/pkg/buildfab/buildfab.go:1040.20,1041.12 1 0
github.com/AlexBurnes/buildfab/pkg/buildfab/buildfab.go:1042.46,1042.46 0 0
github.com/AlexBurnes/buildfab/pkg/buildfab/buildfab.go:1045.5,1045.13 1 0
github.com/AlexBurnes/buildfab/pkg/buildfab/buildfab.go:1049.4,1049.40 1 0
github.com/AlexBurnes/buildfab/pkg/buildfab/buildfab.go:1049.40,1051.12 1 0
github.com/AlexBurnes/buildfab/pkg/buildfab/buildfab.go:1052.20,1053.12 1 0
github.com/AlexBurnes/buildfab/pkg/buildfab/buildfab.go:1054.13,1054.13 0 0
github.com/AlexBurnes/buildfab/pkg/buildfab/buildfab.go:1058.5,1065.44 5 0
github.com/AlexBurnes/buildfab/pkg/buildfab/buildfab.go:1065.44,1072.13 3 0
github.com/AlexBurnes/buildfab/pkg/buildfab/buildfab.go:1073.32,1073.32 0 0
github.com/AlexBurnes/buildfab/pkg/buildfab/buildfab.go:1074.21,1075.13 1 0
github.com/AlexBurnes/buildfab/pkg/buildfab/buildfab.go:1077.6,1077.14 1 0
github.com/AlexBurnes/buildfab/pkg/buildfab/buildfab.go:1081.5,1081.45 1 0
github.com/AlexBurnes/buildfab/pkg/buildfab/buildfab.go:1081.45,1084.13 3 0
github.com/AlexBurnes/buildfab/pkg/buildfab/buildfab.go:1085.32,1085.32 0 0
github.com/AlexBurnes/buildfab/pkg/buildfab/buildfab.go:1086.21,1087.13 1 0
github.com/AlexBurnes/buildfab/pkg/buildfab/buildfab.go:1094.2,1096.21 2 0
github.com/AlexBurnes/buildfab/pkg/buildfab/buildfab.go:1100.150,1103.34 2 6
github.com/AlexBurnes/buildfab/pkg/buildfab/buildfab.go:1103.34,1104.49 1 8
github.com/AlexBurnes/buildfab/pkg/buildfab/buildfab.go:1104.49,1105.12 1 4
github.com/AlexBurnes/buildfab/pkg/buildfab/buildfab.go:1109.3,1109.50 1 4
github.com/AlexBurnes/buildfab/pkg/buildfab/buildfab.go:1109.50,1111.4 1 4
github.com/AlexBurnes/buildfab/pkg/buildfab/buildfab.go:1114.2,1114.14 1 6
github.com/AlexBurnes/buildfab/pkg/buildfab/buildfab.go:1118.90,1119.40 1 4
github.com/AlexBurnes/buildfab/pkg/buildfab/buildfab.go:1119.40,1120.22 1 0
github.com/AlexBurnes/buildfab/pkg/buildfab/buildfab.go:1120.22,1122.4 1 0
github.com/AlexBurnes/buildfab/pkg/buildfab/buildfab.go:1124.2,1124.13 1 4
github.com/AlexBurnes/buildfab/pkg/buildfab/buildfab.go:1128.82,1129.40 1 4
github.com/AlexBurnes/buildfab/pkg/buildfab/buildfab.go:1129.40,1130.18 1 0
github.com/AlexBurnes/buildfab/pkg/buildfab/buildfab.go:1130.18,1132.4 1 0
github.com/AlexBurnes/buildfab/pkg/buildfab/buildfab.go:1134.2,1134.14 1 4
github.com/AlexBurnes/buildfab/pkg/buildfab/buildfab.go:1138.91,1140.40 2 0
github.com/AlexBurnes/buildfab/pkg/buildfab/buildfab.go:1140.40,1141.18 1 0
github.com/AlexBurnes/buildfab/pkg/buildfab/buildfab.go:1141.18,1143.4 1 0
github.com/AlexBurnes/buildfab/pkg/buildfab/buildfab.go:1145.2,1145.19 1 0
github.com/AlexBurnes/buildfab/pkg/buildfab/buildfab.go:1149.152,1155.23 3 4
github.com/AlexBurnes/buildfab/pkg/buildfab/buildfab.go:1155.23,1157.3 1 0
github.com/AlexBurnes/buildfab/pkg/buildfab/buildfab.go:1157.8,1159.3 1 4
github.com/AlexBurnes/buildfab/pkg/buildfab/buildfab.go:1163.2,1163.20 1 4
github.com/AlexBurnes/buildfab/pkg/buildfab/buildfab.go:1167.90,1169.33 1 0
github.com/AlexBurnes/buildfab/pkg/buildfab/buildfab.go:1169.33,1171.3 1 0
github.com/AlexBurnes/buildfab/pkg/buildfab/buildfab.go:1173.2,1176.23 3 0
github.com/AlexBurnes/buildfab/pkg/buildfab/buildfab.go:1176.23,1178.3 1 0
github.com/AlexBurnes/buildfab/pkg/buildfab/buildfab.go:1178.8,1180.3 1 0
github.com/AlexBurnes/buildfab/pkg/buildfab/buildfab.go:1183.3,1183.33 1 0
github.com/AlexBurnes/buildfab/pkg/buildfab/buildfab.go:1183.33,1187.18 3 0
github.com/AlexBurnes/buildfab/pkg/buildfab/buildfab.go:1187.18,1191.5 3 0
github.com/AlexBurnes/buildfab/pkg/buildfab/buildfab.go:1191.10,1191.42 1 0
github.com/AlexBurnes/buildfab/pkg/buildfab/buildfab.go:1191.42,1194.5 2 0
github.com/AlexBurnes/buildfab/pkg/buildfab/buildfab.go:1194.10,1194.43 1 0
github.com/AlexBurnes/buildfab/pkg/buildfab/buildfab.go:1194.43,1197.5 2 0
github.com/AlexBurnes/buildfab/pkg/buildfab/buildfab.go:1197.10,1197.45 1 0
github.com/AlexBurnes/buildfab/pkg/buildfab/buildfab.go:1197.45,1200.5 2 0
github.com/AlexBurnes/buildfab/pkg/buildfab/buildfab.go:1202.4,1202.90 1 0
github.com/AlexBurnes/buildfab/pkg/buildfab/buildfab.go:1205.2,1205.20 1 0
github.com/AlexBurnes/buildfab/pkg/buildfab/buildfab.go:1209.93,1210.23 1 0
github.com/AlexBurnes/buildfab/pkg/buildfab/buildfab.go:1210.23,1215.3 1 0
github.com/AlexBurnes/buildfab/pkg/buildfab/buildfab.go:1217.2,1218.13 2 0
github.com/AlexBurnes/buildfab/pkg/buildfab/buildfab.go:1218.13,1223.3 1 0
github.com/AlexBurnes/buildfab/pkg/buildfab/buildfab.go:1225.2,1228.74 2 0
github.com/AlexBurnes/buildfab/pkg/buildfab/buildfab.go:1228.74,1230.3 1 0
github.com/AlexBurnes/buildfab/pkg/buildfab/buildfab.go:1233.2,1233.34 1 0
github.com/AlexBurnes/buildfab/pkg/buildfab/buildfab.go:1233.34,1235.3 1 0
github.com/AlexBurnes/buildfab/pkg/buildfab/buildfab.go:1237.2,1237.20 1 0
github.com/AlexBurnes/buildfab/pkg/buildfab/buildfab.go:1241.154,1242.22 1 4
github.com/AlexBurnes/buildfab/pkg/buildfab/buildfab.go:1242.22,1247.3 1 0
github.com/AlexBurnes/buildfab/pkg/buildfab/buildfab.go:1250.2,1255.37 4 4
github.com/AlexBurnes/buildfab/pkg/buildfab/buildfab.go:1255.37,1257.3 1 0
github.com/AlexBurnes/buildfab/pkg/buildfab/buildfab.go:1259.2,1261.72 3 4
github.com/AlexBurnes/buildfab/pkg/buildfab/buildfab.go:1261.72,1264.3 1 3
github.com/AlexBurnes/buildfab/pkg/buildfab/buildfab.go:1264.8,1274.23 5 1
github.com/AlexBurnes/buildfab/pkg/buildfab/buildfab.go:1274.23,1276.4 1 0
github.com/AlexBurnes/buildfab/pkg/buildfab/buildfab.go:1277.3,1277.23 1 1
github.com/AlexBurnes/buildfab/pkg/buildfab/buildfab.go:1277.23,1278.28 1 0
github.com/AlexBurnes/buildfab/pkg/buildfab/buildfab.go:1278.28,1280.5 1 0
github.com/AlexBurnes/buildfab/pkg/buildfab/buildfab.go:1281.4,1281.37 1 0
github.com/AlexBurnes/buildfab/pkg/buildfab/buildfab.go:1285.3,1285.17 1 4
github.com/AlexBurnes/buildfab/pkg/buildfab/buildfab.go:1285.17,1291.3 1 1
github.com/AlexBurnes/buildfab/pkg/buildfab/buildfab.go:1293.2,1296.8 1 3
github.com/AlexBurnes/buildfab/pkg/buildfab/buildfab.go:1300.92,1301.22 1 0
github.com/AlexBurnes/buildfab/pkg/buildfab/buildfab.go:1301.22,1306.3 1 0
github.com/AlexBurnes/buildfab/pkg/buildfab/buildfab.go:1309.2,1314.37 4 0
github.com/AlexBurnes/buildfab/pkg/buildfab/buildfab.go:1314.37,1316.3 1 0
github.com/AlexBurnes/buildfab/pkg/buildfab/buildfab.go:1318.2,1319.23 2 0
github.com/AlexBurnes/buildfab/pkg/buildfab/buildfab.go:1319.23,1322.3 1 0
github.com/AlexBurnes/buildfab/pkg/buildfab/buildfab.go:1322.8,1332.51 5 0
github.com/AlexBurnes/buildfab/pkg/buildfab/buildfab.go:1332.51,1333.24 1 0
github.com/AlexBurnes/buildfab/pkg/buildfab/buildfab.go:1333.24,1335.5 1 0
github.com/AlexBurnes/buildfab/pkg/buildfab/buildfab.go:1336.4,1336.24 1 0
github.com/AlexBurnes/buildfab/pkg/buildfab/buildfab.go:1336.24,1338.5 1 0
github.com/AlexBurnes/buildfab/pkg/buildfab/buildfab.go:1344.2,1344.16 1 0
github.com/AlexBurnes/buildfab/pkg/buildfab/buildfab.go:1344.16,1350.3 1 0
github.com/AlexBurnes/buildfab/pkg/buildfab/buildfab.go:1352.2,1355.8 1 0
github.com/AlexBurnes/buildfab/pkg/buildfab/buildfab.go:1359.78,1360.23 1 13
github.com/AlexBurnes/buildfab/pkg/buildfab/buildfab.go:1360.23,1362.3 1 3
github.com/AlexBurnes/buildfab/pkg/buildfab/buildfab.go:1364.2,1364.39 1 10
github.com/AlexBurnes/buildfab/pkg/buildfab/buildfab.go:1368.77,1369.23 1 3
github.com/AlexBurnes/buildfab/pkg/buildfab/buildfab.go:1369.23,1371.3 1 0
github.com/AlexBurnes/buildfab/pkg/buildfab/buildfab.go:1373.2,1374.13 2 3
github.com/AlexBurnes/buildfab/pkg/buildfab/buildfab.go:1374.13,1376.3 1 1
github.com/AlexBurnes/buildfab/pkg/buildfab/buildfab.go:1378.2,1379.16 2 2
github.com/AlexBurnes/buildfab/pkg/buildfab/buildfab.go:1379.16,1381.3 1 2
github.com/AlexBurnes/buildfab/pkg/buildfab/buildfab.go:1384.2,1384.74 1 0
github.com/AlexBurnes/buildfab/pkg/buildfab/buildfab.go:1384.74,1386.3 1 0
github.com/AlexBurnes/buildfab/pkg/buildfab/buildfab.go:1389.2,1389.20 1 0
github.com/AlexBurnes/buildfab/pkg/buildfab/buildfab.go:1389.20,1390.32 1 0
github.com/AlexBurnes/buildfab/pkg/buildfab/buildfab.go:1390.32,1392.4 1 0
github.com/AlexBurnes/buildfab/pkg/buildfab/buildfab.go:1392.9,1392.41 1 0
github.com/AlexBurnes/buildfab/pkg/buildfab/buildfab.go:1392.41,1394.4 1 0
github.com/AlexBurnes/buildfab/pkg/buildfab/buildfab.go:1394.9,1394.42 1 0
github.com/AlexBurnes/buildfab/pkg/buildfab/buildfab.go:1394.42,1396.4 1 0
github.com/AlexBurnes/buildfab/pkg/buildfab/buildfab.go:1400.2,1400.34 1 0
github.com/AlexBurnes/buildfab/pkg/buildfab/buildfab.go:1400.34,1402.3 1 0
github.com/AlexBurnes/buildfab/pkg/buildfab/buildfab.go:1404.2,1404.12 1 0
github.com/AlexBurnes/buildfab/pkg/buildfab/buildfab.go:1408.76,1409.22 1 10
github.com/AlexBurnes/buildfab/pkg/buildfab/buildfab.go:1409.22,1411.3 1 0
github.com/AlexBurnes/buildfab/pkg/buildfab/buildfab.go:1414.2,1419.37 4 10
github.com/AlexBurnes/buildfab/pkg/buildfab/buildfab.go:1419.37,1421.3 1 0
github.com/AlexBurnes/buildfab/pkg/buildfab/buildfab.go:1423.2,1424.20 2 10
github.com/AlexBurnes/buildfab/pkg/buildfab/buildfab.go:1424.20,1427.3 1 9
github.com/AlexBurnes/buildfab/pkg/buildfab/buildfab.go:1427.8,1437.50 5 1
github.com/AlexBurnes/buildfab/pkg/buildfab/buildfab.go:1437.50,1438.23 1 0
github.com/AlexBurnes/buildfab/pkg/buildfab/buildfab.go:1438.23,1440.4 1 0
github.com/AlexBurnes/buildfab/pkg/buildfab/buildfab.go:1441.3,1441.23 1 0
github.com/AlexBurnes/buildfab/pkg/buildfab/buildfab.go:1441.23,1443.4 1 0
github.com/AlexBurnes/buildfab/pkg/buildfab/buildfab.go:1449.2,1449.16 1 10
github.com/AlexBurnes/buildfab/pkg/buildfab/buildfab.go:1449.16,1452.3 1 0
github.com/AlexBurnes/buildfab/pkg/buildfab/buildfab.go:1454.2,1454.12 1 10
github.com/AlexBurnes/buildfab/pkg/buildfab/buildfab.go:1458.107,1461.16 2 12
github.com/AlexBurnes/buildfab/pkg/buildfab/buildfab.go:1461.16,1463.3 1 0
github.com/AlexBurnes/buildfab/pkg/buildfab/buildfab.go:1465.2,1466.16 2 12
github.com/AlexBurnes/buildfab/pkg/buildfab/buildfab.go:1466.16,1468.3 1 0
github.com/AlexBurnes/buildfab/pkg/buildfab/buildfab.go:1471.2,1471.36 1 12
github.com/AlexBurnes/buildfab/pkg/buildfab/buildfab.go:1471.36,1473.3 1 0
github.com/AlexBurnes/buildfab/pkg/buildfab/buildfab.go:1476.2,1479.12 2 12
github.com/AlexBurnes/buildfab/pkg/buildfab/buildfab.go:1479.12,1481.22 2 12
github.com/AlexBurnes/buildfab/pkg/buildfab/buildfab.go:1481.22,1485.34 2 13
github.com/AlexBurnes/buildfab/pkg/buildfab/buildfab.go:1485.34,1487.5 1 8
github.com/AlexBurnes/buildfab/pkg/buildfab/buildfab.go:1492.2,1492.12 1 12
github.com/AlexBurnes/buildfab/pkg/buildfab/buildfab.go:1492.12,1494.22 2 12
github.com/AlexBurnes/buildfab/pkg/buildfab/buildfab.go:1494.22,1498.34 2 0
github.com/AlexBurnes/buildfab/pkg/buildfab/buildfab.go:1498.34,1500.5 1 0
github.com/AlexBurnes/buildfab/pkg/buildfab/buildfab.go:1505.2,1505.12 1 12
github.com/AlexBurnes/buildfab/pkg/buildfab/buildfab.go:1505.12,1507.3 1 12
github.com/AlexBurnes/buildfab/pkg/buildfab/buildfab.go:1510.2,1510.9 1 12
github.com/AlexBurnes/buildfab/pkg/buildfab/buildfab.go:1511.21,1512.13 1 12
github.com/AlexBurnes/buildfab/pkg/buildfab/buildfab.go:1513.20,1516.19 2 0
github.com/AlexBurnes/buildfab/pkg/buildfab/config.go:12.47,14.16 1 4
github.com/AlexBurnes/buildfab/pkg/buildfab/config.go:14.16,16.27 2 2
github.com/AlexBurnes/buildfab/pkg/buildfab/config.go:16.27,17.40 1 5
github.com/AlexBurnes/buildfab/pkg/buildfab/config.go:17.40,19.10 2 1
github.com/AlexBurnes/buildfab/pkg/buildfab/config.go:22.3,22.17 1 2
github.com/AlexBurnes/buildfab/pkg/buildfab/config.go:22.17,24.4 1 1
github.com/AlexBurnes/buildfab/pkg/buildfab/config.go:28.2,28.49 1 3
github.com/AlexBurnes/buildfab/pkg/buildfab/config.go:28.49,30.3 1 1
github.com/AlexBurnes/buildfab/pkg/buildfab/config.go:33.2,34.16 2 2
github.com/AlexBurnes/buildfab/pkg/buildfab/config.go:34.16,36.3 1 0
github.com/AlexBurnes/buildfab/pkg/buildfab/config.go:39.2,40.54 2 2
github.com/AlexBurnes/buildfab/pkg/buildfab/config.go:40.54,42.3 1 0
github.com/AlexBurnes/buildfab/pkg/buildfab/config.go:45.2,45.33 1 2
github.com/AlexBurnes/buildfab/pkg/buildfab/config.go:45.33,47.3 1 1
github.com/AlexBurnes/buildfab/pkg/buildfab/config.go:49.2,49.21 1 2
github.com/AlexBurnes/buildfab/pkg/buildfab/config.go:53.56,55.54 2 2
github.com/AlexBurnes/buildfab/pkg/buildfab/config.go:55.54,57.3 1 1
github.com/AlexBurnes/buildfab/pkg/buildfab/config.go:59.2,59.21 1 1
github.com/AlexBurnes/buildfab/pkg/buildfab/errors.go:13.45,14.18 1 2
github.com/AlexBurnes/buildfab/pkg/buildfab/errors.go:14.18,16.3 1 1
github.com/AlexBurnes/buildfab/pkg/buildfab/errors.go:17.2,17.58 1 1
github.com/AlexBurnes/buildfab/pkg/buildfab/errors.go:28.41,30.2 1 1
github.com/AlexBurnes/buildfab/pkg/buildfab/errors.go:38.42,39.22 1 2
github.com/AlexBurnes/buildfab/pkg/buildfab/errors.go:39.22,41.3 1 1
github.com/AlexBurnes/buildfab/pkg/buildfab/errors.go:42.2,42.55 1 1
github.com/AlexBurnes/buildfab/pkg/buildfab/errors.go:51.40,53.2 1 1
github.com/AlexBurnes/buildfab/pkg/buildfab/simple.go:35.50,48.2 1 0
github.com/AlexBurnes/buildfab/pkg/buildfab/simple.go:51.76,52.17 1 4
github.com/AlexBurnes/buildfab/pkg/buildfab/simple.go:52.17,54.3 1 0
github.com/AlexBurnes/buildfab/pkg/buildfab/simple.go:55.2,58.3 1 4
github.com/AlexBurnes/buildfab/pkg/buildfab/simple.go:62.78,64.13 2 2
github.com/AlexBurnes/buildfab/pkg/buildfab/simple.go:64.13,66.3 1 1
github.com/AlexBurnes/buildfab/pkg/buildfab/simple.go:71.2,102.40 7 1
github.com/AlexBurnes/buildfab/pkg/buildfab/simple.go:102.40,106.3 2 0
github.com/AlexBurnes/buildfab/pkg/buildfab/simple.go:109.2,114.12 3 1
github.com/AlexBurnes/buildfab/pkg/buildfab/simple.go:118.80,145.2 4 2
github.com/AlexBurnes/buildfab/pkg/buildfab/simple.go:148.92,150.13 2 1
github.com/AlexBurnes/buildfab/pkg/buildfab/simple.go:150.13,152.3 1 0
github.com/AlexBurnes/buildfab/pkg/buildfab/simple.go:155.2,156.35 2 1
github.com/AlexBurnes/buildfab/pkg/buildfab/simple.go:156.35,157.30 1 1
github.com/AlexBurnes/buildfab/pkg/buildfab/simple.go:157.30,159.9 2 1
github.com/AlexBurnes/buildfab/pkg/buildfab/simple.go:163.2,163.23 1 1
github.com/AlexBurnes/buildfab/pkg/buildfab/simple.go:163.23,165.3 1 0
github.com/AlexBurnes/buildfab/pkg/buildfab/simple.go:168.2,192.54 4 1
github.com/AlexBurnes/buildfab/pkg/buildfab/simple.go:215.80,216.15 1 4
github.com/AlexBurnes/buildfab/pkg/buildfab/simple.go:216.15,218.3 1 4
github.com/AlexBurnes/buildfab/pkg/buildfab/simple.go:218.8,221.3 1 0
github.com/AlexBurnes/buildfab/pkg/buildfab/simple.go:224.142,226.24 1 6
github.com/AlexBurnes/buildfab/pkg/buildfab/simple.go:226.24,228.3 1 4
github.com/AlexBurnes/buildfab/pkg/buildfab/simple.go:231.2,231.28 1 6
github.com/AlexBurnes/buildfab/pkg/buildfab/simple.go:231.28,233.17 2 6
github.com/AlexBurnes/buildfab/pkg/buildfab/simple.go:234.21,236.22 2 4
github.com/AlexBurnes/buildfab/pkg/buildfab/simple.go:237.23,239.23 2 0
github.com/AlexBurnes/buildfab/pkg/buildfab/simple.go:240.24,242.20 2 1
github.com/AlexBurnes/buildfab/pkg/buildfab/simple.go:243.26,245.21 2 1
github.com/AlexBurnes/buildfab/pkg/buildfab/simple.go:246.11,248.21 2 0
github.com/AlexBurnes/buildfab/pkg/buildfab/simple.go:252.3,254.16 2 6
github.com/AlexBurnes/buildfab/pkg/buildfab/simple.go:254.16,257.4 1 6
github.com/AlexBurnes/buildfab/pkg/buildfab/simple.go:257.9,261.4 1 0
github.com/AlexBurnes/buildfab/pkg/buildfab/simple.go:262.3,262.31 1 6
github.com/AlexBurnes/buildfab/pkg/buildfab/simple.go:266.2,267.35 2 6
github.com/AlexBurnes/buildfab/pkg/buildfab/simple.go:267.35,268.34 1 3
github.com/AlexBurnes/buildfab/pkg/buildfab/simple.go:268.34,275.9 3 0
github.com/AlexBurnes/buildfab/pkg/buildfab/simple.go:278.2,278.12 1 6
github.com/AlexBurnes/buildfab/pkg/buildfab/simple.go:278.12,284.3 1 6
github.com/AlexBurnes/buildfab/pkg/buildfab/simple.go:287.96,288.31 1 4
github.com/AlexBurnes/buildfab/pkg/buildfab/simple.go:288.31,290.30 2 4
github.com/AlexBurnes/buildfab/pkg/buildfab/simple.go:290.30,292.4 1 4
github.com/AlexBurnes/buildfab/pkg/buildfab/simple.go:296.92,298.2 0 1
github.com/AlexBurnes/buildfab/pkg/buildfab/simple.go:301.56,303.2 1 3
github.com/AlexBurnes/buildfab/pkg/buildfab/simple.go:306.104,307.16 1 6
github.com/AlexBurnes/buildfab/pkg/buildfab/simple.go:308.23,310.49 1 1
github.com/AlexBurnes/buildfab/pkg/buildfab/simple.go:310.49,315.31 4 0
github.com/AlexBurnes/buildfab/pkg/buildfab/simple.go:315.31,316.48 1 0
github.com/AlexBurnes/buildfab/pkg/buildfab/simple.go:316.48,319.6 2 0
github.com/AlexBurnes/buildfab/pkg/buildfab/simple.go:319.11,319.33 1 0
github.com/AlexBurnes/buildfab/pkg/buildfab/simple.go:319.33,321.6 1 0
github.com/AlexBurnes/buildfab/pkg/buildfab/simple.go:323.4,323.34 1 0
github.com/AlexBurnes/buildfab/pkg/buildfab/simple.go:323.34,327.5 2 0
github.com/AlexBurnes/buildfab/pkg/buildfab/simple.go:330.3,330.83 1 1
github.com/AlexBurnes/buildfab/pkg/buildfab/simple.go:330.83,333.22 2 0
github.com/AlexBurnes/buildfab/pkg/buildfab/simple.go:333.22,336.59 2 0
github.com/AlexBurnes/buildfab/pkg/buildfab/simple.go:336.59,338.6 1 0
github.com/AlexBurnes/buildfab/pkg/buildfab/simple.go:340.5,341.53 2 0
github.com/AlexBurnes/buildfab/pkg/buildfab/simple.go:345.3,345.63 1 1
github.com/AlexBurnes/buildfab/pkg/buildfab/simple.go:345.63,349.4 2 1
github.com/AlexBurnes/buildfab/pkg/buildfab/simple.go:350.3,350.17 1 0
github.com/AlexBurnes/buildfab/pkg/buildfab/simple.go:351.25,353.53 1 1
github.com/AlexBurnes/buildfab/pkg/buildfab/simple.go:353.53,356.23 2 1
github.com/AlexBurnes/buildfab/pkg/buildfab/simple.go:356.23,358.5 1 1
github.com/AlexBurnes/buildfab/pkg/buildfab/simple.go:360.3,360.17 1 0
github.com/AlexBurnes/buildfab/pkg/buildfab/simple.go:361.10,362.17 1 4
github.com/AlexBurnes/buildfab/pkg/buildfab/simple.go:367.78,368.21 1 1
github.com/AlexBurnes/buildfab/pkg/buildfab/simple.go:368.21,370.3 1 0
github.com/AlexBurnes/buildfab/pkg/buildfab/simple.go:373.3,374.33 2 1
github.com/AlexBurnes/buildfab/pkg/buildfab/simple.go:374.33,380.31 4 1
github.com/AlexBurnes/buildfab/pkg/buildfab/simple.go:380.31,381.38 1 1
github.com/AlexBurnes/buildfab/pkg/buildfab/simple.go:381.38,382.14 1 0
github.com/AlexBurnes/buildfab/pkg/buildfab/simple.go:384.5,385.31 2 1
github.com/AlexBurnes/buildfab/pkg/buildfab/simple.go:385.31,386.21 1 1
github.com/AlexBurnes/buildfab/pkg/buildfab/simple.go:386.21,388.7 1 0
github.com/AlexBurnes/buildfab/pkg/buildfab/simple.go:388.12,389.12 1 1
github.com/AlexBurnes/buildfab/pkg/buildfab/simple.go:392.5,392.45 1 1
github.com/AlexBurnes/buildfab/pkg/buildfab/simple.go:392.45,394.6 1 1
github.com/AlexBurnes/buildfab/pkg/buildfab/simple.go:398.4,398.31 1 1
github.com/AlexBurnes/buildfab/pkg/buildfab/simple.go:398.31,400.5 1 0
github.com/AlexBurnes/buildfab/pkg/buildfab/simple.go:402.4,402.31 1 1
github.com/AlexBurnes/buildfab/pkg/buildfab/simple.go:402.31,405.38 2 1
github.com/AlexBurnes/buildfab/pkg/buildfab/simple.go:405.38,407.6 1 1
github.com/AlexBurnes/buildfab/pkg/buildfab/simple.go:410.5,410.62 1 1
github.com/AlexBurnes/buildfab/pkg/buildfab/simple.go:412.4,412.43 1 1
github.com/AlexBurnes/buildfab/pkg/buildfab/simple.go:416.2,416.42 1 0
github.com/AlexBurnes/buildfab/pkg/buildfab/simple.go:420.78,422.35 1 1
github.com/AlexBurnes/buildfab/pkg/buildfab/simple.go:422.35,423.39 1 2
github.com/AlexBurnes/buildfab/pkg/buildfab/simple.go:423.39,427.4 1 1
github.com/AlexBurnes/buildfab/pkg/buildfab/simple.go:429.2,429.11 1 0
github.com/AlexBurnes/buildfab/pkg/buildfab/simple.go:433.97,435.13 2 1
github.com/AlexBurnes/buildfab/pkg/buildfab/simple.go:435.13,437.3 1 0
github.com/AlexBurnes/buildfab/pkg/buildfab/simple.go:440.2,441.41 2 1
github.com/AlexBurnes/buildfab/pkg/buildfab/simple.go:441.41,443.3 1 1
github.com/AlexBurnes/buildfab/pkg/buildfab/simple.go:446.2,447.41 2 1
github.com/AlexBurnes/buildfab/pkg/buildfab/simple.go:447.41,448.39 1 1
github.com/AlexBurnes/buildfab/pkg/buildfab/simple.go:448.39,450.4 1 0
github.com/AlexBurnes/buildfab/pkg/buildfab/simple.go:453.2,456.35 2 1
github.com/AlexBurnes/buildfab/pkg/buildfab/simple.go:456.35,460.30 2 1
github.com/AlexBurnes/buildfab/pkg/buildfab/simple.go:460.30,461.12 1 1
github.com/AlexBurnes/buildfab/pkg/buildfab/simple.go:465.3,466.45 2 0
github.com/AlexBurnes/buildfab/pkg/buildfab/simple.go:466.45,467.33 1 0
github.com/AlexBurnes/buildfab/pkg/buildfab/simple.go:467.33,469.10 2 0
github.com/AlexBurnes/buildfab/pkg/buildfab/simple.go:473.3,473.17 1 0
github.com/AlexBurnes/buildfab/pkg/buildfab/simple.go:473.17,475.4 1 0
github.com/AlexBurnes/buildfab/pkg/buildfab/simple.go:478.2,478.21 1 1
github.com/AlexBurnes/buildfab/pkg/buildfab/simple.go:482.91,487.13 4 1
github.com/AlexBurnes/buildfab/pkg/buildfab/simple.go:487.13,491.3 3 1
github.com/AlexBurnes/buildfab/pkg/buildfab/simple.go:491.8,495.3 3 0
github.com/AlexBurnes/buildfab/pkg/buildfab/simple.go:497.2,500.22 2 1
github.com/AlexBurnes/buildfab/pkg/buildfab/simple.go:500.22,505.34 4 1
github.com/AlexBurnes/buildfab/pkg/buildfab/simple.go:505.34,507.4 1 1
github.com/AlexBurnes/buildfab/pkg/buildfab/simple.go:510.3,517.38 2 1
github.com/AlexBurnes/buildfab/pkg/buildfab/simple.go:517.38,521.18 3 4
github.com/AlexBurnes/buildfab/pkg/buildfab/simple.go:522.22,524.18 2 1
github.com/AlexBurnes/buildfab/pkg/buildfab/simple.go:524.18,526.6 1 1
github.com/AlexBurnes/buildfab/pkg/buildfab/simple.go:526.11,528.6 1 0
github.com/AlexBurnes/buildfab/pkg/buildfab/simple.go:529.24,531.18 2 1
github.com/AlexBurnes/buildfab/pkg/buildfab/simple.go:531.18,533.6 1 0
github.com/AlexBurnes/buildfab/pkg/buildfab/simple.go:533.11,535.6 1 1
github.com/AlexBurnes/buildfab/pkg/buildfab/simple.go:536.25,538.18 2 1
github.com/AlexBurnes/buildfab/pkg/buildfab/simple.go:538.18,540.6 1 0
github.com/AlexBurnes/buildfab/pkg/buildfab/simple.go:540.11,542.6 1 1
github.com/AlexBurnes/buildfab/pkg/buildfab/simple.go:543.27,545.18 2 1
github.com/AlexBurnes/buildfab/pkg/buildfab/simple.go:545.18,547.6 1 0
github.com/AlexBurnes/buildfab/pkg/buildfab/simple.go:547.11,549.6 1 1
github.com/AlexBurnes/buildfab/pkg/buildfab/simple.go:550.12,552.18 2 0
github.com/AlexBurnes/buildfab/pkg/buildfab/simple.go:552.18,554.6 1 0
github.com/AlexBurnes/buildfab/pkg/buildfab/simple.go:554.11,556.6 1 0
github.com/AlexBurnes/buildfab/pkg/buildfab/simple.go:559.4,559.126 1 4
github.com/AlexBurnes/buildfab/pkg/buildfab/simple.go:567.92,569.16 2 0
github.com/AlexBurnes/buildfab/pkg/buildfab/simple.go:569.16,571.3 1 0
github.com/AlexBurnes/buildfab/pkg/buildfab/simple.go:573.2,581.40 3 0
github.com/AlexBurnes/buildfab/pkg/buildfab/simple.go:585.94,587.16 2 0
github.com/AlexBurnes/buildfab/pkg/buildfab/simple.go:587.16,589.3 1 0
github.com/AlexBurnes/buildfab/pkg/buildfab/simple.go:591.2,599.42 3 0
github.com/AlexBurnes/buildfab/pkg/buildfab/types.go:40.37,41.11 1 18
github.com/AlexBurnes/buildfab/pkg/buildfab/types.go:42.25,43.19 1 2
github.com/AlexBurnes/buildfab/pkg/buildfab/types.go:44.25,45.19 1 2
github.com/AlexBurnes/buildfab/pkg/buildfab/types.go:46.20,47.14 1 3
github.com/AlexBurnes/buildfab/pkg/buildfab/types.go:48.22,49.16 1 3
github.com/AlexBurnes/buildfab/pkg/buildfab/types.go:50.23,51.17 1 3
github.com/AlexBurnes/buildfab/pkg/buildfab/types.go:52.25,53.19 1 3
github.com/AlexBurnes/buildfab/pkg/buildfab/types.go:54.10,55.19 1 2
github.com/AlexBurnes/buildfab/internal/executor/executor.go:47.79,55.2 1 16
github.com/AlexBurnes/buildfab/internal/executor/executor.go:58.74,60.13 2 12
github.com/AlexBurnes/buildfab/internal/executor/executor.go:60.13,62.3 1 1
github.com/AlexBurnes/buildfab/internal/executor/executor.go:65.2,65.17 1 11
github.com/AlexBurnes/buildfab/internal/executor/executor.go:65.17,67.3 1 11
github.com/AlexBurnes/buildfab/internal/executor/executor.go:69.2,73.16 3 11
github.com/AlexBurnes/buildfab/internal/executor/executor.go:73.16,75.3 1 0
github.com/AlexBurnes/buildfab/internal/executor/executor.go:78.2,87.17 5 11
github.com/AlexBurnes/buildfab/internal/executor/executor.go:87.17,88.17 1 11
github.com/AlexBurnes/buildfab/internal/executor/executor.go:88.17,90.4 1 8
github.com/AlexBurnes/buildfab/internal/executor/executor.go:90.9,92.4 1 3
github.com/AlexBurnes/buildfab/internal/executor/executor.go:93.3,93.29 1 11
github.com/AlexBurnes/buildfab/internal/executor/executor.go:96.2,96.12 1 11
github.com/AlexBurnes/buildfab/internal/executor/executor.go:100.76,102.13 2 3
github.com/AlexBurnes/buildfab/internal/executor/executor.go:102.13,104.3 1 1
github.com/AlexBurnes/buildfab/internal/executor/executor.go:106.2,107.17 2 2
github.com/AlexBurnes/buildfab/internal/executor/executor.go:107.17,109.3 1 2
github.com/AlexBurnes/buildfab/internal/executor/executor.go:111.2,111.25 1 2
github.com/AlexBurnes/buildfab/internal/executor/executor.go:111.25,113.3 1 0
github.com/AlexBurnes/buildfab/internal/executor/executor.go:115.2,115.12 1 2
github.com/AlexBurnes/buildfab/internal/executor/executor.go:119.88,121.13 2 3
github.com/AlexBurnes/buildfab/internal/executor/executor.go:121.13,123.3 1 1
github.com/AlexBurnes/buildfab/internal/executor/executor.go:126.2,127.35 2 2
github.com/AlexBurnes/buildfab/internal/executor/executor.go:127.35,128.30 1 3
github.com/AlexBurnes/buildfab/internal/executor/executor.go:128.30,130.9 2 1
github.com/AlexBurnes/buildfab/internal/executor/executor.go:134.2,134.23 1 2
github.com/AlexBurnes/buildfab/internal/executor/executor.go:134.23,136.3 1 1
github.com/AlexBurnes/buildfab/internal/executor/executor.go:139.2,140.13 2 1
github.com/AlexBurnes/buildfab/internal/executor/executor.go:140.13,142.3 1 0
github.com/AlexBurnes/buildfab/internal/executor/executor.go:145.2,146.17 2 1
github.com/AlexBurnes/buildfab/internal/executor/executor.go:146.17,148.3 1 1
github.com/AlexBurnes/buildfab/internal/executor/executor.go:150.2,150.25 1 1
github.com/AlexBurnes/buildfab/internal/executor/executor.go:150.25,152.3 1 0
github.com/AlexBurnes/buildfab/internal/executor/executor.go:154.2,154.12 1 1
github.com/AlexBurnes/buildfab/internal/executor/executor.go:158.52,160.2 1 1
github.com/AlexBurnes/buildfab/internal/executor/executor.go:171.81,175.29 2 11
github.com/AlexBurnes/buildfab/internal/executor/executor.go:175.29,177.14 2 16
github.com/AlexBurnes/buildfab/internal/executor/executor.go:177.14,179.4 1 0
github.com/AlexBurnes/buildfab/internal/executor/executor.go:181.3,188.26 2 16
github.com/AlexBurnes/buildfab/internal/executor/executor.go:192.2,192.27 1 11
github.com/AlexBurnes/buildfab/internal/executor/executor.go:192.27,193.41 1 16
github.com/AlexBurnes/buildfab/internal/executor/executor.go:193.41,194.43 1 0
github.com/AlexBurnes/buildfab/internal/executor/executor.go:194.43,196.5 1 0
github.com/AlexBurnes/buildfab/internal/executor/executor.go:196.10,198.5 1 0
github.com/AlexBurnes/buildfab/internal/executor/executor.go:203.2,203.44 1 11
github.com/AlexBurnes/buildfab/internal/executor/executor.go:203.44,205.3 1 0
github.com/AlexBurnes/buildfab/internal/executor/executor.go:207.2,207.17 1 11
github.com/AlexBurnes/buildfab/internal/executor/executor.go:211.64,216.36 4 11
github.com/AlexBurnes/buildfab/internal/executor/executor.go:216.36,217.25 1 16
github.com/AlexBurnes/buildfab/internal/executor/executor.go:217.25,219.4 1 0
github.com/AlexBurnes/buildfab/internal/executor/executor.go:220.3,220.24 1 16
github.com/AlexBurnes/buildfab/internal/executor/executor.go:220.24,222.4 1 0
github.com/AlexBurnes/buildfab/internal/executor/executor.go:224.3,226.16 3 16
github.com/AlexBurnes/buildfab/internal/executor/executor.go:226.16,226.46 1 16
github.com/AlexBurnes/buildfab/internal/executor/executor.go:228.3,229.41 2 16
github.com/AlexBurnes/buildfab/internal/executor/executor.go:229.41,230.35 1 0
github.com/AlexBurnes/buildfab/internal/executor/executor.go:230.35,232.5 1 0
github.com/AlexBurnes/buildfab/internal/executor/executor.go:235.3,235.13 1 16
github.com/AlexBurnes/buildfab/internal/executor/executor.go:238.2,238.28 1 11
github.com/AlexBurnes/buildfab/internal/executor/executor.go:238.28,239.25 1 16
github.com/AlexBurnes/buildfab/internal/executor/executor.go:239.25,240.40 1 16
github.com/AlexBurnes/buildfab/internal/executor/executor.go:240.40,242.5 1 0
github.com/AlexBurnes/buildfab/internal/executor/executor.go:246.2,246.12 1 11
github.com/AlexBurnes/buildfab/internal/executor/executor.go:250.140,270.43 12 11
github.com/AlexBurnes/buildfab/internal/executor/executor.go:270.43,272.10 1 16
github.com/AlexBurnes/buildfab/internal/executor/executor.go:273.18,275.10 1 12
github.com/AlexBurnes/buildfab/internal/executor/executor.go:276.11,276.11 0 4
github.com/AlexBurnes/buildfab/internal/executor/executor.go:281.3,281.10 1 4
github.com/AlexBurnes/buildfab/internal/executor/executor.go:282.29,282.29 0 4
github.com/AlexBurnes/buildfab/internal/executor/executor.go:283.18,283.18 0 0
github.com/AlexBurnes/buildfab/internal/executor/executor.go:285.45,285.45 0 0
github.com/AlexBurnes/buildfab/internal/executor/executor.go:291.2,291.12 1 11
github.com/AlexBurnes/buildfab/internal/executor/executor.go:291.12,293.34 2 11
github.com/AlexBurnes/buildfab/internal/executor/executor.go:293.34,300.45 6 4
github.com/AlexBurnes/buildfab/internal/executor/executor.go:300.45,302.5 1 0
github.com/AlexBurnes/buildfab/internal/executor/executor.go:303.4,306.81 2 4
github.com/AlexBurnes/buildfab/internal/executor/executor.go:311.2,311.12 1 11
github.com/AlexBurnes/buildfab/internal/executor/executor.go:311.12,312.16 1 11
github.com/AlexBurnes/buildfab/internal/executor/executor.go:312.16,314.8 1 11
github.com/AlexBurnes/buildfab/internal/executor/executor.go:314.8,317.31 3 126
github.com/AlexBurnes/buildfab/internal/executor/executor.go:317.31,318.29 1 127
github.com/AlexBurnes/buildfab/internal/executor/executor.go:318.29,320.12 2 123
github.com/AlexBurnes/buildfab/internal/executor/executor.go:323.5,325.16 2 126
github.com/AlexBurnes/buildfab/internal/executor/executor.go:325.16,326.11 1 3
github.com/AlexBurnes/buildfab/internal/executor/executor.go:330.5,330.12 1 123
github.com/AlexBurnes/buildfab/internal/executor/executor.go:331.20,332.30 1 8
github.com/AlexBurnes/buildfab/internal/executor/executor.go:332.30,332.51 1 8
github.com/AlexBurnes/buildfab/internal/executor/executor.go:333.6,333.12 1 8
github.com/AlexBurnes/buildfab/internal/executor/executor.go:334.46,334.46 0 115
github.com/AlexBurnes/buildfab/internal/executor/executor.go:338.4,338.21 1 3
github.com/AlexBurnes/buildfab/internal/executor/executor.go:341.3,341.7 1 11
github.com/AlexBurnes/buildfab/internal/executor/executor.go:341.7,343.11 1 22
github.com/AlexBurnes/buildfab/internal/executor/executor.go:344.22,346.11 1 0
github.com/AlexBurnes/buildfab/internal/executor/executor.go:347.12,347.12 0 22
github.com/AlexBurnes/buildfab/internal/executor/executor.go:351.4,355.28 4 22
github.com/AlexBurnes/buildfab/internal/executor/executor.go:355.28,359.31 3 11
github.com/AlexBurnes/buildfab/internal/executor/executor.go:359.31,360.54 1 16
github.com/AlexBurnes/buildfab/internal/executor/executor.go:360.54,362.12 2 0
github.com/AlexBurnes/buildfab/internal/executor/executor.go:365.5,367.16 2 11
github.com/AlexBurnes/buildfab/internal/executor/executor.go:367.16,368.11 1 11
github.com/AlexBurnes/buildfab/internal/executor/executor.go:372.5,372.12 1 0
github.com/AlexBurnes/buildfab/internal/executor/executor.go:373.23,374.12 1 0
github.com/AlexBurnes/buildfab/internal/executor/executor.go:375.46,375.46 0 0
github.com/AlexBurnes/buildfab/internal/executor/executor.go:378.5,378.13 1 0
github.com/AlexBurnes/buildfab/internal/executor/executor.go:382.4,382.40 1 11
github.com/AlexBurnes/buildfab/internal/executor/executor.go:382.40,384.12 1 16
github.com/AlexBurnes/buildfab/internal/executor/executor.go:385.23,386.12 1 0
github.com/AlexBurnes/buildfab/internal/executor/executor.go:387.13,387.13 0 16
github.com/AlexBurnes/buildfab/internal/executor/executor.go:391.5,398.44 5 16
github.com/AlexBurnes/buildfab/internal/executor/executor.go:398.44,406.14 4 0
github.com/AlexBurnes/buildfab/internal/executor/executor.go:410.5,410.40 1 16
github.com/AlexBurnes/buildfab/internal/executor/executor.go:410.40,417.14 3 0
github.com/AlexBurnes/buildfab/internal/executor/executor.go:421.5,421.45 1 16
github.com/AlexBurnes/buildfab/internal/executor/executor.go:421.45,425.26 3 16
github.com/AlexBurnes/buildfab/internal/executor/executor.go:425.26,429.7 3 12
github.com/AlexBurnes/buildfab/internal/executor/executor.go:430.6,430.22 1 16
github.com/AlexBurnes/buildfab/internal/executor/executor.go:436.2,441.21 3 11
github.com/AlexBurnes/buildfab/internal/executor/executor.go:445.175,447.29 1 4
github.com/AlexBurnes/buildfab/internal/executor/executor.go:447.29,448.30 1 5
github.com/AlexBurnes/buildfab/internal/executor/executor.go:448.30,450.70 1 4
github.com/AlexBurnes/buildfab/internal/executor/executor.go:450.70,451.54 1 3
github.com/AlexBurnes/buildfab/internal/executor/executor.go:451.54,452.21 1 3
github.com/AlexBurnes/buildfab/internal/executor/executor.go:452.21,454.7 1 3
github.com/AlexBurnes/buildfab/internal/executor/executor.go:455.6,455.32 1 3
github.com/AlexBurnes/buildfab/internal/executor/executor.go:458.4,458.9 1 4
github.com/AlexBurnes/buildfab/internal/executor/executor.go:464.148,467.26 2 4
github.com/AlexBurnes/buildfab/internal/executor/executor.go:467.26,468.30 1 5
github.com/AlexBurnes/buildfab/internal/executor/executor.go:468.30,470.9 2 4
github.com/AlexBurnes/buildfab/internal/executor/executor.go:474.2,474.21 1 4
github.com/AlexBurnes/buildfab/internal/executor/executor.go:474.21,476.3 1 0
github.com/AlexBurnes/buildfab/internal/executor/executor.go:480.2,480.33 1 4
github.com/AlexBurnes/buildfab/internal/executor/executor.go:480.33,481.34 1 1
github.com/AlexBurnes/buildfab/internal/executor/executor.go:481.34,483.4 1 1
github.com/AlexBurnes/buildfab/internal/executor/executor.go:486.2,486.13 1 3
github.com/AlexBurnes/buildfab/internal/executor/executor.go:490.152,493.34 2 22
github.com/AlexBurnes/buildfab/internal/executor/executor.go:493.34,494.49 1 32
github.com/AlexBurnes/buildfab/internal/executor/executor.go:494.49,495.12 1 16
github.com/AlexBurnes/buildfab/internal/executor/executor.go:499.3,499.50 1 16
github.com/AlexBurnes/buildfab/internal/executor/executor.go:499.50,501.4 1 16
github.com/AlexBurnes/buildfab/internal/executor/executor.go:504.2,504.14 1 22
github.com/AlexBurnes/buildfab/internal/executor/executor.go:508.130,509.29 1 11
github.com/AlexBurnes/buildfab/internal/executor/executor.go:509.29,510.30 1 16
github.com/AlexBurnes/buildfab/internal/executor/executor.go:510.30,511.56 1 13
github.com/AlexBurnes/buildfab/internal/executor/executor.go:511.56,512.20 1 1
github.com/AlexBurnes/buildfab/internal/executor/executor.go:512.20,514.6 1 1
github.com/AlexBurnes/buildfab/internal/executor/executor.go:515.5,515.34 1 1
github.com/AlexBurnes/buildfab/internal/executor/executor.go:522.92,523.40 1 16
github.com/AlexBurnes/buildfab/internal/executor/executor.go:523.40,524.22 1 0
github.com/AlexBurnes/buildfab/internal/executor/executor.go:524.22,526.4 1 0
github.com/AlexBurnes/buildfab/internal/executor/executor.go:528.2,528.13 1 16
github.com/AlexBurnes/buildfab/internal/executor/executor.go:532.84,533.40 1 16
github.com/AlexBurnes/buildfab/internal/executor/executor.go:533.40,534.18 1 0
github.com/AlexBurnes/buildfab/internal/executor/executor.go:534.18,536.4 1 0
github.com/AlexBurnes/buildfab/internal/executor/executor.go:538.2,538.14 1 16
github.com/AlexBurnes/buildfab/internal/executor/executor.go:542.93,544.40 2 0
github.com/AlexBurnes/buildfab/internal/executor/executor.go:544.40,545.18 1 0
github.com/AlexBurnes/buildfab/internal/executor/executor.go:545.18,547.4 1 0
github.com/AlexBurnes/buildfab/internal/executor/executor.go:549.2,549.19 1 0
github.com/AlexBurnes/buildfab/internal/executor/executor.go:553.104,555.22 1 19
github.com/AlexBurnes/buildfab/internal/executor/executor.go:555.22,561.3 1 0
github.com/AlexBurnes/buildfab/internal/executor/executor.go:564.2,564.32 1 19
github.com/AlexBurnes/buildfab/internal/executor/executor.go:564.32,566.3 1 0
github.com/AlexBurnes/buildfab/internal/executor/executor.go:568.2,571.23 3 19
github.com/AlexBurnes/buildfab/internal/executor/executor.go:571.23,573.3 1 1
github.com/AlexBurnes/buildfab/internal/executor/executor.go:573.8,575.3 1 18
github.com/AlexBurnes/buildfab/internal/executor/executor.go:578.2,578.32 1 19
github.com/AlexBurnes/buildfab/internal/executor/executor.go:578.32,582.17 3 0
github.com/AlexBurnes/buildfab/internal/executor/executor.go:582.17,586.4 3 0
github.com/AlexBurnes/buildfab/internal/executor/executor.go:586.9,586.50 1 0
github.com/AlexBurnes/buildfab/internal/executor/executor.go:586.50,589.4 2 0
github.com/AlexBurnes/buildfab/internal/executor/executor.go:589.9,589.51 1 0
github.com/AlexBurnes/buildfab/internal/executor/executor.go:589.51,592.4 2 0
github.com/AlexBurnes/buildfab/internal/executor/executor.go:592.9,592.53 1 0
github.com/AlexBurnes/buildfab/internal/executor/executor.go:592.53,595.4 2 0
github.com/AlexBurnes/buildfab/internal/executor/executor.go:597.3,597.89 1 0
github.com/AlexBurnes/buildfab/internal/executor/executor.go:600.2,600.20 1 19
github.com/AlexBurnes/buildfab/internal/executor/executor.go:604.111,606.13 2 1
github.com/AlexBurnes/buildfab/internal/executor/executor.go:606.13,611.3 1 0
github.com/AlexBurnes/buildfab/internal/executor/executor.go:613.2,616.41 2 1
github.com/AlexBurnes/buildfab/internal/executor/executor.go:616.41,618.3 1 1
github.com/AlexBurnes/buildfab/internal/executor/executor.go:620.2,620.20 1 1
github.com/AlexBurnes/buildfab/internal/executor/executor.go:624.110,626.22 1 18
github.com/AlexBurnes/buildfab/internal/executor/executor.go:626.22,632.3 1 0
github.com/AlexBurnes/buildfab/internal/executor/executor.go:634.2,634.22 1 18
github.com/AlexBurnes/buildfab/internal/executor/executor.go:634.22,639.3 1 0
github.com/AlexBurnes/buildfab/internal/executor/executor.go:642.2,642.17 1 18
github.com/AlexBurnes/buildfab/internal/executor/executor.go:642.17,644.3 1 18
github.com/AlexBurnes/buildfab/internal/executor/executor.go:647.2,650.20 3 18
github.com/AlexBurnes/buildfab/internal/executor/executor.go:650.20,653.3 1 14
github.com/AlexBurnes/buildfab/internal/executor/executor.go:653.8,659.37 3 4
github.com/AlexBurnes/buildfab/internal/executor/executor.go:659.37,661.31 2 4
github.com/AlexBurnes/buildfab/internal/executor/executor.go:661.31,662.38 1 4
github.com/AlexBurnes/buildfab/internal/executor/executor.go:662.38,664.6 1 4
github.com/AlexBurnes/buildfab/internal/executor/executor.go:669.2,669.16 1 18
github.com/AlexBurnes/buildfab/internal/executor/executor.go:669.16,675.3 1 13
github.com/AlexBurnes/buildfab/internal/executor/executor.go:677.2,680.8 1 5
github.com/AlexBurnes/buildfab/internal/executor/executor.go:684.109,687.16 2 14
github.com/AlexBurnes/buildfab/internal/executor/executor.go:687.16,689.3 1 0
github.com/AlexBurnes/buildfab/internal/executor/executor.go:691.2,692.16 2 14
github.com/AlexBurnes/buildfab/internal/executor/executor.go:692.16,694.3 1 0
github.com/AlexBurnes/buildfab/internal/executor/executor.go:697.2,697.36 1 14
github.com/AlexBurnes/buildfab/internal/executor/executor.go:697.36,699.3 1 0
github.com/AlexBurnes/buildfab/internal/executor/executor.go:702.2,705.12 2 14
github.com/AlexBurnes/buildfab/internal/executor/executor.go:705.12,707.22 2 14
github.com/AlexBurnes/buildfab/internal/executor/executor.go:707.22,711.19 2 2
github.com/AlexBurnes/buildfab/internal/executor/executor.go:711.19,713.5 1 2
github.com/AlexBurnes/buildfab/internal/executor/executor.go:718.2,718.12 1 14
github.com/AlexBurnes/buildfab/internal/executor/executor.go:718.12,720.22 2 14
github.com/AlexBurnes/buildfab/internal/executor/executor.go:720.22,724.19 2 0
github.com/AlexBurnes/buildfab/internal/executor/executor.go:724.19,726.5 1 0
github.com/AlexBurnes/buildfab/internal/executor/executor.go:731.2,731.12 1 14
github.com/AlexBurnes/buildfab/internal/executor/executor.go:731.12,733.3 1 14
github.com/AlexBurnes/buildfab/internal/executor/executor.go:736.2,736.9 1 14
github.com/AlexBurnes/buildfab/internal/executor/executor.go:737.21,739.13 1 1
github.com/AlexBurnes/buildfab/internal/executor/executor.go:740.20,742.25 1 13
github.com/AlexBurnes/buildfab/internal/executor/executor.go:742.25,744.4 1 13
github.com/AlexBurnes/buildfab/internal/executor/executor.go:745.3,745.19 1 13
github.com/AlexBurnes/buildfab/internal/executor/executor.go:750.40,752.53 1 0
github.com/AlexBurnes/buildfab/internal/executor/executor.go:752.53,754.3 1 0
github.com/AlexBurnes/buildfab/internal/executor/executor.go:757.2,757.94 1 0
github.com/AlexBurnes/buildfab/internal/executor/executor.go:757.94,759.3 1 0
github.com/AlexBurnes/buildfab/internal/executor/executor.go:762.2,762.18 1 0
github.com/AlexBurnes/buildfab/internal/executor/executor.go:766.54,768.16 2 0
github.com/AlexBurnes/buildfab/internal/executor/executor.go:768.16,770.3 1 0
github.com/AlexBurnes/buildfab/internal/executor/executor.go:772.2,773.19 2 0
github.com/AlexBurnes/buildfab/internal/executor/executor.go:773.19,775.3 1 0
github.com/AlexBurnes/buildfab/internal/executor/executor.go:777.2,777.21 1 0
github.com/AlexBurnes/buildfab/internal/executor/executor.go:781.79,783.24 1 16
github.com/AlexBurnes/buildfab/internal/executor/executor.go:783.24,784.46 1 0
github.com/AlexBurnes/buildfab/internal/executor/executor.go:784.46,786.4 1 0
github.com/AlexBurnes/buildfab/internal/executor/executor.go:790.2,790.29 1 16
github.com/AlexBurnes/buildfab/internal/executor/executor.go:790.29,791.52 1 0
github.com/AlexBurnes/buildfab/internal/executor/executor.go:791.52,793.4 1 0
github.com/AlexBurnes/buildfab/internal/executor/executor.go:796.2,796.13 1 16
github.com/AlexBurnes/buildfab/internal/executor/executor.go:800.82,804.46 1 0
github.com/AlexBurnes/buildfab/internal/executor/executor.go:804.46,807.3 2 0
github.com/AlexBurnes/buildfab/internal/executor/executor.go:809.2,809.49 1 0
github.com/AlexBurnes/buildfab/internal/executor/executor.go:809.49,812.3 2 0
github.com/AlexBurnes/buildfab/internal/executor/executor.go:815.2,815.13 1 0
github.com/AlexBurnes/buildfab/internal/executor/executor.go:819.93,821.16 2 0
github.com/AlexBurnes/buildfab/internal/executor/executor.go:821.16,824.3 1 0
github.com/AlexBurnes/buildfab/internal/executor/executor.go:826.2,826.43 1 0
github.com/AlexBurnes/buildfab/internal/executor/executor.go:826.43,827.31 1 0
github.com/AlexBurnes/buildfab/internal/executor/executor.go:827.31,829.4 1 0
github.com/AlexBurnes/buildfab/internal/executor/executor.go:832.2,832.14 1 0
github.com/AlexBurnes/buildfab/internal/executor/executor.go:836.72,839.16 2 0
github.com/AlexBurnes/buildfab/internal/executor/executor.go:839.16,841.3 1 0
github.com/AlexBurnes/buildfab/internal/executor/executor.go:843.2,843.32 1 0
github.com/AlexBurnes/buildfab/internal/executor/executor.go:847.48,848.33 1 11
github.com/AlexBurnes/buildfab/internal/executor/executor.go:848.33,849.44 1 4
github.com/AlexBurnes/buildfab/internal/executor/executor.go:849.44,851.4 1 0
github.com/AlexBurnes/buildfab/internal/executor/executor.go:853.2,853.14 1 11
