mode: atomic
github.com/AlexBurnes/buildfab/test_version.go:9.13,12.16 3 0
github.com/AlexBurnes/buildfab/test_version.go:12.16,15.3 2 0
github.com/AlexBurnes/buildfab/test_version.go:17.2,18.25 2 0
github.com/AlexBurnes/buildfab/test_version.go:18.25,20.3 1 0
github.com/AlexBurnes/buildfab/pkg/buildfab/buildfab.go:66.33,67.11 1 7
github.com/AlexBurnes/buildfab/pkg/buildfab/buildfab.go:68.21,69.19 1 1
github.com/AlexBurnes/buildfab/pkg/buildfab/buildfab.go:70.21,71.19 1 1
github.com/AlexBurnes/buildfab/pkg/buildfab/buildfab.go:72.16,73.14 1 1
github.com/AlexBurnes/buildfab/pkg/buildfab/buildfab.go:74.18,75.16 1 1
github.com/AlexBurnes/buildfab/pkg/buildfab/buildfab.go:76.19,77.17 1 1
github.com/AlexBurnes/buildfab/pkg/buildfab/buildfab.go:78.21,79.19 1 1
github.com/AlexBurnes/buildfab/pkg/buildfab/buildfab.go:80.10,81.19 1 1
github.com/AlexBurnes/buildfab/pkg/buildfab/buildfab.go:100.38,113.2 1 5
github.com/AlexBurnes/buildfab/pkg/buildfab/buildfab.go:122.58,123.17 1 5
github.com/AlexBurnes/buildfab/pkg/buildfab/buildfab.go:123.17,125.3 1 4
github.com/AlexBurnes/buildfab/pkg/buildfab/buildfab.go:126.2,129.3 1 5
github.com/AlexBurnes/buildfab/pkg/buildfab/buildfab.go:133.72,135.13 2 2
github.com/AlexBurnes/buildfab/pkg/buildfab/buildfab.go:135.13,137.3 1 1
github.com/AlexBurnes/buildfab/pkg/buildfab/buildfab.go:140.2,140.58 1 1
github.com/AlexBurnes/buildfab/pkg/buildfab/buildfab.go:144.74,146.13 2 2
github.com/AlexBurnes/buildfab/pkg/buildfab/buildfab.go:146.13,148.3 1 1
github.com/AlexBurnes/buildfab/pkg/buildfab/buildfab.go:151.2,151.59 1 1
github.com/AlexBurnes/buildfab/pkg/buildfab/buildfab.go:155.86,157.13 2 3
github.com/AlexBurnes/buildfab/pkg/buildfab/buildfab.go:157.13,159.3 1 1
github.com/AlexBurnes/buildfab/pkg/buildfab/buildfab.go:162.2,163.35 2 2
github.com/AlexBurnes/buildfab/pkg/buildfab/buildfab.go:163.35,164.30 1 3
github.com/AlexBurnes/buildfab/pkg/buildfab/buildfab.go:164.30,166.9 2 1
github.com/AlexBurnes/buildfab/pkg/buildfab/buildfab.go:170.2,170.23 1 2
github.com/AlexBurnes/buildfab/pkg/buildfab/buildfab.go:170.23,172.3 1 1
github.com/AlexBurnes/buildfab/pkg/buildfab/buildfab.go:175.2,175.57 1 1
github.com/AlexBurnes/buildfab/pkg/buildfab/buildfab.go:179.55,185.2 3 1
github.com/AlexBurnes/buildfab/pkg/buildfab/buildfab.go:188.56,189.35 1 4
github.com/AlexBurnes/buildfab/pkg/buildfab/buildfab.go:189.35,190.26 1 5
github.com/AlexBurnes/buildfab/pkg/buildfab/buildfab.go:190.26,192.4 1 2
github.com/AlexBurnes/buildfab/pkg/buildfab/buildfab.go:194.2,194.24 1 2
github.com/AlexBurnes/buildfab/pkg/buildfab/buildfab.go:198.54,201.2 2 7
github.com/AlexBurnes/buildfab/pkg/buildfab/buildfab.go:204.35,205.26 1 12
github.com/AlexBurnes/buildfab/pkg/buildfab/buildfab.go:205.26,207.3 1 1
github.com/AlexBurnes/buildfab/pkg/buildfab/buildfab.go:209.2,209.25 1 11
github.com/AlexBurnes/buildfab/pkg/buildfab/buildfab.go:209.25,211.3 1 1
github.com/AlexBurnes/buildfab/pkg/buildfab/buildfab.go:214.2,215.35 2 10
github.com/AlexBurnes/buildfab/pkg/buildfab/buildfab.go:215.35,216.24 1 11
github.com/AlexBurnes/buildfab/pkg/buildfab/buildfab.go:216.24,218.4 1 1
github.com/AlexBurnes/buildfab/pkg/buildfab/buildfab.go:220.3,220.44 1 10
github.com/AlexBurnes/buildfab/pkg/buildfab/buildfab.go:220.44,222.4 1 1
github.com/AlexBurnes/buildfab/pkg/buildfab/buildfab.go:224.3,224.44 1 9
github.com/AlexBurnes/buildfab/pkg/buildfab/buildfab.go:224.44,226.4 1 1
github.com/AlexBurnes/buildfab/pkg/buildfab/buildfab.go:228.3,228.31 1 8
github.com/AlexBurnes/buildfab/pkg/buildfab/buildfab.go:228.31,230.4 1 1
github.com/AlexBurnes/buildfab/pkg/buildfab/buildfab.go:231.3,231.34 1 7
github.com/AlexBurnes/buildfab/pkg/buildfab/buildfab.go:235.2,235.41 1 6
github.com/AlexBurnes/buildfab/pkg/buildfab/buildfab.go:235.41,236.28 1 6
github.com/AlexBurnes/buildfab/pkg/buildfab/buildfab.go:236.28,238.4 1 1
github.com/AlexBurnes/buildfab/pkg/buildfab/buildfab.go:240.3,240.36 1 5
github.com/AlexBurnes/buildfab/pkg/buildfab/buildfab.go:240.36,241.25 1 5
github.com/AlexBurnes/buildfab/pkg/buildfab/buildfab.go:241.25,243.5 1 1
github.com/AlexBurnes/buildfab/pkg/buildfab/buildfab.go:245.4,245.33 1 4
github.com/AlexBurnes/buildfab/pkg/buildfab/buildfab.go:245.33,247.5 1 1
github.com/AlexBurnes/buildfab/pkg/buildfab/buildfab.go:249.4,249.78 1 3
github.com/AlexBurnes/buildfab/pkg/buildfab/buildfab.go:249.78,251.5 1 1
github.com/AlexBurnes/buildfab/pkg/buildfab/buildfab.go:254.4,254.40 1 2
github.com/AlexBurnes/buildfab/pkg/buildfab/buildfab.go:254.40,255.132 1 1
github.com/AlexBurnes/buildfab/pkg/buildfab/buildfab.go:255.132,257.6 1 1
github.com/AlexBurnes/buildfab/pkg/buildfab/buildfab.go:262.2,262.12 1 1
github.com/AlexBurnes/buildfab/pkg/buildfab/errors.go:13.45,14.18 1 2
github.com/AlexBurnes/buildfab/pkg/buildfab/errors.go:14.18,16.3 1 1
github.com/AlexBurnes/buildfab/pkg/buildfab/errors.go:17.2,17.58 1 1
github.com/AlexBurnes/buildfab/pkg/buildfab/errors.go:28.41,30.2 1 1
github.com/AlexBurnes/buildfab/pkg/buildfab/errors.go:38.42,39.22 1 2
github.com/AlexBurnes/buildfab/pkg/buildfab/errors.go:39.22,41.3 1 1
github.com/AlexBurnes/buildfab/pkg/buildfab/errors.go:42.2,42.55 1 1
github.com/AlexBurnes/buildfab/pkg/buildfab/errors.go:51.40,53.2 1 1
github.com/AlexBurnes/buildfab/pkg/buildfab/types.go:37.37,38.11 1 7
github.com/AlexBurnes/buildfab/pkg/buildfab/types.go:39.25,40.19 1 1
github.com/AlexBurnes/buildfab/pkg/buildfab/types.go:41.25,42.19 1 1
github.com/AlexBurnes/buildfab/pkg/buildfab/types.go:43.20,44.14 1 1
github.com/AlexBurnes/buildfab/pkg/buildfab/types.go:45.22,46.16 1 1
github.com/AlexBurnes/buildfab/pkg/buildfab/types.go:47.23,48.17 1 1
github.com/AlexBurnes/buildfab/pkg/buildfab/types.go:49.25,50.19 1 1
github.com/AlexBurnes/buildfab/pkg/buildfab/types.go:51.10,52.19 1 1
github.com/AlexBurnes/buildfab/internal/ui/ui.go:20.35,25.2 1 15
github.com/AlexBurnes/buildfab/internal/ui/ui.go:28.51,31.38 2 1
github.com/AlexBurnes/buildfab/internal/ui/ui.go:31.38,33.3 1 1
github.com/AlexBurnes/buildfab/internal/ui/ui.go:34.2,35.270 2 1
github.com/AlexBurnes/buildfab/internal/ui/ui.go:39.61,43.2 3 1
github.com/AlexBurnes/buildfab/internal/ui/ui.go:46.49,49.2 2 1
github.com/AlexBurnes/buildfab/internal/ui/ui.go:52.87,56.16 3 1
github.com/AlexBurnes/buildfab/internal/ui/ui.go:57.25,59.21 2 1
github.com/AlexBurnes/buildfab/internal/ui/ui.go:60.27,62.21 2 0
github.com/AlexBurnes/buildfab/internal/ui/ui.go:63.28,65.21 2 0
github.com/AlexBurnes/buildfab/internal/ui/ui.go:66.30,68.21 2 0
github.com/AlexBurnes/buildfab/internal/ui/ui.go:69.30,71.21 2 0
github.com/AlexBurnes/buildfab/internal/ui/ui.go:72.10,74.21 2 0
github.com/AlexBurnes/buildfab/internal/ui/ui.go:77.2,81.21 3 1
github.com/AlexBurnes/buildfab/internal/ui/ui.go:81.21,84.3 1 1
github.com/AlexBurnes/buildfab/internal/ui/ui.go:84.8,87.34 2 0
github.com/AlexBurnes/buildfab/internal/ui/ui.go:87.34,88.37 1 0
github.com/AlexBurnes/buildfab/internal/ui/ui.go:88.37,91.5 1 0
github.com/AlexBurnes/buildfab/internal/ui/ui.go:97.87,104.13 5 1
github.com/AlexBurnes/buildfab/internal/ui/ui.go:104.13,108.3 3 1
github.com/AlexBurnes/buildfab/internal/ui/ui.go:108.8,112.3 3 0
github.com/AlexBurnes/buildfab/internal/ui/ui.go:114.2,116.111 3 1
github.com/AlexBurnes/buildfab/internal/ui/ui.go:120.43,121.15 1 1
github.com/AlexBurnes/buildfab/internal/ui/ui.go:121.15,123.3 1 1
github.com/AlexBurnes/buildfab/internal/ui/ui.go:127.48,128.31 1 1
github.com/AlexBurnes/buildfab/internal/ui/ui.go:128.31,130.30 2 1
github.com/AlexBurnes/buildfab/internal/ui/ui.go:130.30,132.4 1 1
github.com/AlexBurnes/buildfab/internal/ui/ui.go:137.49,143.29 4 1
github.com/AlexBurnes/buildfab/internal/ui/ui.go:143.29,144.36 1 1
github.com/AlexBurnes/buildfab/internal/ui/ui.go:144.36,147.4 1 1
github.com/AlexBurnes/buildfab/internal/ui/ui.go:152.55,154.2 1 1
github.com/AlexBurnes/buildfab/internal/ui/ui.go:157.54,158.23 1 1
github.com/AlexBurnes/buildfab/internal/ui/ui.go:158.23,160.3 1 0
github.com/AlexBurnes/buildfab/internal/ui/ui.go:162.2,166.33 4 1
github.com/AlexBurnes/buildfab/internal/ui/ui.go:166.33,168.3 1 2
github.com/AlexBurnes/buildfab/internal/ui/ui.go:171.2,178.37 2 1
github.com/AlexBurnes/buildfab/internal/ui/ui.go:178.37,183.17 4 4
github.com/AlexBurnes/buildfab/internal/ui/ui.go:184.26,186.17 2 1
github.com/AlexBurnes/buildfab/internal/ui/ui.go:186.17,188.5 1 1
github.com/AlexBurnes/buildfab/internal/ui/ui.go:188.10,190.5 1 0
github.com/AlexBurnes/buildfab/internal/ui/ui.go:191.28,193.17 2 1
github.com/AlexBurnes/buildfab/internal/ui/ui.go:193.17,195.5 1 0
github.com/AlexBurnes/buildfab/internal/ui/ui.go:195.10,197.5 1 1
github.com/AlexBurnes/buildfab/internal/ui/ui.go:198.29,200.17 2 1
github.com/AlexBurnes/buildfab/internal/ui/ui.go:200.17,202.5 1 1
github.com/AlexBurnes/buildfab/internal/ui/ui.go:202.10,204.5 1 0
github.com/AlexBurnes/buildfab/internal/ui/ui.go:205.31,207.17 2 1
github.com/AlexBurnes/buildfab/internal/ui/ui.go:207.17,209.5 1 0
github.com/AlexBurnes/buildfab/internal/ui/ui.go:209.10,211.5 1 1
github.com/AlexBurnes/buildfab/internal/ui/ui.go:212.11,214.17 2 0
github.com/AlexBurnes/buildfab/internal/ui/ui.go:214.17,216.5 1 0
github.com/AlexBurnes/buildfab/internal/ui/ui.go:216.10,218.5 1 0
github.com/AlexBurnes/buildfab/internal/ui/ui.go:221.3,222.111 2 4
github.com/AlexBurnes/buildfab/internal/ui/ui.go:227.31,229.2 1 2
github.com/AlexBurnes/buildfab/internal/ui/ui.go:232.29,234.2 1 2
github.com/AlexBurnes/buildfab/internal/config/config.go:23.37,27.2 1 5
github.com/AlexBurnes/buildfab/internal/config/config.go:30.56,33.2 2 4
github.com/AlexBurnes/buildfab/internal/config/config.go:36.51,38.57 1 4
github.com/AlexBurnes/buildfab/internal/config/config.go:38.57,40.3 1 1
github.com/AlexBurnes/buildfab/internal/config/config.go:43.2,44.16 2 3
github.com/AlexBurnes/buildfab/internal/config/config.go:44.16,46.3 1 0
github.com/AlexBurnes/buildfab/internal/config/config.go:47.2,51.16 3 3
github.com/AlexBurnes/buildfab/internal/config/config.go:51.16,53.3 1 0
github.com/AlexBurnes/buildfab/internal/config/config.go:56.2,57.57 2 3
github.com/AlexBurnes/buildfab/internal/config/config.go:57.57,59.3 1 0
github.com/AlexBurnes/buildfab/internal/config/config.go:62.2,62.42 1 3
github.com/AlexBurnes/buildfab/internal/config/config.go:62.42,64.3 1 0
github.com/AlexBurnes/buildfab/internal/config/config.go:66.2,66.21 1 3
github.com/AlexBurnes/buildfab/internal/config/config.go:70.56,81.39 2 3
github.com/AlexBurnes/buildfab/internal/config/config.go:81.39,83.48 2 8
github.com/AlexBurnes/buildfab/internal/config/config.go:83.48,85.4 1 2
github.com/AlexBurnes/buildfab/internal/config/config.go:88.2,88.77 1 1
github.com/AlexBurnes/buildfab/internal/config/config.go:92.83,94.32 1 3
github.com/AlexBurnes/buildfab/internal/config/config.go:94.32,95.34 1 3
github.com/AlexBurnes/buildfab/internal/config/config.go:95.34,97.18 2 3
github.com/AlexBurnes/buildfab/internal/config/config.go:97.18,99.5 1 2
github.com/AlexBurnes/buildfab/internal/config/config.go:100.4,100.36 1 1
github.com/AlexBurnes/buildfab/internal/config/config.go:104.2,104.12 1 1
github.com/AlexBurnes/buildfab/internal/config/config.go:108.75,112.6 2 9
github.com/AlexBurnes/buildfab/internal/config/config.go:112.6,114.18 2 15
github.com/AlexBurnes/buildfab/internal/config/config.go:114.18,115.9 1 5
github.com/AlexBurnes/buildfab/internal/config/config.go:118.3,119.16 2 10
github.com/AlexBurnes/buildfab/internal/config/config.go:119.16,121.4 1 2
github.com/AlexBurnes/buildfab/internal/config/config.go:123.3,128.14 4 8
github.com/AlexBurnes/buildfab/internal/config/config.go:128.14,130.4 1 2
github.com/AlexBurnes/buildfab/internal/config/config.go:132.3,132.49 1 6
github.com/AlexBurnes/buildfab/internal/config/config.go:135.2,135.20 1 5
github.com/AlexBurnes/buildfab/internal/config/config.go:139.46,144.2 1 1
github.com/AlexBurnes/buildfab/internal/config/config.go:147.73,151.47 2 1
github.com/AlexBurnes/buildfab/internal/config/config.go:151.47,153.3 1 0
github.com/AlexBurnes/buildfab/internal/config/config.go:156.2,156.53 1 1
github.com/AlexBurnes/buildfab/internal/config/config.go:156.53,158.3 1 0
github.com/AlexBurnes/buildfab/internal/config/config.go:160.2,160.23 1 1
github.com/AlexBurnes/buildfab/internal/config/config.go:164.56,167.16 3 1
github.com/AlexBurnes/buildfab/internal/config/config.go:167.16,169.3 1 1
github.com/AlexBurnes/buildfab/internal/config/config.go:170.2,170.47 1 0
github.com/AlexBurnes/buildfab/internal/config/config.go:174.59,177.16 3 1
github.com/AlexBurnes/buildfab/internal/config/config.go:177.16,179.3 1 1
github.com/AlexBurnes/buildfab/internal/config/config.go:180.2,180.47 1 0
github.com/AlexBurnes/buildfab/internal/version/version.go:18.22,20.2 1 4
github.com/AlexBurnes/buildfab/internal/version/version.go:35.78,37.53 1 4
github.com/AlexBurnes/buildfab/internal/version/version.go:37.53,39.3 1 3
github.com/AlexBurnes/buildfab/internal/version/version.go:42.2,42.53 1 1
github.com/AlexBurnes/buildfab/internal/version/version.go:42.53,44.3 1 0
github.com/AlexBurnes/buildfab/internal/version/version.go:47.2,47.23 1 1
github.com/AlexBurnes/buildfab/internal/version/version.go:51.81,56.16 3 2
github.com/AlexBurnes/buildfab/internal/version/version.go:56.16,58.3 1 0
github.com/AlexBurnes/buildfab/internal/version/version.go:59.2,63.16 3 2
github.com/AlexBurnes/buildfab/internal/version/version.go:63.16,65.3 1 0
github.com/AlexBurnes/buildfab/internal/version/version.go:67.2,74.16 6 2
github.com/AlexBurnes/buildfab/internal/version/version.go:74.16,76.3 1 2
github.com/AlexBurnes/buildfab/internal/version/version.go:79.2,80.16 2 2
github.com/AlexBurnes/buildfab/internal/version/version.go:80.16,82.3 1 0
github.com/AlexBurnes/buildfab/internal/version/version.go:85.2,87.18 2 2
github.com/AlexBurnes/buildfab/internal/version/version.go:91.88,93.16 2 1
github.com/AlexBurnes/buildfab/internal/version/version.go:93.16,95.3 1 0
github.com/AlexBurnes/buildfab/internal/version/version.go:97.2,108.23 2 1
github.com/AlexBurnes/buildfab/internal/version/version.go:112.54,114.16 2 4
github.com/AlexBurnes/buildfab/internal/version/version.go:114.16,116.3 1 1
github.com/AlexBurnes/buildfab/internal/version/version.go:118.2,119.19 2 3
github.com/AlexBurnes/buildfab/internal/version/version.go:119.19,121.3 1 0
github.com/AlexBurnes/buildfab/internal/version/version.go:123.2,123.21 1 3
github.com/AlexBurnes/buildfab/internal/version/version.go:127.70,130.16 3 1
github.com/AlexBurnes/buildfab/internal/version/version.go:130.16,132.3 1 1
github.com/AlexBurnes/buildfab/internal/version/version.go:133.2,133.47 1 0
github.com/AlexBurnes/buildfab/internal/version/version.go:137.75,141.16 3 2
github.com/AlexBurnes/buildfab/internal/version/version.go:141.16,145.21 3 2
github.com/AlexBurnes/buildfab/internal/version/version.go:145.21,147.4 1 2
github.com/AlexBurnes/buildfab/internal/version/version.go:151.2,152.16 2 0
github.com/AlexBurnes/buildfab/internal/version/version.go:152.16,154.3 1 0
github.com/AlexBurnes/buildfab/internal/version/version.go:156.2,157.20 2 0
github.com/AlexBurnes/buildfab/internal/version/version.go:157.20,159.3 1 0
github.com/AlexBurnes/buildfab/internal/version/version.go:161.2,161.23 1 0
github.com/AlexBurnes/buildfab/internal/version/version.go:165.73,168.16 3 2
github.com/AlexBurnes/buildfab/internal/version/version.go:168.16,170.3 1 2
github.com/AlexBurnes/buildfab/internal/version/version.go:171.2,171.47 1 0
github.com/AlexBurnes/buildfab/internal/version/version.go:175.45,179.2 1 2
github.com/AlexBurnes/buildfab/internal/version/version.go:182.67,184.16 2 0
github.com/AlexBurnes/buildfab/internal/version/version.go:184.16,186.3 1 0
github.com/AlexBurnes/buildfab/internal/version/version.go:187.2,187.36 1 0
github.com/AlexBurnes/buildfab/internal/actions/registry.go:26.22,39.2 7 4
github.com/AlexBurnes/buildfab/internal/actions/registry.go:42.63,44.2 1 21
github.com/AlexBurnes/buildfab/internal/actions/registry.go:47.64,50.2 2 3
github.com/AlexBurnes/buildfab/internal/actions/registry.go:53.52,55.38 2 1
github.com/AlexBurnes/buildfab/internal/actions/registry.go:55.38,57.3 1 5
github.com/AlexBurnes/buildfab/internal/actions/registry.go:58.2,58.16 1 1
github.com/AlexBurnes/buildfab/internal/actions/registry.go:64.80,67.16 3 0
github.com/AlexBurnes/buildfab/internal/actions/registry.go:67.16,72.3 1 0
github.com/AlexBurnes/buildfab/internal/actions/registry.go:74.2,77.29 3 0
github.com/AlexBurnes/buildfab/internal/actions/registry.go:77.29,78.41 1 0
github.com/AlexBurnes/buildfab/internal/actions/registry.go:78.41,80.4 1 0
github.com/AlexBurnes/buildfab/internal/actions/registry.go:83.2,83.24 1 0
github.com/AlexBurnes/buildfab/internal/actions/registry.go:83.24,88.3 1 0
github.com/AlexBurnes/buildfab/internal/actions/registry.go:90.2,93.8 1 0
github.com/AlexBurnes/buildfab/internal/actions/registry.go:96.51,98.2 1 3
github.com/AlexBurnes/buildfab/internal/actions/registry.go:103.82,106.16 3 0
github.com/AlexBurnes/buildfab/internal/actions/registry.go:106.16,111.3 1 0
github.com/AlexBurnes/buildfab/internal/actions/registry.go:113.2,116.29 3 0
github.com/AlexBurnes/buildfab/internal/actions/registry.go:116.29,117.123 1 0
github.com/AlexBurnes/buildfab/internal/actions/registry.go:117.123,119.4 1 0
github.com/AlexBurnes/buildfab/internal/actions/registry.go:122.2,122.26 1 0
github.com/AlexBurnes/buildfab/internal/actions/registry.go:122.26,127.3 1 0
github.com/AlexBurnes/buildfab/internal/actions/registry.go:129.2,132.8 1 0
github.com/AlexBurnes/buildfab/internal/actions/registry.go:135.53,137.2 1 3
github.com/AlexBurnes/buildfab/internal/actions/registry.go:142.79,145.16 3 0
github.com/AlexBurnes/buildfab/internal/actions/registry.go:145.16,150.3 1 0
github.com/AlexBurnes/buildfab/internal/actions/registry.go:152.2,155.29 3 0
github.com/AlexBurnes/buildfab/internal/actions/registry.go:155.29,156.17 1 0
github.com/AlexBurnes/buildfab/internal/actions/registry.go:156.17,158.4 1 0
github.com/AlexBurnes/buildfab/internal/actions/registry.go:161.2,161.23 1 0
github.com/AlexBurnes/buildfab/internal/actions/registry.go:161.23,166.3 1 0
github.com/AlexBurnes/buildfab/internal/actions/registry.go:168.2,171.8 1 0
github.com/AlexBurnes/buildfab/internal/actions/registry.go:174.50,176.2 1 3
github.com/AlexBurnes/buildfab/internal/actions/registry.go:181.80,184.16 2 4
github.com/AlexBurnes/buildfab/internal/actions/registry.go:184.16,189.3 1 1
github.com/AlexBurnes/buildfab/internal/actions/registry.go:191.2,192.19 2 3
github.com/AlexBurnes/buildfab/internal/actions/registry.go:192.19,197.3 1 1
github.com/AlexBurnes/buildfab/internal/actions/registry.go:200.2,200.30 1 2
github.com/AlexBurnes/buildfab/internal/actions/registry.go:200.30,205.3 1 1
github.com/AlexBurnes/buildfab/internal/actions/registry.go:207.2,210.8 1 1
github.com/AlexBurnes/buildfab/internal/actions/registry.go:213.51,215.2 1 3
github.com/AlexBurnes/buildfab/internal/actions/registry.go:220.88,223.16 2 0
github.com/AlexBurnes/buildfab/internal/actions/registry.go:223.16,228.3 1 0
github.com/AlexBurnes/buildfab/internal/actions/registry.go:230.2,235.16 4 0
github.com/AlexBurnes/buildfab/internal/actions/registry.go:235.16,240.3 1 0
github.com/AlexBurnes/buildfab/internal/actions/registry.go:242.2,243.57 2 0
github.com/AlexBurnes/buildfab/internal/actions/registry.go:243.57,248.3 1 0
github.com/AlexBurnes/buildfab/internal/actions/registry.go:251.2,253.35 2 0
github.com/AlexBurnes/buildfab/internal/actions/registry.go:253.35,258.3 1 0
github.com/AlexBurnes/buildfab/internal/actions/registry.go:260.2,263.54 1 0
github.com/AlexBurnes/buildfab/internal/actions/registry.go:266.59,268.2 1 3
github.com/AlexBurnes/buildfab/internal/actions/registry.go:271.42,273.38 1 16
github.com/AlexBurnes/buildfab/internal/actions/registry.go:273.38,275.3 1 3
github.com/AlexBurnes/buildfab/internal/actions/registry.go:278.2,281.37 2 13
github.com/AlexBurnes/buildfab/internal/actions/registry.go:281.37,283.3 1 2
github.com/AlexBurnes/buildfab/internal/actions/registry.go:286.2,287.20 2 11
github.com/AlexBurnes/buildfab/internal/actions/registry.go:287.20,289.3 1 1
github.com/AlexBurnes/buildfab/internal/actions/registry.go:292.2,292.29 1 10
github.com/AlexBurnes/buildfab/internal/actions/registry.go:292.29,293.17 1 29
github.com/AlexBurnes/buildfab/internal/actions/registry.go:293.17,295.4 1 3
github.com/AlexBurnes/buildfab/internal/actions/registry.go:297.3,297.32 1 26
github.com/AlexBurnes/buildfab/internal/actions/registry.go:297.32,299.4 1 0
github.com/AlexBurnes/buildfab/internal/actions/registry.go:302.2,302.13 1 7
github.com/AlexBurnes/buildfab/internal/actions/registry.go:306.43,308.21 1 40
github.com/AlexBurnes/buildfab/internal/actions/registry.go:308.21,310.3 1 25
github.com/AlexBurnes/buildfab/internal/actions/registry.go:313.2,315.69 2 15
github.com/AlexBurnes/buildfab/internal/actions/registry.go:315.69,317.3 1 11
github.com/AlexBurnes/buildfab/internal/actions/registry.go:319.2,319.14 1 4
github.com/AlexBurnes/buildfab/internal/actions/registry.go:323.31,324.13 1 49
github.com/AlexBurnes/buildfab/internal/actions/registry.go:324.13,326.3 1 2
github.com/AlexBurnes/buildfab/internal/actions/registry.go:327.2,327.22 1 47
github.com/AlexBurnes/buildfab/internal/actions/registry.go:327.22,328.25 1 59
github.com/AlexBurnes/buildfab/internal/actions/registry.go:328.25,330.4 1 19
github.com/AlexBurnes/buildfab/internal/actions/registry.go:332.2,332.13 1 28
github.com/AlexBurnes/buildfab/internal/executor/executor.go:43.79,50.2 1 6
github.com/AlexBurnes/buildfab/internal/executor/executor.go:53.74,55.13 2 3
github.com/AlexBurnes/buildfab/internal/executor/executor.go:55.13,57.3 1 1
github.com/AlexBurnes/buildfab/internal/executor/executor.go:60.2,61.38 2 2
github.com/AlexBurnes/buildfab/internal/executor/executor.go:61.38,65.3 3 2
github.com/AlexBurnes/buildfab/internal/executor/executor.go:67.2,71.16 3 2
github.com/AlexBurnes/buildfab/internal/executor/executor.go:71.16,73.3 1 0
github.com/AlexBurnes/buildfab/internal/executor/executor.go:76.2,81.38 4 2
github.com/AlexBurnes/buildfab/internal/executor/executor.go:81.38,84.3 2 2
github.com/AlexBurnes/buildfab/internal/executor/executor.go:86.2,86.12 1 2
github.com/AlexBurnes/buildfab/internal/executor/executor.go:90.76,92.13 2 2
github.com/AlexBurnes/buildfab/internal/executor/executor.go:92.13,94.3 1 1
github.com/AlexBurnes/buildfab/internal/executor/executor.go:96.2,97.38 2 1
github.com/AlexBurnes/buildfab/internal/executor/executor.go:97.38,99.3 1 1
github.com/AlexBurnes/buildfab/internal/executor/executor.go:101.2,101.25 1 1
github.com/AlexBurnes/buildfab/internal/executor/executor.go:101.25,103.3 1 0
github.com/AlexBurnes/buildfab/internal/executor/executor.go:105.2,105.12 1 1
github.com/AlexBurnes/buildfab/internal/executor/executor.go:109.88,111.13 2 3
github.com/AlexBurnes/buildfab/internal/executor/executor.go:111.13,113.3 1 1
github.com/AlexBurnes/buildfab/internal/executor/executor.go:116.2,117.35 2 2
github.com/AlexBurnes/buildfab/internal/executor/executor.go:117.35,118.30 1 3
github.com/AlexBurnes/buildfab/internal/executor/executor.go:118.30,120.9 2 1
github.com/AlexBurnes/buildfab/internal/executor/executor.go:124.2,124.23 1 2
github.com/AlexBurnes/buildfab/internal/executor/executor.go:124.23,126.3 1 1
github.com/AlexBurnes/buildfab/internal/executor/executor.go:129.2,130.13 2 1
github.com/AlexBurnes/buildfab/internal/executor/executor.go:130.13,132.3 1 0
github.com/AlexBurnes/buildfab/internal/executor/executor.go:135.2,136.38 2 1
github.com/AlexBurnes/buildfab/internal/executor/executor.go:136.38,138.3 1 1
github.com/AlexBurnes/buildfab/internal/executor/executor.go:140.2,140.25 1 1
github.com/AlexBurnes/buildfab/internal/executor/executor.go:140.25,142.3 1 0
github.com/AlexBurnes/buildfab/internal/executor/executor.go:144.2,144.12 1 1
github.com/AlexBurnes/buildfab/internal/executor/executor.go:148.52,150.2 1 1
github.com/AlexBurnes/buildfab/internal/executor/executor.go:161.81,165.29 2 2
github.com/AlexBurnes/buildfab/internal/executor/executor.go:165.29,167.14 2 3
github.com/AlexBurnes/buildfab/internal/executor/executor.go:167.14,169.4 1 0
github.com/AlexBurnes/buildfab/internal/executor/executor.go:171.3,178.26 2 3
github.com/AlexBurnes/buildfab/internal/executor/executor.go:182.2,182.27 1 2
github.com/AlexBurnes/buildfab/internal/executor/executor.go:182.27,183.41 1 3
github.com/AlexBurnes/buildfab/internal/executor/executor.go:183.41,184.43 1 0
github.com/AlexBurnes/buildfab/internal/executor/executor.go:184.43,186.5 1 0
github.com/AlexBurnes/buildfab/internal/executor/executor.go:186.10,188.5 1 0
github.com/AlexBurnes/buildfab/internal/executor/executor.go:193.2,193.44 1 2
github.com/AlexBurnes/buildfab/internal/executor/executor.go:193.44,195.3 1 0
github.com/AlexBurnes/buildfab/internal/executor/executor.go:197.2,197.17 1 2
github.com/AlexBurnes/buildfab/internal/executor/executor.go:201.64,206.36 4 2
github.com/AlexBurnes/buildfab/internal/executor/executor.go:206.36,207.25 1 3
github.com/AlexBurnes/buildfab/internal/executor/executor.go:207.25,209.4 1 0
github.com/AlexBurnes/buildfab/internal/executor/executor.go:210.3,210.24 1 3
github.com/AlexBurnes/buildfab/internal/executor/executor.go:210.24,212.4 1 0
github.com/AlexBurnes/buildfab/internal/executor/executor.go:214.3,216.16 3 3
github.com/AlexBurnes/buildfab/internal/executor/executor.go:216.16,216.46 1 3
github.com/AlexBurnes/buildfab/internal/executor/executor.go:218.3,219.41 2 3
github.com/AlexBurnes/buildfab/internal/executor/executor.go:219.41,220.35 1 0
github.com/AlexBurnes/buildfab/internal/executor/executor.go:220.35,222.5 1 0
github.com/AlexBurnes/buildfab/internal/executor/executor.go:225.3,225.13 1 3
github.com/AlexBurnes/buildfab/internal/executor/executor.go:228.2,228.28 1 2
github.com/AlexBurnes/buildfab/internal/executor/executor.go:228.28,229.25 1 3
github.com/AlexBurnes/buildfab/internal/executor/executor.go:229.25,230.40 1 3
github.com/AlexBurnes/buildfab/internal/executor/executor.go:230.40,232.5 1 0
github.com/AlexBurnes/buildfab/internal/executor/executor.go:236.2,236.12 1 2
github.com/AlexBurnes/buildfab/internal/executor/executor.go:240.140,258.12 10 2
github.com/AlexBurnes/buildfab/internal/executor/executor.go:258.12,260.34 2 2
github.com/AlexBurnes/buildfab/internal/executor/executor.go:260.34,267.45 6 3
github.com/AlexBurnes/buildfab/internal/executor/executor.go:267.45,269.5 1 0
github.com/AlexBurnes/buildfab/internal/executor/executor.go:270.4,273.81 2 3
github.com/AlexBurnes/buildfab/internal/executor/executor.go:278.2,278.12 1 2
github.com/AlexBurnes/buildfab/internal/executor/executor.go:278.12,279.16 1 2
github.com/AlexBurnes/buildfab/internal/executor/executor.go:279.16,281.8 1 2
github.com/AlexBurnes/buildfab/internal/executor/executor.go:281.8,284.31 3 4
github.com/AlexBurnes/buildfab/internal/executor/executor.go:284.31,285.29 1 5
github.com/AlexBurnes/buildfab/internal/executor/executor.go:285.29,287.12 2 2
github.com/AlexBurnes/buildfab/internal/executor/executor.go:290.5,292.16 2 4
github.com/AlexBurnes/buildfab/internal/executor/executor.go:292.16,293.11 1 2
github.com/AlexBurnes/buildfab/internal/executor/executor.go:296.5,296.38 1 2
github.com/AlexBurnes/buildfab/internal/executor/executor.go:298.4,298.21 1 2
github.com/AlexBurnes/buildfab/internal/executor/executor.go:301.3,301.7 1 2
github.com/AlexBurnes/buildfab/internal/executor/executor.go:301.7,306.28 4 4
github.com/AlexBurnes/buildfab/internal/executor/executor.go:306.28,310.31 3 2
github.com/AlexBurnes/buildfab/internal/executor/executor.go:310.31,311.54 1 3
github.com/AlexBurnes/buildfab/internal/executor/executor.go:311.54,313.12 2 0
github.com/AlexBurnes/buildfab/internal/executor/executor.go:316.5,318.16 2 2
github.com/AlexBurnes/buildfab/internal/executor/executor.go:318.16,319.11 1 2
github.com/AlexBurnes/buildfab/internal/executor/executor.go:323.5,324.13 2 0
github.com/AlexBurnes/buildfab/internal/executor/executor.go:328.4,328.40 1 2
github.com/AlexBurnes/buildfab/internal/executor/executor.go:328.40,336.44 5 3
github.com/AlexBurnes/buildfab/internal/executor/executor.go:336.44,343.13 3 0
github.com/AlexBurnes/buildfab/internal/executor/executor.go:344.32,344.32 0 0
github.com/AlexBurnes/buildfab/internal/executor/executor.go:345.24,346.13 1 0
github.com/AlexBurnes/buildfab/internal/executor/executor.go:348.6,348.14 1 0
github.com/AlexBurnes/buildfab/internal/executor/executor.go:352.5,352.40 1 3
github.com/AlexBurnes/buildfab/internal/executor/executor.go:352.40,358.13 2 0
github.com/AlexBurnes/buildfab/internal/executor/executor.go:359.32,359.32 0 0
github.com/AlexBurnes/buildfab/internal/executor/executor.go:360.24,361.13 1 0
github.com/AlexBurnes/buildfab/internal/executor/executor.go:363.6,363.14 1 0
github.com/AlexBurnes/buildfab/internal/executor/executor.go:367.5,367.45 1 3
github.com/AlexBurnes/buildfab/internal/executor/executor.go:367.45,370.13 3 3
github.com/AlexBurnes/buildfab/internal/executor/executor.go:371.32,371.32 0 3
github.com/AlexBurnes/buildfab/internal/executor/executor.go:372.24,373.13 1 0
github.com/AlexBurnes/buildfab/internal/executor/executor.go:380.2,385.21 3 2
github.com/AlexBurnes/buildfab/internal/executor/executor.go:389.175,391.29 1 3
github.com/AlexBurnes/buildfab/internal/executor/executor.go:391.29,392.30 1 4
github.com/AlexBurnes/buildfab/internal/executor/executor.go:392.30,394.70 1 3
github.com/AlexBurnes/buildfab/internal/executor/executor.go:394.70,395.54 1 2
github.com/AlexBurnes/buildfab/internal/executor/executor.go:395.54,396.42 1 2
github.com/AlexBurnes/buildfab/internal/executor/executor.go:396.42,398.7 1 2
github.com/AlexBurnes/buildfab/internal/executor/executor.go:399.6,399.32 1 2
github.com/AlexBurnes/buildfab/internal/executor/executor.go:402.4,402.9 1 3
github.com/AlexBurnes/buildfab/internal/executor/executor.go:408.148,411.26 2 3
github.com/AlexBurnes/buildfab/internal/executor/executor.go:411.26,412.30 1 4
github.com/AlexBurnes/buildfab/internal/executor/executor.go:412.30,414.9 2 3
github.com/AlexBurnes/buildfab/internal/executor/executor.go:418.2,418.21 1 3
github.com/AlexBurnes/buildfab/internal/executor/executor.go:418.21,420.3 1 0
github.com/AlexBurnes/buildfab/internal/executor/executor.go:424.2,424.33 1 3
github.com/AlexBurnes/buildfab/internal/executor/executor.go:424.33,425.34 1 1
github.com/AlexBurnes/buildfab/internal/executor/executor.go:425.34,427.4 1 1
github.com/AlexBurnes/buildfab/internal/executor/executor.go:430.2,430.13 1 2
github.com/AlexBurnes/buildfab/internal/executor/executor.go:434.152,437.34 2 4
github.com/AlexBurnes/buildfab/internal/executor/executor.go:437.34,438.49 1 6
github.com/AlexBurnes/buildfab/internal/executor/executor.go:438.49,439.12 1 3
github.com/AlexBurnes/buildfab/internal/executor/executor.go:443.3,443.50 1 3
github.com/AlexBurnes/buildfab/internal/executor/executor.go:443.50,445.4 1 3
github.com/AlexBurnes/buildfab/internal/executor/executor.go:448.2,448.14 1 4
github.com/AlexBurnes/buildfab/internal/executor/executor.go:452.130,453.29 1 2
github.com/AlexBurnes/buildfab/internal/executor/executor.go:453.29,454.30 1 3
github.com/AlexBurnes/buildfab/internal/executor/executor.go:454.30,455.56 1 1
github.com/AlexBurnes/buildfab/internal/executor/executor.go:455.56,456.41 1 1
github.com/AlexBurnes/buildfab/internal/executor/executor.go:456.41,458.6 1 1
github.com/AlexBurnes/buildfab/internal/executor/executor.go:459.5,459.34 1 1
github.com/AlexBurnes/buildfab/internal/executor/executor.go:466.92,467.40 1 3
github.com/AlexBurnes/buildfab/internal/executor/executor.go:467.40,468.22 1 0
github.com/AlexBurnes/buildfab/internal/executor/executor.go:468.22,470.4 1 0
github.com/AlexBurnes/buildfab/internal/executor/executor.go:472.2,472.13 1 3
github.com/AlexBurnes/buildfab/internal/executor/executor.go:476.84,477.40 1 3
github.com/AlexBurnes/buildfab/internal/executor/executor.go:477.40,478.18 1 0
github.com/AlexBurnes/buildfab/internal/executor/executor.go:478.18,480.4 1 0
github.com/AlexBurnes/buildfab/internal/executor/executor.go:482.2,482.14 1 3
github.com/AlexBurnes/buildfab/internal/executor/executor.go:486.93,488.40 2 0
github.com/AlexBurnes/buildfab/internal/executor/executor.go:488.40,489.18 1 0
github.com/AlexBurnes/buildfab/internal/executor/executor.go:489.18,491.4 1 0
github.com/AlexBurnes/buildfab/internal/executor/executor.go:493.2,493.19 1 0
github.com/AlexBurnes/buildfab/internal/executor/executor.go:497.104,498.23 1 5
github.com/AlexBurnes/buildfab/internal/executor/executor.go:498.23,500.3 1 1
github.com/AlexBurnes/buildfab/internal/executor/executor.go:502.2,502.43 1 4
github.com/AlexBurnes/buildfab/internal/executor/executor.go:506.111,508.13 2 1
github.com/AlexBurnes/buildfab/internal/executor/executor.go:508.13,513.3 1 0
github.com/AlexBurnes/buildfab/internal/executor/executor.go:515.2,515.24 1 1
github.com/AlexBurnes/buildfab/internal/executor/executor.go:519.110,520.22 1 4
github.com/AlexBurnes/buildfab/internal/executor/executor.go:520.22,525.3 1 0
github.com/AlexBurnes/buildfab/internal/executor/executor.go:528.2,528.20 1 4
github.com/AlexBurnes/buildfab/internal/executor/executor.go:528.20,529.39 1 0
github.com/AlexBurnes/buildfab/internal/executor/executor.go:529.39,531.4 1 0
github.com/AlexBurnes/buildfab/internal/executor/executor.go:535.2,539.20 3 4
github.com/AlexBurnes/buildfab/internal/executor/executor.go:539.20,540.39 1 0
github.com/AlexBurnes/buildfab/internal/executor/executor.go:540.39,542.4 1 0
github.com/AlexBurnes/buildfab/internal/executor/executor.go:545.2,545.16 1 4
github.com/AlexBurnes/buildfab/internal/executor/executor.go:545.16,551.3 1 0
github.com/AlexBurnes/buildfab/internal/executor/executor.go:553.2,556.8 1 4
github.com/AlexBurnes/buildfab/internal/executor/executor.go:560.40,562.53 1 2
github.com/AlexBurnes/buildfab/internal/executor/executor.go:562.53,564.3 1 1
github.com/AlexBurnes/buildfab/internal/executor/executor.go:567.2,567.94 1 1
github.com/AlexBurnes/buildfab/internal/executor/executor.go:567.94,569.3 1 1
github.com/AlexBurnes/buildfab/internal/executor/executor.go:572.2,572.18 1 0
github.com/AlexBurnes/buildfab/internal/executor/executor.go:576.54,578.16 2 2
github.com/AlexBurnes/buildfab/internal/executor/executor.go:578.16,580.3 1 1
github.com/AlexBurnes/buildfab/internal/executor/executor.go:582.2,583.19 2 1
github.com/AlexBurnes/buildfab/internal/executor/executor.go:583.19,585.3 1 0
github.com/AlexBurnes/buildfab/internal/executor/executor.go:587.2,587.21 1 1
github.com/AlexBurnes/buildfab/internal/executor/executor.go:591.79,593.24 1 3
github.com/AlexBurnes/buildfab/internal/executor/executor.go:593.24,594.46 1 0
github.com/AlexBurnes/buildfab/internal/executor/executor.go:594.46,596.4 1 0
github.com/AlexBurnes/buildfab/internal/executor/executor.go:600.2,600.29 1 3
github.com/AlexBurnes/buildfab/internal/executor/executor.go:600.29,601.52 1 0
github.com/AlexBurnes/buildfab/internal/executor/executor.go:601.52,603.4 1 0
github.com/AlexBurnes/buildfab/internal/executor/executor.go:606.2,606.13 1 3
github.com/AlexBurnes/buildfab/internal/executor/executor.go:610.82,614.46 1 0
github.com/AlexBurnes/buildfab/internal/executor/executor.go:614.46,617.3 2 0
github.com/AlexBurnes/buildfab/internal/executor/executor.go:619.2,619.49 1 0
github.com/AlexBurnes/buildfab/internal/executor/executor.go:619.49,622.3 2 0
github.com/AlexBurnes/buildfab/internal/executor/executor.go:625.2,625.13 1 0
github.com/AlexBurnes/buildfab/internal/executor/executor.go:629.93,631.16 2 0
github.com/AlexBurnes/buildfab/internal/executor/executor.go:631.16,634.3 1 0
github.com/AlexBurnes/buildfab/internal/executor/executor.go:636.2,636.43 1 0
github.com/AlexBurnes/buildfab/internal/executor/executor.go:636.43,637.31 1 0
github.com/AlexBurnes/buildfab/internal/executor/executor.go:637.31,639.4 1 0
github.com/AlexBurnes/buildfab/internal/executor/executor.go:642.2,642.14 1 0
github.com/AlexBurnes/buildfab/internal/executor/executor.go:646.72,649.16 2 0
github.com/AlexBurnes/buildfab/internal/executor/executor.go:649.16,651.3 1 0
github.com/AlexBurnes/buildfab/internal/executor/executor.go:653.2,653.32 1 0
github.com/AlexBurnes/buildfab/internal/executor/executor.go:657.48,658.33 1 2
github.com/AlexBurnes/buildfab/internal/executor/executor.go:658.33,659.44 1 3
github.com/AlexBurnes/buildfab/internal/executor/executor.go:659.44,661.4 1 0
github.com/AlexBurnes/buildfab/internal/executor/executor.go:663.2,663.14 1 2
github.com/AlexBurnes/buildfab/cmd/buildfab/main.go:25.26,27.16 2 5
github.com/AlexBurnes/buildfab/cmd/buildfab/main.go:27.16,29.3 1 3
github.com/AlexBurnes/buildfab/cmd/buildfab/main.go:31.2,32.19 2 2
github.com/AlexBurnes/buildfab/cmd/buildfab/main.go:32.19,34.3 1 1
github.com/AlexBurnes/buildfab/cmd/buildfab/main.go:36.2,36.16 1 1
github.com/AlexBurnes/buildfab/cmd/buildfab/main.go:120.13,145.19 18 0
github.com/AlexBurnes/buildfab/cmd/buildfab/main.go:145.19,149.37 3 0
github.com/AlexBurnes/buildfab/cmd/buildfab/main.go:149.37,150.22 1 0
github.com/AlexBurnes/buildfab/cmd/buildfab/main.go:150.22,152.10 2 0
github.com/AlexBurnes/buildfab/cmd/buildfab/main.go:157.3,157.58 1 0
github.com/AlexBurnes/buildfab/cmd/buildfab/main.go:157.58,161.4 2 0
github.com/AlexBurnes/buildfab/cmd/buildfab/main.go:165.2,165.42 1 0
github.com/AlexBurnes/buildfab/cmd/buildfab/main.go:165.42,168.3 2 0
github.com/AlexBurnes/buildfab/cmd/buildfab/main.go:172.55,174.67 1 3
github.com/AlexBurnes/buildfab/cmd/buildfab/main.go:174.67,177.3 2 1
github.com/AlexBurnes/buildfab/cmd/buildfab/main.go:178.2,178.80 1 2
github.com/AlexBurnes/buildfab/cmd/buildfab/main.go:178.80,181.3 2 1
github.com/AlexBurnes/buildfab/cmd/buildfab/main.go:184.2,184.20 1 1
github.com/AlexBurnes/buildfab/cmd/buildfab/main.go:184.20,186.3 1 1
github.com/AlexBurnes/buildfab/cmd/buildfab/main.go:190.2,190.28 1 0
github.com/AlexBurnes/buildfab/cmd/buildfab/main.go:194.56,201.16 4 3
github.com/AlexBurnes/buildfab/cmd/buildfab/main.go:201.16,203.3 1 0
github.com/AlexBurnes/buildfab/cmd/buildfab/main.go:206.2,207.16 2 3
github.com/AlexBurnes/buildfab/cmd/buildfab/main.go:207.16,209.3 1 0
github.com/AlexBurnes/buildfab/cmd/buildfab/main.go:212.2,214.16 3 3
github.com/AlexBurnes/buildfab/cmd/buildfab/main.go:214.16,216.3 1 0
github.com/AlexBurnes/buildfab/cmd/buildfab/main.go:219.2,220.28 2 3
github.com/AlexBurnes/buildfab/cmd/buildfab/main.go:220.28,222.3 1 6
github.com/AlexBurnes/buildfab/cmd/buildfab/main.go:223.2,223.32 1 3
github.com/AlexBurnes/buildfab/cmd/buildfab/main.go:223.32,225.3 1 24
github.com/AlexBurnes/buildfab/cmd/buildfab/main.go:228.2,228.33 1 3
github.com/AlexBurnes/buildfab/cmd/buildfab/main.go:228.33,230.22 2 0
github.com/AlexBurnes/buildfab/cmd/buildfab/main.go:230.22,232.4 1 0
github.com/AlexBurnes/buildfab/cmd/buildfab/main.go:236.2,236.64 1 3
github.com/AlexBurnes/buildfab/cmd/buildfab/main.go:236.64,238.3 1 0
github.com/AlexBurnes/buildfab/cmd/buildfab/main.go:241.2,264.20 6 3
github.com/AlexBurnes/buildfab/cmd/buildfab/main.go:264.20,267.3 2 1
github.com/AlexBurnes/buildfab/cmd/buildfab/main.go:270.2,270.38 1 2
github.com/AlexBurnes/buildfab/cmd/buildfab/main.go:274.57,281.16 4 3
github.com/AlexBurnes/buildfab/cmd/buildfab/main.go:281.16,283.3 1 0
github.com/AlexBurnes/buildfab/cmd/buildfab/main.go:286.2,287.16 2 3
github.com/AlexBurnes/buildfab/cmd/buildfab/main.go:287.16,289.3 1 0
github.com/AlexBurnes/buildfab/cmd/buildfab/main.go:292.2,294.16 3 3
github.com/AlexBurnes/buildfab/cmd/buildfab/main.go:294.16,296.3 1 0
github.com/AlexBurnes/buildfab/cmd/buildfab/main.go:299.2,300.28 2 3
github.com/AlexBurnes/buildfab/cmd/buildfab/main.go:300.28,302.3 1 0
github.com/AlexBurnes/buildfab/cmd/buildfab/main.go:303.2,303.32 1 3
github.com/AlexBurnes/buildfab/cmd/buildfab/main.go:303.32,305.3 1 24
github.com/AlexBurnes/buildfab/cmd/buildfab/main.go:308.2,308.33 1 3
github.com/AlexBurnes/buildfab/cmd/buildfab/main.go:308.33,310.22 2 0
github.com/AlexBurnes/buildfab/cmd/buildfab/main.go:310.22,312.4 1 0
github.com/AlexBurnes/buildfab/cmd/buildfab/main.go:316.2,316.64 1 3
github.com/AlexBurnes/buildfab/cmd/buildfab/main.go:316.64,318.3 1 0
github.com/AlexBurnes/buildfab/cmd/buildfab/main.go:321.2,344.62 7 3
github.com/AlexBurnes/buildfab/cmd/buildfab/main.go:344.62,348.17 3 1
github.com/AlexBurnes/buildfab/cmd/buildfab/main.go:348.17,350.4 1 0
github.com/AlexBurnes/buildfab/cmd/buildfab/main.go:351.3,351.13 1 1
github.com/AlexBurnes/buildfab/cmd/buildfab/main.go:355.2,355.40 1 2
github.com/AlexBurnes/buildfab/cmd/buildfab/main.go:359.62,362.16 2 1
github.com/AlexBurnes/buildfab/cmd/buildfab/main.go:362.16,364.3 1 0
github.com/AlexBurnes/buildfab/cmd/buildfab/main.go:367.2,374.26 5 1
github.com/AlexBurnes/buildfab/cmd/buildfab/main.go:374.26,376.38 2 1
github.com/AlexBurnes/buildfab/cmd/buildfab/main.go:376.38,378.25 2 2
github.com/AlexBurnes/buildfab/cmd/buildfab/main.go:378.25,380.5 1 1
github.com/AlexBurnes/buildfab/cmd/buildfab/main.go:380.10,380.31 1 1
github.com/AlexBurnes/buildfab/cmd/buildfab/main.go:380.31,382.5 1 1
github.com/AlexBurnes/buildfab/cmd/buildfab/main.go:383.4,383.56 1 2
github.com/AlexBurnes/buildfab/cmd/buildfab/main.go:385.3,385.16 1 1
github.com/AlexBurnes/buildfab/cmd/buildfab/main.go:389.2,390.48 2 1
github.com/AlexBurnes/buildfab/cmd/buildfab/main.go:390.48,392.3 1 5
github.com/AlexBurnes/buildfab/cmd/buildfab/main.go:394.2,394.12 1 1
github.com/AlexBurnes/buildfab/cmd/buildfab/main.go:398.59,401.16 2 1
github.com/AlexBurnes/buildfab/cmd/buildfab/main.go:401.16,403.3 1 0
github.com/AlexBurnes/buildfab/cmd/buildfab/main.go:405.2,410.12 5 1
github.com/AlexBurnes/buildfab/cmd/buildfab/main.go:414.61,417.16 2 1
github.com/AlexBurnes/buildfab/cmd/buildfab/main.go:417.16,419.3 1 0
github.com/AlexBurnes/buildfab/cmd/buildfab/main.go:421.2,424.26 3 1
github.com/AlexBurnes/buildfab/cmd/buildfab/main.go:424.26,427.3 2 0
github.com/AlexBurnes/buildfab/cmd/buildfab/main.go:429.2,429.38 1 1
github.com/AlexBurnes/buildfab/cmd/buildfab/main.go:429.38,433.3 3 2
github.com/AlexBurnes/buildfab/cmd/buildfab/main.go:435.2,435.12 1 1
github.com/AlexBurnes/buildfab/cmd/buildfab/main.go:439.60,442.16 2 2
github.com/AlexBurnes/buildfab/cmd/buildfab/main.go:442.16,444.3 1 0
github.com/AlexBurnes/buildfab/cmd/buildfab/main.go:446.2,450.13 3 2
github.com/AlexBurnes/buildfab/cmd/buildfab/main.go:450.13,452.3 1 1
github.com/AlexBurnes/buildfab/cmd/buildfab/main.go:454.2,457.27 3 1
github.com/AlexBurnes/buildfab/cmd/buildfab/main.go:457.27,460.3 2 0
github.com/AlexBurnes/buildfab/cmd/buildfab/main.go:462.2,462.35 1 1
github.com/AlexBurnes/buildfab/cmd/buildfab/main.go:462.35,464.20 2 2
github.com/AlexBurnes/buildfab/cmd/buildfab/main.go:464.20,466.4 1 1
github.com/AlexBurnes/buildfab/cmd/buildfab/main.go:467.3,467.25 1 2
github.com/AlexBurnes/buildfab/cmd/buildfab/main.go:467.25,469.4 1 1
github.com/AlexBurnes/buildfab/cmd/buildfab/main.go:470.3,470.65 1 2
github.com/AlexBurnes/buildfab/cmd/buildfab/main.go:473.2,473.12 1 1
