mode: set
github.com/AlexBurnes/buildfab/pkg/buildfab/actions.go:18.56,31.2 7 1
github.com/AlexBurnes/buildfab/pkg/buildfab/actions.go:34.76,36.2 1 1
github.com/AlexBurnes/buildfab/pkg/buildfab/actions.go:39.77,42.2 2 0
github.com/AlexBurnes/buildfab/pkg/buildfab/actions.go:45.65,47.38 2 0
github.com/AlexBurnes/buildfab/pkg/buildfab/actions.go:47.38,49.3 1 0
github.com/AlexBurnes/buildfab/pkg/buildfab/actions.go:50.2,50.16 1 0
github.com/AlexBurnes/buildfab/pkg/buildfab/actions.go:56.71,59.16 3 0
github.com/AlexBurnes/buildfab/pkg/buildfab/actions.go:59.16,64.3 1 0
github.com/AlexBurnes/buildfab/pkg/buildfab/actions.go:66.2,69.29 3 0
github.com/AlexBurnes/buildfab/pkg/buildfab/actions.go:69.29,70.41 1 0
github.com/AlexBurnes/buildfab/pkg/buildfab/actions.go:70.41,72.4 1 0
github.com/AlexBurnes/buildfab/pkg/buildfab/actions.go:75.2,75.24 1 0
github.com/AlexBurnes/buildfab/pkg/buildfab/actions.go:75.24,80.3 1 0
github.com/AlexBurnes/buildfab/pkg/buildfab/actions.go:82.2,85.8 1 0
github.com/AlexBurnes/buildfab/pkg/buildfab/actions.go:88.51,90.2 1 0
github.com/AlexBurnes/buildfab/pkg/buildfab/actions.go:95.73,98.16 3 0
github.com/AlexBurnes/buildfab/pkg/buildfab/actions.go:98.16,103.3 1 0
github.com/AlexBurnes/buildfab/pkg/buildfab/actions.go:105.2,108.29 3 0
github.com/AlexBurnes/buildfab/pkg/buildfab/actions.go:108.29,109.123 1 0
github.com/AlexBurnes/buildfab/pkg/buildfab/actions.go:109.123,111.4 1 0
github.com/AlexBurnes/buildfab/pkg/buildfab/actions.go:114.2,114.26 1 0
github.com/AlexBurnes/buildfab/pkg/buildfab/actions.go:114.26,119.3 1 0
github.com/AlexBurnes/buildfab/pkg/buildfab/actions.go:121.2,124.8 1 0
github.com/AlexBurnes/buildfab/pkg/buildfab/actions.go:127.53,129.2 1 0
github.com/AlexBurnes/buildfab/pkg/buildfab/actions.go:134.70,137.16 3 0
github.com/AlexBurnes/buildfab/pkg/buildfab/actions.go:137.16,142.3 1 0
github.com/AlexBurnes/buildfab/pkg/buildfab/actions.go:144.2,147.29 3 0
github.com/AlexBurnes/buildfab/pkg/buildfab/actions.go:147.29,148.17 1 0
github.com/AlexBurnes/buildfab/pkg/buildfab/actions.go:148.17,150.4 1 0
github.com/AlexBurnes/buildfab/pkg/buildfab/actions.go:153.2,153.23 1 0
github.com/AlexBurnes/buildfab/pkg/buildfab/actions.go:153.23,158.3 1 0
github.com/AlexBurnes/buildfab/pkg/buildfab/actions.go:160.2,163.8 1 0
github.com/AlexBurnes/buildfab/pkg/buildfab/actions.go:166.50,168.2 1 0
github.com/AlexBurnes/buildfab/pkg/buildfab/actions.go:173.71,176.16 2 0
github.com/AlexBurnes/buildfab/pkg/buildfab/actions.go:176.16,181.3 1 0
github.com/AlexBurnes/buildfab/pkg/buildfab/actions.go:183.2,184.19 2 0
github.com/AlexBurnes/buildfab/pkg/buildfab/actions.go:184.19,189.3 1 0
github.com/AlexBurnes/buildfab/pkg/buildfab/actions.go:192.2,192.30 1 0
github.com/AlexBurnes/buildfab/pkg/buildfab/actions.go:192.30,197.3 1 0
github.com/AlexBurnes/buildfab/pkg/buildfab/actions.go:199.2,202.8 1 0
github.com/AlexBurnes/buildfab/pkg/buildfab/actions.go:205.51,207.2 1 0
github.com/AlexBurnes/buildfab/pkg/buildfab/actions.go:212.79,215.16 2 0
github.com/AlexBurnes/buildfab/pkg/buildfab/actions.go:215.16,220.3 1 0
github.com/AlexBurnes/buildfab/pkg/buildfab/actions.go:222.2,227.16 4 0
github.com/AlexBurnes/buildfab/pkg/buildfab/actions.go:227.16,232.3 1 0
github.com/AlexBurnes/buildfab/pkg/buildfab/actions.go:234.2,235.57 2 0
github.com/AlexBurnes/buildfab/pkg/buildfab/actions.go:235.57,240.3 1 0
github.com/AlexBurnes/buildfab/pkg/buildfab/actions.go:243.2,245.35 2 0
github.com/AlexBurnes/buildfab/pkg/buildfab/actions.go:245.35,250.3 1 0
github.com/AlexBurnes/buildfab/pkg/buildfab/actions.go:252.2,255.54 1 0
github.com/AlexBurnes/buildfab/pkg/buildfab/actions.go:258.59,260.2 1 0
github.com/AlexBurnes/buildfab/pkg/buildfab/actions.go:263.42,265.38 1 0
github.com/AlexBurnes/buildfab/pkg/buildfab/actions.go:265.38,267.3 1 0
github.com/AlexBurnes/buildfab/pkg/buildfab/actions.go:270.2,273.37 2 0
github.com/AlexBurnes/buildfab/pkg/buildfab/actions.go:273.37,275.3 1 0
github.com/AlexBurnes/buildfab/pkg/buildfab/actions.go:278.2,279.20 2 0
github.com/AlexBurnes/buildfab/pkg/buildfab/actions.go:279.20,281.3 1 0
github.com/AlexBurnes/buildfab/pkg/buildfab/actions.go:284.2,284.29 1 0
github.com/AlexBurnes/buildfab/pkg/buildfab/actions.go:284.29,285.17 1 0
github.com/AlexBurnes/buildfab/pkg/buildfab/actions.go:285.17,287.4 1 0
github.com/AlexBurnes/buildfab/pkg/buildfab/actions.go:289.3,289.32 1 0
github.com/AlexBurnes/buildfab/pkg/buildfab/actions.go:289.32,291.4 1 0
github.com/AlexBurnes/buildfab/pkg/buildfab/actions.go:294.2,294.13 1 0
github.com/AlexBurnes/buildfab/pkg/buildfab/actions.go:298.43,300.21 1 0
github.com/AlexBurnes/buildfab/pkg/buildfab/actions.go:300.21,302.3 1 0
github.com/AlexBurnes/buildfab/pkg/buildfab/actions.go:305.2,307.69 2 0
github.com/AlexBurnes/buildfab/pkg/buildfab/actions.go:307.69,309.3 1 0
github.com/AlexBurnes/buildfab/pkg/buildfab/actions.go:311.2,311.14 1 0
github.com/AlexBurnes/buildfab/pkg/buildfab/actions.go:315.31,316.13 1 0
github.com/AlexBurnes/buildfab/pkg/buildfab/actions.go:316.13,318.3 1 0
github.com/AlexBurnes/buildfab/pkg/buildfab/actions.go:319.2,319.22 1 0
github.com/AlexBurnes/buildfab/pkg/buildfab/actions.go:319.22,320.25 1 0
github.com/AlexBurnes/buildfab/pkg/buildfab/actions.go:320.25,322.4 1 0
github.com/AlexBurnes/buildfab/pkg/buildfab/actions.go:324.2,324.13 1 0
github.com/AlexBurnes/buildfab/pkg/buildfab/buildfab.go:121.42,122.11 1 0
github.com/AlexBurnes/buildfab/pkg/buildfab/buildfab.go:123.24,124.19 1 0
github.com/AlexBurnes/buildfab/pkg/buildfab/buildfab.go:125.24,126.19 1 0
github.com/AlexBurnes/buildfab/pkg/buildfab/buildfab.go:127.26,128.21 1 0
github.com/AlexBurnes/buildfab/pkg/buildfab/buildfab.go:129.23,130.18 1 0
github.com/AlexBurnes/buildfab/pkg/buildfab/buildfab.go:131.24,132.19 1 0
github.com/AlexBurnes/buildfab/pkg/buildfab/buildfab.go:133.10,134.19 1 0
github.com/AlexBurnes/buildfab/pkg/buildfab/buildfab.go:161.33,162.11 1 0
github.com/AlexBurnes/buildfab/pkg/buildfab/buildfab.go:163.21,164.19 1 0
github.com/AlexBurnes/buildfab/pkg/buildfab/buildfab.go:165.21,166.19 1 0
github.com/AlexBurnes/buildfab/pkg/buildfab/buildfab.go:167.16,168.14 1 0
github.com/AlexBurnes/buildfab/pkg/buildfab/buildfab.go:169.18,170.16 1 0
github.com/AlexBurnes/buildfab/pkg/buildfab/buildfab.go:171.19,172.17 1 0
github.com/AlexBurnes/buildfab/pkg/buildfab/buildfab.go:173.21,174.19 1 0
github.com/AlexBurnes/buildfab/pkg/buildfab/buildfab.go:175.10,176.19 1 0
github.com/AlexBurnes/buildfab/pkg/buildfab/buildfab.go:198.38,217.2 4 0
github.com/AlexBurnes/buildfab/pkg/buildfab/buildfab.go:241.58,243.2 1 1
github.com/AlexBurnes/buildfab/pkg/buildfab/buildfab.go:246.95,247.17 1 1
github.com/AlexBurnes/buildfab/pkg/buildfab/buildfab.go:247.17,249.3 1 0
github.com/AlexBurnes/buildfab/pkg/buildfab/buildfab.go:252.2,253.56 2 1
github.com/AlexBurnes/buildfab/pkg/buildfab/buildfab.go:253.56,255.3 1 1
github.com/AlexBurnes/buildfab/pkg/buildfab/buildfab.go:256.2,256.22 1 1
github.com/AlexBurnes/buildfab/pkg/buildfab/buildfab.go:256.22,258.3 1 1
github.com/AlexBurnes/buildfab/pkg/buildfab/buildfab.go:262.2,270.3 2 1
github.com/AlexBurnes/buildfab/pkg/buildfab/buildfab.go:274.72,276.13 2 1
github.com/AlexBurnes/buildfab/pkg/buildfab/buildfab.go:276.13,278.3 1 0
github.com/AlexBurnes/buildfab/pkg/buildfab/buildfab.go:283.2,283.43 1 1
github.com/AlexBurnes/buildfab/pkg/buildfab/buildfab.go:287.74,289.64 1 0
github.com/AlexBurnes/buildfab/pkg/buildfab/buildfab.go:289.64,294.20 1 0
github.com/AlexBurnes/buildfab/pkg/buildfab/buildfab.go:294.20,296.34 2 0
github.com/AlexBurnes/buildfab/pkg/buildfab/buildfab.go:296.34,299.5 2 0
github.com/AlexBurnes/buildfab/pkg/buildfab/buildfab.go:300.4,300.14 1 0
github.com/AlexBurnes/buildfab/pkg/buildfab/buildfab.go:304.3,304.33 1 0
github.com/AlexBurnes/buildfab/pkg/buildfab/buildfab.go:304.33,306.4 1 0
github.com/AlexBurnes/buildfab/pkg/buildfab/buildfab.go:308.3,313.33 4 0
github.com/AlexBurnes/buildfab/pkg/buildfab/buildfab.go:313.33,318.36 3 0
github.com/AlexBurnes/buildfab/pkg/buildfab/buildfab.go:318.36,321.19 3 0
github.com/AlexBurnes/buildfab/pkg/buildfab/buildfab.go:321.19,323.6 1 0
github.com/AlexBurnes/buildfab/pkg/buildfab/buildfab.go:324.10,324.42 1 0
github.com/AlexBurnes/buildfab/pkg/buildfab/buildfab.go:324.42,327.5 2 0
github.com/AlexBurnes/buildfab/pkg/buildfab/buildfab.go:327.10,327.45 1 0
github.com/AlexBurnes/buildfab/pkg/buildfab/buildfab.go:327.45,330.5 2 0
github.com/AlexBurnes/buildfab/pkg/buildfab/buildfab.go:330.10,330.25 1 0
github.com/AlexBurnes/buildfab/pkg/buildfab/buildfab.go:330.25,334.5 3 0
github.com/AlexBurnes/buildfab/pkg/buildfab/buildfab.go:336.4,336.86 1 0
github.com/AlexBurnes/buildfab/pkg/buildfab/buildfab.go:339.3,339.13 1 0
github.com/AlexBurnes/buildfab/pkg/buildfab/buildfab.go:343.2,344.13 2 0
github.com/AlexBurnes/buildfab/pkg/buildfab/buildfab.go:344.13,346.3 1 0
github.com/AlexBurnes/buildfab/pkg/buildfab/buildfab.go:352.3,352.20 1 0
github.com/AlexBurnes/buildfab/pkg/buildfab/buildfab.go:352.20,354.34 2 0
github.com/AlexBurnes/buildfab/pkg/buildfab/buildfab.go:354.34,358.19 4 0
github.com/AlexBurnes/buildfab/pkg/buildfab/buildfab.go:358.19,361.6 2 0
github.com/AlexBurnes/buildfab/pkg/buildfab/buildfab.go:362.5,362.80 1 0
github.com/AlexBurnes/buildfab/pkg/buildfab/buildfab.go:364.4,364.14 1 0
github.com/AlexBurnes/buildfab/pkg/buildfab/buildfab.go:368.3,368.33 1 0
github.com/AlexBurnes/buildfab/pkg/buildfab/buildfab.go:368.33,370.4 1 0
github.com/AlexBurnes/buildfab/pkg/buildfab/buildfab.go:372.2,377.32 4 0
github.com/AlexBurnes/buildfab/pkg/buildfab/buildfab.go:377.32,381.17 3 0
github.com/AlexBurnes/buildfab/pkg/buildfab/buildfab.go:381.17,385.4 3 0
github.com/AlexBurnes/buildfab/pkg/buildfab/buildfab.go:387.3,387.85 1 0
github.com/AlexBurnes/buildfab/pkg/buildfab/buildfab.go:390.2,390.12 1 0
github.com/AlexBurnes/buildfab/pkg/buildfab/buildfab.go:394.95,397.2 1 0
github.com/AlexBurnes/buildfab/pkg/buildfab/buildfab.go:400.86,402.13 2 0
github.com/AlexBurnes/buildfab/pkg/buildfab/buildfab.go:402.13,404.3 1 0
github.com/AlexBurnes/buildfab/pkg/buildfab/buildfab.go:407.2,408.35 2 0
github.com/AlexBurnes/buildfab/pkg/buildfab/buildfab.go:408.35,409.30 1 0
github.com/AlexBurnes/buildfab/pkg/buildfab/buildfab.go:409.30,411.9 2 0
github.com/AlexBurnes/buildfab/pkg/buildfab/buildfab.go:415.2,415.23 1 0
github.com/AlexBurnes/buildfab/pkg/buildfab/buildfab.go:415.23,417.3 1 0
github.com/AlexBurnes/buildfab/pkg/buildfab/buildfab.go:420.2,421.13 2 0
github.com/AlexBurnes/buildfab/pkg/buildfab/buildfab.go:421.13,423.3 1 0
github.com/AlexBurnes/buildfab/pkg/buildfab/buildfab.go:426.2,426.32 1 0
github.com/AlexBurnes/buildfab/pkg/buildfab/buildfab.go:426.32,428.3 1 0
github.com/AlexBurnes/buildfab/pkg/buildfab/buildfab.go:430.2,435.32 4 0
github.com/AlexBurnes/buildfab/pkg/buildfab/buildfab.go:435.32,439.17 3 0
github.com/AlexBurnes/buildfab/pkg/buildfab/buildfab.go:439.17,443.4 3 0
github.com/AlexBurnes/buildfab/pkg/buildfab/buildfab.go:445.3,445.83 1 0
github.com/AlexBurnes/buildfab/pkg/buildfab/buildfab.go:448.2,448.12 1 0
github.com/AlexBurnes/buildfab/pkg/buildfab/buildfab.go:452.55,459.20 1 0
github.com/AlexBurnes/buildfab/pkg/buildfab/buildfab.go:459.20,461.3 1 0
github.com/AlexBurnes/buildfab/pkg/buildfab/buildfab.go:464.2,467.17 2 0
github.com/AlexBurnes/buildfab/pkg/buildfab/buildfab.go:468.13,469.20 1 0
github.com/AlexBurnes/buildfab/pkg/buildfab/buildfab.go:469.20,471.4 1 0
github.com/AlexBurnes/buildfab/pkg/buildfab/buildfab.go:472.16,473.20 1 0
github.com/AlexBurnes/buildfab/pkg/buildfab/buildfab.go:473.20,475.4 1 0
github.com/AlexBurnes/buildfab/pkg/buildfab/buildfab.go:476.10,477.52 1 0
github.com/AlexBurnes/buildfab/pkg/buildfab/buildfab.go:481.2,482.27 2 0
github.com/AlexBurnes/buildfab/pkg/buildfab/buildfab.go:482.27,483.39 1 0
github.com/AlexBurnes/buildfab/pkg/buildfab/buildfab.go:483.39,484.23 1 0
github.com/AlexBurnes/buildfab/pkg/buildfab/buildfab.go:484.23,486.5 1 0
github.com/AlexBurnes/buildfab/pkg/buildfab/buildfab.go:487.4,487.9 1 0
github.com/AlexBurnes/buildfab/pkg/buildfab/buildfab.go:492.2,493.16 2 0
github.com/AlexBurnes/buildfab/pkg/buildfab/buildfab.go:493.16,495.3 1 0
github.com/AlexBurnes/buildfab/pkg/buildfab/buildfab.go:498.2,505.17 4 0
github.com/AlexBurnes/buildfab/pkg/buildfab/buildfab.go:506.13,508.41 2 0
github.com/AlexBurnes/buildfab/pkg/buildfab/buildfab.go:510.16,512.43 2 0
github.com/AlexBurnes/buildfab/pkg/buildfab/buildfab.go:514.10,515.52 1 0
github.com/AlexBurnes/buildfab/pkg/buildfab/buildfab.go:520.47,522.2 1 0
github.com/AlexBurnes/buildfab/pkg/buildfab/buildfab.go:525.56,526.35 1 1
github.com/AlexBurnes/buildfab/pkg/buildfab/buildfab.go:526.35,527.26 1 1
github.com/AlexBurnes/buildfab/pkg/buildfab/buildfab.go:527.26,529.4 1 1
github.com/AlexBurnes/buildfab/pkg/buildfab/buildfab.go:531.2,531.24 1 0
github.com/AlexBurnes/buildfab/pkg/buildfab/buildfab.go:535.85,536.26 1 0
github.com/AlexBurnes/buildfab/pkg/buildfab/buildfab.go:536.26,539.3 1 0
github.com/AlexBurnes/buildfab/pkg/buildfab/buildfab.go:542.2,542.37 1 0
github.com/AlexBurnes/buildfab/pkg/buildfab/buildfab.go:542.37,544.17 2 0
github.com/AlexBurnes/buildfab/pkg/buildfab/buildfab.go:544.17,546.4 1 0
github.com/AlexBurnes/buildfab/pkg/buildfab/buildfab.go:548.3,548.14 1 0
github.com/AlexBurnes/buildfab/pkg/buildfab/buildfab.go:548.14,550.4 1 0
github.com/AlexBurnes/buildfab/pkg/buildfab/buildfab.go:554.2,554.17 1 0
github.com/AlexBurnes/buildfab/pkg/buildfab/buildfab.go:558.85,564.2 2 0
github.com/AlexBurnes/buildfab/pkg/buildfab/buildfab.go:567.93,569.19 1 1
github.com/AlexBurnes/buildfab/pkg/buildfab/buildfab.go:569.19,571.3 1 1
github.com/AlexBurnes/buildfab/pkg/buildfab/buildfab.go:574.2,575.16 2 0
github.com/AlexBurnes/buildfab/pkg/buildfab/buildfab.go:575.16,577.3 1 0
github.com/AlexBurnes/buildfab/pkg/buildfab/buildfab.go:579.2,579.27 1 0
github.com/AlexBurnes/buildfab/pkg/buildfab/buildfab.go:583.54,586.2 2 1
github.com/AlexBurnes/buildfab/pkg/buildfab/buildfab.go:589.57,590.23 1 0
github.com/AlexBurnes/buildfab/pkg/buildfab/buildfab.go:590.23,592.3 1 0
github.com/AlexBurnes/buildfab/pkg/buildfab/buildfab.go:593.2,593.33 1 0
github.com/AlexBurnes/buildfab/pkg/buildfab/buildfab.go:597.35,598.26 1 0
github.com/AlexBurnes/buildfab/pkg/buildfab/buildfab.go:598.26,600.3 1 0
github.com/AlexBurnes/buildfab/pkg/buildfab/buildfab.go:603.2,603.31 1 0
github.com/AlexBurnes/buildfab/pkg/buildfab/buildfab.go:603.31,605.3 1 0
github.com/AlexBurnes/buildfab/pkg/buildfab/buildfab.go:607.2,607.25 1 0
github.com/AlexBurnes/buildfab/pkg/buildfab/buildfab.go:607.25,609.3 1 0
github.com/AlexBurnes/buildfab/pkg/buildfab/buildfab.go:612.2,613.35 2 0
github.com/AlexBurnes/buildfab/pkg/buildfab/buildfab.go:613.35,614.24 1 0
github.com/AlexBurnes/buildfab/pkg/buildfab/buildfab.go:614.24,616.4 1 0
github.com/AlexBurnes/buildfab/pkg/buildfab/buildfab.go:619.3,619.31 1 0
github.com/AlexBurnes/buildfab/pkg/buildfab/buildfab.go:619.31,621.44 1 0
github.com/AlexBurnes/buildfab/pkg/buildfab/buildfab.go:621.44,622.27 1 0
github.com/AlexBurnes/buildfab/pkg/buildfab/buildfab.go:622.27,624.6 1 0
github.com/AlexBurnes/buildfab/pkg/buildfab/buildfab.go:626.5,626.48 1 0
github.com/AlexBurnes/buildfab/pkg/buildfab/buildfab.go:626.48,628.6 1 0
github.com/AlexBurnes/buildfab/pkg/buildfab/buildfab.go:630.5,630.48 1 0
github.com/AlexBurnes/buildfab/pkg/buildfab/buildfab.go:630.48,632.6 1 0
github.com/AlexBurnes/buildfab/pkg/buildfab/buildfab.go:634.9,636.72 1 0
github.com/AlexBurnes/buildfab/pkg/buildfab/buildfab.go:636.72,638.5 1 0
github.com/AlexBurnes/buildfab/pkg/buildfab/buildfab.go:640.4,640.45 1 0
github.com/AlexBurnes/buildfab/pkg/buildfab/buildfab.go:640.45,642.5 1 0
github.com/AlexBurnes/buildfab/pkg/buildfab/buildfab.go:644.4,644.74 1 0
github.com/AlexBurnes/buildfab/pkg/buildfab/buildfab.go:644.74,646.5 1 0
github.com/AlexBurnes/buildfab/pkg/buildfab/buildfab.go:649.3,649.31 1 0
github.com/AlexBurnes/buildfab/pkg/buildfab/buildfab.go:649.31,651.4 1 0
github.com/AlexBurnes/buildfab/pkg/buildfab/buildfab.go:652.3,652.34 1 0
github.com/AlexBurnes/buildfab/pkg/buildfab/buildfab.go:656.2,656.41 1 0
github.com/AlexBurnes/buildfab/pkg/buildfab/buildfab.go:656.41,657.28 1 0
github.com/AlexBurnes/buildfab/pkg/buildfab/buildfab.go:657.28,659.4 1 0
github.com/AlexBurnes/buildfab/pkg/buildfab/buildfab.go:661.3,661.36 1 0
github.com/AlexBurnes/buildfab/pkg/buildfab/buildfab.go:661.36,662.25 1 0
github.com/AlexBurnes/buildfab/pkg/buildfab/buildfab.go:662.25,664.5 1 0
github.com/AlexBurnes/buildfab/pkg/buildfab/buildfab.go:666.4,666.33 1 0
github.com/AlexBurnes/buildfab/pkg/buildfab/buildfab.go:666.33,668.5 1 0
github.com/AlexBurnes/buildfab/pkg/buildfab/buildfab.go:670.4,670.78 1 0
github.com/AlexBurnes/buildfab/pkg/buildfab/buildfab.go:670.78,672.5 1 0
github.com/AlexBurnes/buildfab/pkg/buildfab/buildfab.go:675.4,675.40 1 0
github.com/AlexBurnes/buildfab/pkg/buildfab/buildfab.go:675.40,676.132 1 0
github.com/AlexBurnes/buildfab/pkg/buildfab/buildfab.go:676.132,678.6 1 0
github.com/AlexBurnes/buildfab/pkg/buildfab/buildfab.go:683.2,683.12 1 0
github.com/AlexBurnes/buildfab/pkg/buildfab/buildfab.go:687.66,690.18 2 0
github.com/AlexBurnes/buildfab/pkg/buildfab/buildfab.go:690.18,692.3 1 0
github.com/AlexBurnes/buildfab/pkg/buildfab/buildfab.go:694.2,694.29 1 0
github.com/AlexBurnes/buildfab/pkg/buildfab/buildfab.go:694.29,695.19 1 0
github.com/AlexBurnes/buildfab/pkg/buildfab/buildfab.go:695.19,697.4 1 0
github.com/AlexBurnes/buildfab/pkg/buildfab/buildfab.go:700.3,700.25 1 0
github.com/AlexBurnes/buildfab/pkg/buildfab/buildfab.go:700.25,701.20 1 0
github.com/AlexBurnes/buildfab/pkg/buildfab/buildfab.go:701.20,703.5 1 0
github.com/AlexBurnes/buildfab/pkg/buildfab/buildfab.go:706.4,707.15 2 0
github.com/AlexBurnes/buildfab/pkg/buildfab/buildfab.go:707.15,709.5 1 0
github.com/AlexBurnes/buildfab/pkg/buildfab/buildfab.go:712.4,713.45 2 0
github.com/AlexBurnes/buildfab/pkg/buildfab/buildfab.go:713.45,714.42 1 0
github.com/AlexBurnes/buildfab/pkg/buildfab/buildfab.go:714.42,717.6 2 0
github.com/AlexBurnes/buildfab/pkg/buildfab/buildfab.go:722.4,726.18 3 0
github.com/AlexBurnes/buildfab/pkg/buildfab/buildfab.go:726.18,728.5 1 0
github.com/AlexBurnes/buildfab/pkg/buildfab/buildfab.go:731.4,731.66 1 0
github.com/AlexBurnes/buildfab/pkg/buildfab/buildfab.go:731.66,733.5 1 0
github.com/AlexBurnes/buildfab/pkg/buildfab/buildfab.go:735.4,735.20 1 0
github.com/AlexBurnes/buildfab/pkg/buildfab/buildfab.go:735.20,737.44 2 0
github.com/AlexBurnes/buildfab/pkg/buildfab/buildfab.go:737.44,739.6 1 0
github.com/AlexBurnes/buildfab/pkg/buildfab/buildfab.go:743.4,743.57 1 0
github.com/AlexBurnes/buildfab/pkg/buildfab/buildfab.go:744.9,747.4 1 0
github.com/AlexBurnes/buildfab/pkg/buildfab/buildfab.go:750.2,750.18 1 0
github.com/AlexBurnes/buildfab/pkg/buildfab/buildfab.go:750.18,752.3 1 0
github.com/AlexBurnes/buildfab/pkg/buildfab/buildfab.go:754.2,754.27 1 0
github.com/AlexBurnes/buildfab/pkg/buildfab/buildfab.go:758.97,762.18 3 0
github.com/AlexBurnes/buildfab/pkg/buildfab/buildfab.go:762.18,764.3 1 0
github.com/AlexBurnes/buildfab/pkg/buildfab/buildfab.go:766.2,766.29 1 0
github.com/AlexBurnes/buildfab/pkg/buildfab/buildfab.go:766.29,767.19 1 0
github.com/AlexBurnes/buildfab/pkg/buildfab/buildfab.go:767.19,769.4 1 0
github.com/AlexBurnes/buildfab/pkg/buildfab/buildfab.go:772.3,772.25 1 0
github.com/AlexBurnes/buildfab/pkg/buildfab/buildfab.go:772.25,773.20 1 0
github.com/AlexBurnes/buildfab/pkg/buildfab/buildfab.go:773.20,775.5 1 0
github.com/AlexBurnes/buildfab/pkg/buildfab/buildfab.go:778.4,779.15 2 0
github.com/AlexBurnes/buildfab/pkg/buildfab/buildfab.go:779.15,781.5 1 0
github.com/AlexBurnes/buildfab/pkg/buildfab/buildfab.go:784.4,785.45 2 0
github.com/AlexBurnes/buildfab/pkg/buildfab/buildfab.go:785.45,786.42 1 0
github.com/AlexBurnes/buildfab/pkg/buildfab/buildfab.go:786.42,788.6 1 0
github.com/AlexBurnes/buildfab/pkg/buildfab/buildfab.go:792.4,796.18 3 0
github.com/AlexBurnes/buildfab/pkg/buildfab/buildfab.go:796.18,798.5 1 0
github.com/AlexBurnes/buildfab/pkg/buildfab/buildfab.go:801.4,801.66 1 0
github.com/AlexBurnes/buildfab/pkg/buildfab/buildfab.go:801.66,803.5 1 0
github.com/AlexBurnes/buildfab/pkg/buildfab/buildfab.go:805.4,805.20 1 0
github.com/AlexBurnes/buildfab/pkg/buildfab/buildfab.go:805.20,807.44 2 0
github.com/AlexBurnes/buildfab/pkg/buildfab/buildfab.go:807.44,809.6 1 0
github.com/AlexBurnes/buildfab/pkg/buildfab/buildfab.go:813.4,813.57 1 0
github.com/AlexBurnes/buildfab/pkg/buildfab/buildfab.go:814.9,817.4 1 0
github.com/AlexBurnes/buildfab/pkg/buildfab/buildfab.go:820.2,820.51 1 0
github.com/AlexBurnes/buildfab/pkg/buildfab/buildfab.go:824.111,829.18 4 1
github.com/AlexBurnes/buildfab/pkg/buildfab/buildfab.go:829.18,831.3 1 1
github.com/AlexBurnes/buildfab/pkg/buildfab/buildfab.go:833.2,833.29 1 1
github.com/AlexBurnes/buildfab/pkg/buildfab/buildfab.go:833.29,834.19 1 1
github.com/AlexBurnes/buildfab/pkg/buildfab/buildfab.go:834.19,836.4 1 1
github.com/AlexBurnes/buildfab/pkg/buildfab/buildfab.go:839.3,839.25 1 1
github.com/AlexBurnes/buildfab/pkg/buildfab/buildfab.go:839.25,840.20 1 1
github.com/AlexBurnes/buildfab/pkg/buildfab/buildfab.go:840.20,842.5 1 1
github.com/AlexBurnes/buildfab/pkg/buildfab/buildfab.go:845.4,846.15 2 1
github.com/AlexBurnes/buildfab/pkg/buildfab/buildfab.go:846.15,848.5 1 0
github.com/AlexBurnes/buildfab/pkg/buildfab/buildfab.go:851.4,852.45 2 1
github.com/AlexBurnes/buildfab/pkg/buildfab/buildfab.go:852.45,853.42 1 0
github.com/AlexBurnes/buildfab/pkg/buildfab/buildfab.go:853.42,855.6 1 0
github.com/AlexBurnes/buildfab/pkg/buildfab/buildfab.go:859.4,863.18 3 1
github.com/AlexBurnes/buildfab/pkg/buildfab/buildfab.go:863.18,865.5 1 0
github.com/AlexBurnes/buildfab/pkg/buildfab/buildfab.go:868.4,868.66 1 1
github.com/AlexBurnes/buildfab/pkg/buildfab/buildfab.go:868.66,870.5 1 1
github.com/AlexBurnes/buildfab/pkg/buildfab/buildfab.go:873.4,874.32 2 1
github.com/AlexBurnes/buildfab/pkg/buildfab/buildfab.go:874.32,879.59 3 1
github.com/AlexBurnes/buildfab/pkg/buildfab/buildfab.go:879.59,881.6 1 1
github.com/AlexBurnes/buildfab/pkg/buildfab/buildfab.go:882.5,882.23 1 1
github.com/AlexBurnes/buildfab/pkg/buildfab/buildfab.go:882.23,884.6 1 1
github.com/AlexBurnes/buildfab/pkg/buildfab/buildfab.go:886.5,887.50 2 1
github.com/AlexBurnes/buildfab/pkg/buildfab/buildfab.go:887.50,889.22 2 1
github.com/AlexBurnes/buildfab/pkg/buildfab/buildfab.go:889.22,892.7 1 1
github.com/AlexBurnes/buildfab/pkg/buildfab/buildfab.go:893.11,894.22 1 1
github.com/AlexBurnes/buildfab/pkg/buildfab/buildfab.go:894.22,897.7 1 0
github.com/AlexBurnes/buildfab/pkg/buildfab/buildfab.go:900.5,903.32 2 1
github.com/AlexBurnes/buildfab/pkg/buildfab/buildfab.go:903.32,905.6 1 1
github.com/AlexBurnes/buildfab/pkg/buildfab/buildfab.go:907.5,907.21 1 1
github.com/AlexBurnes/buildfab/pkg/buildfab/buildfab.go:907.21,910.6 1 1
github.com/AlexBurnes/buildfab/pkg/buildfab/buildfab.go:913.4,913.20 1 1
github.com/AlexBurnes/buildfab/pkg/buildfab/buildfab.go:913.20,915.44 2 1
github.com/AlexBurnes/buildfab/pkg/buildfab/buildfab.go:915.44,917.6 1 1
github.com/AlexBurnes/buildfab/pkg/buildfab/buildfab.go:921.4,921.57 1 1
github.com/AlexBurnes/buildfab/pkg/buildfab/buildfab.go:922.9,925.4 1 1
github.com/AlexBurnes/buildfab/pkg/buildfab/buildfab.go:928.2,928.18 1 1
github.com/AlexBurnes/buildfab/pkg/buildfab/buildfab.go:928.18,931.3 1 1
github.com/AlexBurnes/buildfab/pkg/buildfab/buildfab.go:933.2,933.64 1 1
github.com/AlexBurnes/buildfab/pkg/buildfab/buildfab.go:937.80,941.18 2 1
github.com/AlexBurnes/buildfab/pkg/buildfab/buildfab.go:941.18,944.3 2 1
github.com/AlexBurnes/buildfab/pkg/buildfab/buildfab.go:947.2,947.19 1 1
github.com/AlexBurnes/buildfab/pkg/buildfab/buildfab.go:947.19,949.3 1 0
github.com/AlexBurnes/buildfab/pkg/buildfab/buildfab.go:952.2,953.58 2 1
github.com/AlexBurnes/buildfab/pkg/buildfab/buildfab.go:953.58,955.3 1 1
github.com/AlexBurnes/buildfab/pkg/buildfab/buildfab.go:956.2,956.22 1 1
github.com/AlexBurnes/buildfab/pkg/buildfab/buildfab.go:956.22,958.3 1 1
github.com/AlexBurnes/buildfab/pkg/buildfab/buildfab.go:959.2,963.16 3 1
github.com/AlexBurnes/buildfab/pkg/buildfab/buildfab.go:963.16,965.3 1 0
github.com/AlexBurnes/buildfab/pkg/buildfab/buildfab.go:968.2,968.51 1 1
github.com/AlexBurnes/buildfab/pkg/buildfab/buildfab.go:968.51,970.19 2 1
github.com/AlexBurnes/buildfab/pkg/buildfab/buildfab.go:970.19,972.4 1 1
github.com/AlexBurnes/buildfab/pkg/buildfab/buildfab.go:976.2,979.32 2 1
github.com/AlexBurnes/buildfab/pkg/buildfab/buildfab.go:979.32,981.76 1 0
github.com/AlexBurnes/buildfab/pkg/buildfab/buildfab.go:981.76,984.4 2 0
github.com/AlexBurnes/buildfab/pkg/buildfab/buildfab.go:985.3,985.56 1 0
github.com/AlexBurnes/buildfab/pkg/buildfab/buildfab.go:989.2,990.16 2 1
github.com/AlexBurnes/buildfab/pkg/buildfab/buildfab.go:990.16,992.3 1 0
github.com/AlexBurnes/buildfab/pkg/buildfab/buildfab.go:995.2,1001.33 3 1
github.com/AlexBurnes/buildfab/pkg/buildfab/buildfab.go:1001.33,1002.35 1 1
github.com/AlexBurnes/buildfab/pkg/buildfab/buildfab.go:1002.35,1004.37 1 0
github.com/AlexBurnes/buildfab/pkg/buildfab/buildfab.go:1004.37,1005.35 1 0
github.com/AlexBurnes/buildfab/pkg/buildfab/buildfab.go:1005.35,1006.32 1 0
github.com/AlexBurnes/buildfab/pkg/buildfab/buildfab.go:1006.32,1008.34 1 0
github.com/AlexBurnes/buildfab/pkg/buildfab/buildfab.go:1008.34,1010.8 1 0
github.com/AlexBurnes/buildfab/pkg/buildfab/buildfab.go:1011.7,1011.15 1 0
github.com/AlexBurnes/buildfab/pkg/buildfab/buildfab.go:1014.6,1014.29 1 0
github.com/AlexBurnes/buildfab/pkg/buildfab/buildfab.go:1014.29,1016.7 1 0
github.com/AlexBurnes/buildfab/pkg/buildfab/buildfab.go:1016.12,1018.7 1 0
github.com/AlexBurnes/buildfab/pkg/buildfab/buildfab.go:1025.2,1025.16 1 1
github.com/AlexBurnes/buildfab/pkg/buildfab/buildfab.go:1025.16,1027.3 1 0
github.com/AlexBurnes/buildfab/pkg/buildfab/buildfab.go:1029.2,1029.12 1 1
github.com/AlexBurnes/buildfab/pkg/buildfab/buildfab.go:1033.96,1043.29 5 0
github.com/AlexBurnes/buildfab/pkg/buildfab/buildfab.go:1043.29,1045.19 1 0
github.com/AlexBurnes/buildfab/pkg/buildfab/buildfab.go:1045.19,1048.4 2 0
github.com/AlexBurnes/buildfab/pkg/buildfab/buildfab.go:1050.3,1051.17 2 0
github.com/AlexBurnes/buildfab/pkg/buildfab/buildfab.go:1051.17,1053.4 1 0
github.com/AlexBurnes/buildfab/pkg/buildfab/buildfab.go:1055.3,1055.21 1 0
github.com/AlexBurnes/buildfab/pkg/buildfab/buildfab.go:1055.21,1057.31 2 0
github.com/AlexBurnes/buildfab/pkg/buildfab/buildfab.go:1057.31,1059.5 1 0
github.com/AlexBurnes/buildfab/pkg/buildfab/buildfab.go:1060.4,1060.12 1 0
github.com/AlexBurnes/buildfab/pkg/buildfab/buildfab.go:1064.3,1064.27 1 0
github.com/AlexBurnes/buildfab/pkg/buildfab/buildfab.go:1064.27,1066.38 2 0
github.com/AlexBurnes/buildfab/pkg/buildfab/buildfab.go:1066.38,1067.41 1 0
github.com/AlexBurnes/buildfab/pkg/buildfab/buildfab.go:1067.41,1068.28 1 0
github.com/AlexBurnes/buildfab/pkg/buildfab/buildfab.go:1068.28,1070.12 2 0
github.com/AlexBurnes/buildfab/pkg/buildfab/buildfab.go:1074.4,1074.20 1 0
github.com/AlexBurnes/buildfab/pkg/buildfab/buildfab.go:1074.20,1076.32 2 0
github.com/AlexBurnes/buildfab/pkg/buildfab/buildfab.go:1076.32,1078.6 1 0
github.com/AlexBurnes/buildfab/pkg/buildfab/buildfab.go:1079.5,1079.13 1 0
github.com/AlexBurnes/buildfab/pkg/buildfab/buildfab.go:1083.3,1087.14 3 0
github.com/AlexBurnes/buildfab/pkg/buildfab/buildfab.go:1087.14,1089.67 1 0
github.com/AlexBurnes/buildfab/pkg/buildfab/buildfab.go:1089.67,1091.32 2 0
github.com/AlexBurnes/buildfab/pkg/buildfab/buildfab.go:1091.32,1093.6 1 0
github.com/AlexBurnes/buildfab/pkg/buildfab/buildfab.go:1094.10,1095.32 1 0
github.com/AlexBurnes/buildfab/pkg/buildfab/buildfab.go:1095.32,1097.6 1 0
github.com/AlexBurnes/buildfab/pkg/buildfab/buildfab.go:1099.9,1102.18 2 0
github.com/AlexBurnes/buildfab/pkg/buildfab/buildfab.go:1102.18,1103.32 1 0
github.com/AlexBurnes/buildfab/pkg/buildfab/buildfab.go:1103.32,1105.6 1 0
github.com/AlexBurnes/buildfab/pkg/buildfab/buildfab.go:1111.2,1120.12 9 0
github.com/AlexBurnes/buildfab/pkg/buildfab/buildfab.go:1124.84,1130.16 3 0
github.com/AlexBurnes/buildfab/pkg/buildfab/buildfab.go:1130.16,1132.3 1 0
github.com/AlexBurnes/buildfab/pkg/buildfab/buildfab.go:1136.2,1142.33 3 0
github.com/AlexBurnes/buildfab/pkg/buildfab/buildfab.go:1142.33,1143.35 1 0
github.com/AlexBurnes/buildfab/pkg/buildfab/buildfab.go:1143.35,1145.31 1 0
github.com/AlexBurnes/buildfab/pkg/buildfab/buildfab.go:1145.31,1146.35 1 0
github.com/AlexBurnes/buildfab/pkg/buildfab/buildfab.go:1146.35,1147.32 1 0
github.com/AlexBurnes/buildfab/pkg/buildfab/buildfab.go:1147.32,1149.34 1 0
github.com/AlexBurnes/buildfab/pkg/buildfab/buildfab.go:1149.34,1151.8 1 0
github.com/AlexBurnes/buildfab/pkg/buildfab/buildfab.go:1152.7,1152.15 1 0
github.com/AlexBurnes/buildfab/pkg/buildfab/buildfab.go:1155.6,1155.29 1 0
github.com/AlexBurnes/buildfab/pkg/buildfab/buildfab.go:1155.29,1157.7 1 0
github.com/AlexBurnes/buildfab/pkg/buildfab/buildfab.go:1157.12,1159.7 1 0
github.com/AlexBurnes/buildfab/pkg/buildfab/buildfab.go:1166.2,1166.16 1 0
github.com/AlexBurnes/buildfab/pkg/buildfab/buildfab.go:1166.16,1168.3 1 0
github.com/AlexBurnes/buildfab/pkg/buildfab/buildfab.go:1170.2,1170.12 1 0
github.com/AlexBurnes/buildfab/pkg/buildfab/buildfab.go:1174.78,1176.18 1 0
github.com/AlexBurnes/buildfab/pkg/buildfab/buildfab.go:1176.18,1179.3 2 0
github.com/AlexBurnes/buildfab/pkg/buildfab/buildfab.go:1182.2,1182.24 1 0
github.com/AlexBurnes/buildfab/pkg/buildfab/buildfab.go:1182.24,1185.3 1 0
github.com/AlexBurnes/buildfab/pkg/buildfab/buildfab.go:1188.2,1189.13 2 0
github.com/AlexBurnes/buildfab/pkg/buildfab/buildfab.go:1189.13,1191.3 1 0
github.com/AlexBurnes/buildfab/pkg/buildfab/buildfab.go:1194.2,1198.16 3 0
github.com/AlexBurnes/buildfab/pkg/buildfab/buildfab.go:1198.16,1200.3 1 0
github.com/AlexBurnes/buildfab/pkg/buildfab/buildfab.go:1202.2,1202.20 1 0
github.com/AlexBurnes/buildfab/pkg/buildfab/buildfab.go:1202.20,1205.3 1 0
github.com/AlexBurnes/buildfab/pkg/buildfab/buildfab.go:1208.2,1209.31 2 0
github.com/AlexBurnes/buildfab/pkg/buildfab/buildfab.go:1209.31,1211.3 1 0
github.com/AlexBurnes/buildfab/pkg/buildfab/buildfab.go:1212.2,1212.26 1 0
github.com/AlexBurnes/buildfab/pkg/buildfab/buildfab.go:1212.26,1214.3 1 0
github.com/AlexBurnes/buildfab/pkg/buildfab/buildfab.go:1217.2,1220.32 2 0
github.com/AlexBurnes/buildfab/pkg/buildfab/buildfab.go:1220.32,1222.3 1 0
github.com/AlexBurnes/buildfab/pkg/buildfab/buildfab.go:1225.2,1225.42 1 0
github.com/AlexBurnes/buildfab/pkg/buildfab/buildfab.go:1229.75,1231.65 1 0
github.com/AlexBurnes/buildfab/pkg/buildfab/buildfab.go:1231.65,1233.33 1 0
github.com/AlexBurnes/buildfab/pkg/buildfab/buildfab.go:1233.33,1235.4 1 0
github.com/AlexBurnes/buildfab/pkg/buildfab/buildfab.go:1238.3,1238.20 1 0
github.com/AlexBurnes/buildfab/pkg/buildfab/buildfab.go:1238.20,1240.34 2 0
github.com/AlexBurnes/buildfab/pkg/buildfab/buildfab.go:1240.34,1242.5 1 0
github.com/AlexBurnes/buildfab/pkg/buildfab/buildfab.go:1243.4,1243.14 1 0
github.com/AlexBurnes/buildfab/pkg/buildfab/buildfab.go:1246.3,1251.33 4 0
github.com/AlexBurnes/buildfab/pkg/buildfab/buildfab.go:1251.33,1256.36 3 0
github.com/AlexBurnes/buildfab/pkg/buildfab/buildfab.go:1256.36,1259.19 3 0
github.com/AlexBurnes/buildfab/pkg/buildfab/buildfab.go:1259.19,1261.6 1 0
github.com/AlexBurnes/buildfab/pkg/buildfab/buildfab.go:1262.10,1262.42 1 0
github.com/AlexBurnes/buildfab/pkg/buildfab/buildfab.go:1262.42,1265.5 2 0
github.com/AlexBurnes/buildfab/pkg/buildfab/buildfab.go:1265.10,1265.45 1 0
github.com/AlexBurnes/buildfab/pkg/buildfab/buildfab.go:1265.45,1268.5 2 0
github.com/AlexBurnes/buildfab/pkg/buildfab/buildfab.go:1268.10,1268.25 1 0
github.com/AlexBurnes/buildfab/pkg/buildfab/buildfab.go:1268.25,1272.5 3 0
github.com/AlexBurnes/buildfab/pkg/buildfab/buildfab.go:1274.4,1274.87 1 0
github.com/AlexBurnes/buildfab/pkg/buildfab/buildfab.go:1277.3,1277.13 1 0
github.com/AlexBurnes/buildfab/pkg/buildfab/buildfab.go:1281.2,1282.13 2 0
github.com/AlexBurnes/buildfab/pkg/buildfab/buildfab.go:1282.13,1284.3 1 0
github.com/AlexBurnes/buildfab/pkg/buildfab/buildfab.go:1287.2,1287.32 1 0
github.com/AlexBurnes/buildfab/pkg/buildfab/buildfab.go:1287.32,1289.3 1 0
github.com/AlexBurnes/buildfab/pkg/buildfab/buildfab.go:1292.2,1292.19 1 0
github.com/AlexBurnes/buildfab/pkg/buildfab/buildfab.go:1292.19,1294.33 2 0
github.com/AlexBurnes/buildfab/pkg/buildfab/buildfab.go:1294.33,1297.18 3 0
github.com/AlexBurnes/buildfab/pkg/buildfab/buildfab.go:1297.18,1300.5 2 0
github.com/AlexBurnes/buildfab/pkg/buildfab/buildfab.go:1301.4,1301.80 1 0
github.com/AlexBurnes/buildfab/pkg/buildfab/buildfab.go:1303.3,1303.13 1 0
github.com/AlexBurnes/buildfab/pkg/buildfab/buildfab.go:1306.2,1311.32 4 0
github.com/AlexBurnes/buildfab/pkg/buildfab/buildfab.go:1311.32,1315.17 3 0
github.com/AlexBurnes/buildfab/pkg/buildfab/buildfab.go:1315.17,1319.4 3 0
github.com/AlexBurnes/buildfab/pkg/buildfab/buildfab.go:1321.3,1321.86 1 0
github.com/AlexBurnes/buildfab/pkg/buildfab/buildfab.go:1324.2,1324.12 1 0
github.com/AlexBurnes/buildfab/pkg/buildfab/buildfab.go:1328.119,1346.12 10 0
github.com/AlexBurnes/buildfab/pkg/buildfab/buildfab.go:1346.12,1348.34 2 0
github.com/AlexBurnes/buildfab/pkg/buildfab/buildfab.go:1348.34,1355.36 6 0
github.com/AlexBurnes/buildfab/pkg/buildfab/buildfab.go:1355.36,1357.5 1 0
github.com/AlexBurnes/buildfab/pkg/buildfab/buildfab.go:1358.4,1358.15 1 0
github.com/AlexBurnes/buildfab/pkg/buildfab/buildfab.go:1363.2,1363.12 1 0
github.com/AlexBurnes/buildfab/pkg/buildfab/buildfab.go:1363.12,1364.16 1 0
github.com/AlexBurnes/buildfab/pkg/buildfab/buildfab.go:1364.16,1366.8 1 0
github.com/AlexBurnes/buildfab/pkg/buildfab/buildfab.go:1366.8,1369.43 3 0
github.com/AlexBurnes/buildfab/pkg/buildfab/buildfab.go:1369.43,1370.21 1 0
github.com/AlexBurnes/buildfab/pkg/buildfab/buildfab.go:1370.21,1372.12 2 0
github.com/AlexBurnes/buildfab/pkg/buildfab/buildfab.go:1375.5,1377.22 2 0
github.com/AlexBurnes/buildfab/pkg/buildfab/buildfab.go:1377.22,1378.11 1 0
github.com/AlexBurnes/buildfab/pkg/buildfab/buildfab.go:1380.5,1380.38 1 0
github.com/AlexBurnes/buildfab/pkg/buildfab/buildfab.go:1382.4,1382.21 1 0
github.com/AlexBurnes/buildfab/pkg/buildfab/buildfab.go:1385.3,1385.7 1 0
github.com/AlexBurnes/buildfab/pkg/buildfab/buildfab.go:1385.7,1387.11 1 0
github.com/AlexBurnes/buildfab/pkg/buildfab/buildfab.go:1388.19,1389.11 1 0
github.com/AlexBurnes/buildfab/pkg/buildfab/buildfab.go:1390.12,1390.12 0 0
github.com/AlexBurnes/buildfab/pkg/buildfab/buildfab.go:1394.4,1396.36 3 0
github.com/AlexBurnes/buildfab/pkg/buildfab/buildfab.go:1396.36,1397.74 1 0
github.com/AlexBurnes/buildfab/pkg/buildfab/buildfab.go:1397.74,1400.44 2 0
github.com/AlexBurnes/buildfab/pkg/buildfab/buildfab.go:1400.44,1401.26 1 0
github.com/AlexBurnes/buildfab/pkg/buildfab/buildfab.go:1401.26,1403.13 2 0
github.com/AlexBurnes/buildfab/pkg/buildfab/buildfab.go:1407.6,1407.26 1 0
github.com/AlexBurnes/buildfab/pkg/buildfab/buildfab.go:1407.26,1409.7 1 0
github.com/AlexBurnes/buildfab/pkg/buildfab/buildfab.go:1412.4,1415.28 2 0
github.com/AlexBurnes/buildfab/pkg/buildfab/buildfab.go:1415.28,1419.31 3 0
github.com/AlexBurnes/buildfab/pkg/buildfab/buildfab.go:1419.31,1420.51 1 0
github.com/AlexBurnes/buildfab/pkg/buildfab/buildfab.go:1420.51,1422.12 2 0
github.com/AlexBurnes/buildfab/pkg/buildfab/buildfab.go:1425.5,1427.16 2 0
github.com/AlexBurnes/buildfab/pkg/buildfab/buildfab.go:1427.16,1429.6 1 0
github.com/AlexBurnes/buildfab/pkg/buildfab/buildfab.go:1432.5,1433.13 2 0
github.com/AlexBurnes/buildfab/pkg/buildfab/buildfab.go:1437.4,1437.40 1 0
github.com/AlexBurnes/buildfab/pkg/buildfab/buildfab.go:1437.40,1439.12 1 0
github.com/AlexBurnes/buildfab/pkg/buildfab/buildfab.go:1440.23,1441.12 1 0
github.com/AlexBurnes/buildfab/pkg/buildfab/buildfab.go:1442.13,1442.13 0 0
github.com/AlexBurnes/buildfab/pkg/buildfab/buildfab.go:1446.5,1453.44 5 0
github.com/AlexBurnes/buildfab/pkg/buildfab/buildfab.go:1453.44,1461.14 4 0
github.com/AlexBurnes/buildfab/pkg/buildfab/buildfab.go:1465.5,1465.40 1 0
github.com/AlexBurnes/buildfab/pkg/buildfab/buildfab.go:1465.40,1473.36 2 0
github.com/AlexBurnes/buildfab/pkg/buildfab/buildfab.go:1473.36,1475.7 1 0
github.com/AlexBurnes/buildfab/pkg/buildfab/buildfab.go:1477.6,1478.14 2 0
github.com/AlexBurnes/buildfab/pkg/buildfab/buildfab.go:1483.5,1484.32 2 0
github.com/AlexBurnes/buildfab/pkg/buildfab/buildfab.go:1484.32,1485.33 1 0
github.com/AlexBurnes/buildfab/pkg/buildfab/buildfab.go:1485.33,1487.12 2 0
github.com/AlexBurnes/buildfab/pkg/buildfab/buildfab.go:1492.5,1496.53 3 0
github.com/AlexBurnes/buildfab/pkg/buildfab/buildfab.go:1496.53,1498.22 2 0
github.com/AlexBurnes/buildfab/pkg/buildfab/buildfab.go:1498.22,1500.7 1 0
github.com/AlexBurnes/buildfab/pkg/buildfab/buildfab.go:1501.11,1503.22 2 0
github.com/AlexBurnes/buildfab/pkg/buildfab/buildfab.go:1503.22,1505.7 1 0
github.com/AlexBurnes/buildfab/pkg/buildfab/buildfab.go:1509.5,1509.45 1 0
github.com/AlexBurnes/buildfab/pkg/buildfab/buildfab.go:1509.45,1512.54 2 0
github.com/AlexBurnes/buildfab/pkg/buildfab/buildfab.go:1512.54,1514.7 1 0
github.com/AlexBurnes/buildfab/pkg/buildfab/buildfab.go:1515.6,1521.26 2 0
github.com/AlexBurnes/buildfab/pkg/buildfab/buildfab.go:1528.2,1528.9 1 0
github.com/AlexBurnes/buildfab/pkg/buildfab/buildfab.go:1529.14,1529.14 0 0
github.com/AlexBurnes/buildfab/pkg/buildfab/buildfab.go:1531.20,1535.36 2 0
github.com/AlexBurnes/buildfab/pkg/buildfab/buildfab.go:1539.2,1539.27 1 0
github.com/AlexBurnes/buildfab/pkg/buildfab/buildfab.go:1543.138,1546.48 1 0
github.com/AlexBurnes/buildfab/pkg/buildfab/buildfab.go:1546.48,1551.28 3 0
github.com/AlexBurnes/buildfab/pkg/buildfab/buildfab.go:1551.28,1555.5 3 0
github.com/AlexBurnes/buildfab/pkg/buildfab/buildfab.go:1558.4,1560.14 2 0
github.com/AlexBurnes/buildfab/pkg/buildfab/buildfab.go:1562.19,1564.20 1 0
github.com/AlexBurnes/buildfab/pkg/buildfab/buildfab.go:1564.20,1566.53 2 0
github.com/AlexBurnes/buildfab/pkg/buildfab/buildfab.go:1566.53,1568.6 1 0
github.com/AlexBurnes/buildfab/pkg/buildfab/buildfab.go:1569.5,1569.103 1 0
github.com/AlexBurnes/buildfab/pkg/buildfab/buildfab.go:1572.31,1574.20 1 0
github.com/AlexBurnes/buildfab/pkg/buildfab/buildfab.go:1574.20,1576.19 2 0
github.com/AlexBurnes/buildfab/pkg/buildfab/buildfab.go:1576.19,1578.6 1 0
github.com/AlexBurnes/buildfab/pkg/buildfab/buildfab.go:1579.5,1580.53 2 0
github.com/AlexBurnes/buildfab/pkg/buildfab/buildfab.go:1580.53,1582.6 1 0
github.com/AlexBurnes/buildfab/pkg/buildfab/buildfab.go:1583.5,1583.116 1 0
github.com/AlexBurnes/buildfab/pkg/buildfab/buildfab.go:1590.120,1595.50 2 0
github.com/AlexBurnes/buildfab/pkg/buildfab/buildfab.go:1595.50,1597.3 1 0
github.com/AlexBurnes/buildfab/pkg/buildfab/buildfab.go:1600.2,1600.18 1 0
github.com/AlexBurnes/buildfab/pkg/buildfab/buildfab.go:1600.18,1602.3 1 0
github.com/AlexBurnes/buildfab/pkg/buildfab/buildfab.go:1604.2,1604.32 1 0
github.com/AlexBurnes/buildfab/pkg/buildfab/buildfab.go:1604.32,1606.3 1 0
github.com/AlexBurnes/buildfab/pkg/buildfab/buildfab.go:1608.2,1616.23 5 0
github.com/AlexBurnes/buildfab/pkg/buildfab/buildfab.go:1616.23,1626.33 4 0
github.com/AlexBurnes/buildfab/pkg/buildfab/buildfab.go:1626.33,1628.4 1 0
github.com/AlexBurnes/buildfab/pkg/buildfab/buildfab.go:1630.3,1630.28 1 0
github.com/AlexBurnes/buildfab/pkg/buildfab/buildfab.go:1634.2,1634.48 1 0
github.com/AlexBurnes/buildfab/pkg/buildfab/buildfab.go:1634.48,1643.33 4 0
github.com/AlexBurnes/buildfab/pkg/buildfab/buildfab.go:1643.33,1645.4 1 0
github.com/AlexBurnes/buildfab/pkg/buildfab/buildfab.go:1647.3,1647.21 1 0
github.com/AlexBurnes/buildfab/pkg/buildfab/buildfab.go:1651.2,1652.20 2 0
github.com/AlexBurnes/buildfab/pkg/buildfab/buildfab.go:1652.20,1660.3 1 0
github.com/AlexBurnes/buildfab/pkg/buildfab/buildfab.go:1662.2,1662.32 1 0
github.com/AlexBurnes/buildfab/pkg/buildfab/buildfab.go:1662.32,1664.3 1 0
github.com/AlexBurnes/buildfab/pkg/buildfab/buildfab.go:1664.8,1666.3 1 0
github.com/AlexBurnes/buildfab/pkg/buildfab/buildfab.go:1667.2,1673.87 3 0
github.com/AlexBurnes/buildfab/pkg/buildfab/buildfab.go:1673.87,1677.3 2 0
github.com/AlexBurnes/buildfab/pkg/buildfab/buildfab.go:1680.2,1680.32 1 0
github.com/AlexBurnes/buildfab/pkg/buildfab/buildfab.go:1680.32,1685.35 3 0
github.com/AlexBurnes/buildfab/pkg/buildfab/buildfab.go:1685.35,1688.18 3 0
github.com/AlexBurnes/buildfab/pkg/buildfab/buildfab.go:1688.18,1690.5 1 0
github.com/AlexBurnes/buildfab/pkg/buildfab/buildfab.go:1691.9,1691.41 1 0
github.com/AlexBurnes/buildfab/pkg/buildfab/buildfab.go:1691.41,1694.4 2 0
github.com/AlexBurnes/buildfab/pkg/buildfab/buildfab.go:1694.9,1694.44 1 0
github.com/AlexBurnes/buildfab/pkg/buildfab/buildfab.go:1694.44,1697.4 2 0
github.com/AlexBurnes/buildfab/pkg/buildfab/buildfab.go:1697.9,1697.24 1 0
github.com/AlexBurnes/buildfab/pkg/buildfab/buildfab.go:1697.24,1701.4 3 0
github.com/AlexBurnes/buildfab/pkg/buildfab/buildfab.go:1703.3,1703.105 1 0
github.com/AlexBurnes/buildfab/pkg/buildfab/buildfab.go:1706.2,1706.20 1 0
github.com/AlexBurnes/buildfab/pkg/buildfab/buildfab.go:1710.92,1715.25 3 0
github.com/AlexBurnes/buildfab/pkg/buildfab/buildfab.go:1715.25,1717.3 1 0
github.com/AlexBurnes/buildfab/pkg/buildfab/buildfab.go:1720.2,1723.30 2 0
github.com/AlexBurnes/buildfab/pkg/buildfab/buildfab.go:1723.30,1725.29 1 0
github.com/AlexBurnes/buildfab/pkg/buildfab/buildfab.go:1725.29,1727.4 1 0
github.com/AlexBurnes/buildfab/pkg/buildfab/buildfab.go:1727.9,1727.36 1 0
github.com/AlexBurnes/buildfab/pkg/buildfab/buildfab.go:1727.36,1729.4 1 0
github.com/AlexBurnes/buildfab/pkg/buildfab/buildfab.go:1732.3,1736.35 3 0
github.com/AlexBurnes/buildfab/pkg/buildfab/buildfab.go:1736.35,1739.4 2 0
github.com/AlexBurnes/buildfab/pkg/buildfab/buildfab.go:1741.3,1744.35 2 0
github.com/AlexBurnes/buildfab/pkg/buildfab/buildfab.go:1744.35,1746.4 1 0
github.com/AlexBurnes/buildfab/pkg/buildfab/buildfab.go:1749.3,1749.46 1 0
github.com/AlexBurnes/buildfab/pkg/buildfab/buildfab.go:1749.46,1751.4 1 0
github.com/AlexBurnes/buildfab/pkg/buildfab/buildfab.go:1752.8,1752.38 1 0
github.com/AlexBurnes/buildfab/pkg/buildfab/buildfab.go:1752.38,1757.51 2 0
github.com/AlexBurnes/buildfab/pkg/buildfab/buildfab.go:1757.51,1759.4 1 0
github.com/AlexBurnes/buildfab/pkg/buildfab/buildfab.go:1762.3,1762.47 1 0
github.com/AlexBurnes/buildfab/pkg/buildfab/buildfab.go:1762.47,1764.4 1 0
github.com/AlexBurnes/buildfab/pkg/buildfab/buildfab.go:1767.3,1767.39 1 0
github.com/AlexBurnes/buildfab/pkg/buildfab/buildfab.go:1767.39,1769.4 1 0
github.com/AlexBurnes/buildfab/pkg/buildfab/buildfab.go:1772.3,1772.40 1 0
github.com/AlexBurnes/buildfab/pkg/buildfab/buildfab.go:1772.40,1774.4 1 0
github.com/AlexBurnes/buildfab/pkg/buildfab/buildfab.go:1777.3,1777.42 1 0
github.com/AlexBurnes/buildfab/pkg/buildfab/buildfab.go:1777.42,1779.4 1 0
github.com/AlexBurnes/buildfab/pkg/buildfab/buildfab.go:1782.3,1783.20 2 0
github.com/AlexBurnes/buildfab/pkg/buildfab/buildfab.go:1783.20,1785.4 1 0
github.com/AlexBurnes/buildfab/pkg/buildfab/buildfab.go:1786.3,1786.33 1 0
github.com/AlexBurnes/buildfab/pkg/buildfab/buildfab.go:1787.8,1793.39 3 0
github.com/AlexBurnes/buildfab/pkg/buildfab/buildfab.go:1793.39,1794.73 1 0
github.com/AlexBurnes/buildfab/pkg/buildfab/buildfab.go:1794.73,1796.10 2 0
github.com/AlexBurnes/buildfab/pkg/buildfab/buildfab.go:1801.3,1801.24 1 0
github.com/AlexBurnes/buildfab/pkg/buildfab/buildfab.go:1801.24,1803.4 1 0
github.com/AlexBurnes/buildfab/pkg/buildfab/buildfab.go:1806.3,1806.39 1 0
github.com/AlexBurnes/buildfab/pkg/buildfab/buildfab.go:1806.39,1808.16 2 0
github.com/AlexBurnes/buildfab/pkg/buildfab/buildfab.go:1808.16,1810.5 1 0
github.com/AlexBurnes/buildfab/pkg/buildfab/buildfab.go:1811.4,1811.35 1 0
github.com/AlexBurnes/buildfab/pkg/buildfab/buildfab.go:1815.3,1815.27 1 0
github.com/AlexBurnes/buildfab/pkg/buildfab/buildfab.go:1815.27,1817.4 1 0
github.com/AlexBurnes/buildfab/pkg/buildfab/buildfab.go:1820.3,1823.23 2 0
github.com/AlexBurnes/buildfab/pkg/buildfab/buildfab.go:1823.23,1825.28 2 0
github.com/AlexBurnes/buildfab/pkg/buildfab/buildfab.go:1825.28,1827.5 1 0
github.com/AlexBurnes/buildfab/pkg/buildfab/buildfab.go:1828.4,1828.49 1 0
github.com/AlexBurnes/buildfab/pkg/buildfab/buildfab.go:1829.9,1829.36 1 0
github.com/AlexBurnes/buildfab/pkg/buildfab/buildfab.go:1829.36,1831.28 2 0
github.com/AlexBurnes/buildfab/pkg/buildfab/buildfab.go:1831.28,1833.5 1 0
github.com/AlexBurnes/buildfab/pkg/buildfab/buildfab.go:1834.4,1834.49 1 0
github.com/AlexBurnes/buildfab/pkg/buildfab/buildfab.go:1835.9,1835.35 1 0
github.com/AlexBurnes/buildfab/pkg/buildfab/buildfab.go:1835.35,1837.28 2 0
github.com/AlexBurnes/buildfab/pkg/buildfab/buildfab.go:1837.28,1839.5 1 0
github.com/AlexBurnes/buildfab/pkg/buildfab/buildfab.go:1840.4,1840.49 1 0
github.com/AlexBurnes/buildfab/pkg/buildfab/buildfab.go:1844.2,1844.33 1 0
github.com/AlexBurnes/buildfab/pkg/buildfab/buildfab.go:1848.77,1851.16 2 1
github.com/AlexBurnes/buildfab/pkg/buildfab/buildfab.go:1851.16,1853.30 1 0
github.com/AlexBurnes/buildfab/pkg/buildfab/buildfab.go:1853.30,1855.4 1 0
github.com/AlexBurnes/buildfab/pkg/buildfab/buildfab.go:1856.3,1856.15 1 0
github.com/AlexBurnes/buildfab/pkg/buildfab/buildfab.go:1858.2,1858.22 1 1
github.com/AlexBurnes/buildfab/pkg/buildfab/buildfab.go:1879.75,1885.31 4 0
github.com/AlexBurnes/buildfab/pkg/buildfab/buildfab.go:1885.31,1886.30 1 0
github.com/AlexBurnes/buildfab/pkg/buildfab/buildfab.go:1886.30,1888.9 2 0
github.com/AlexBurnes/buildfab/pkg/buildfab/buildfab.go:1892.2,1892.21 1 0
github.com/AlexBurnes/buildfab/pkg/buildfab/buildfab.go:1892.21,1895.3 1 0
github.com/AlexBurnes/buildfab/pkg/buildfab/buildfab.go:1899.2,1899.33 1 0
github.com/AlexBurnes/buildfab/pkg/buildfab/buildfab.go:1899.33,1900.38 1 0
github.com/AlexBurnes/buildfab/pkg/buildfab/buildfab.go:1900.38,1903.4 1 0
github.com/AlexBurnes/buildfab/pkg/buildfab/buildfab.go:1907.2,1907.27 1 0
github.com/AlexBurnes/buildfab/pkg/buildfab/buildfab.go:1907.27,1910.3 1 0
github.com/AlexBurnes/buildfab/pkg/buildfab/buildfab.go:1913.2,1913.13 1 0
github.com/AlexBurnes/buildfab/pkg/buildfab/buildfab.go:1917.76,1923.31 4 0
github.com/AlexBurnes/buildfab/pkg/buildfab/buildfab.go:1923.31,1924.30 1 0
github.com/AlexBurnes/buildfab/pkg/buildfab/buildfab.go:1924.30,1926.9 2 0
github.com/AlexBurnes/buildfab/pkg/buildfab/buildfab.go:1930.2,1930.21 1 0
github.com/AlexBurnes/buildfab/pkg/buildfab/buildfab.go:1930.21,1932.3 1 0
github.com/AlexBurnes/buildfab/pkg/buildfab/buildfab.go:1935.2,1935.33 1 0
github.com/AlexBurnes/buildfab/pkg/buildfab/buildfab.go:1935.33,1936.36 1 0
github.com/AlexBurnes/buildfab/pkg/buildfab/buildfab.go:1936.36,1938.4 1 0
github.com/AlexBurnes/buildfab/pkg/buildfab/buildfab.go:1941.2,1941.13 1 0
github.com/AlexBurnes/buildfab/pkg/buildfab/buildfab.go:1945.67,1949.2 3 0
github.com/AlexBurnes/buildfab/pkg/buildfab/buildfab.go:1952.70,1956.29 2 1
github.com/AlexBurnes/buildfab/pkg/buildfab/buildfab.go:1956.29,1958.14 2 1
github.com/AlexBurnes/buildfab/pkg/buildfab/buildfab.go:1958.14,1960.4 1 0
github.com/AlexBurnes/buildfab/pkg/buildfab/buildfab.go:1963.3,1972.23 3 1
github.com/AlexBurnes/buildfab/pkg/buildfab/buildfab.go:1976.2,1976.27 1 1
github.com/AlexBurnes/buildfab/pkg/buildfab/buildfab.go:1976.27,1977.41 1 1
github.com/AlexBurnes/buildfab/pkg/buildfab/buildfab.go:1977.41,1978.43 1 1
github.com/AlexBurnes/buildfab/pkg/buildfab/buildfab.go:1978.43,1980.5 1 1
github.com/AlexBurnes/buildfab/pkg/buildfab/buildfab.go:1980.10,1982.5 1 0
github.com/AlexBurnes/buildfab/pkg/buildfab/buildfab.go:1987.2,1987.44 1 1
github.com/AlexBurnes/buildfab/pkg/buildfab/buildfab.go:1987.44,1989.3 1 0
github.com/AlexBurnes/buildfab/pkg/buildfab/buildfab.go:1991.2,1991.17 1 1
github.com/AlexBurnes/buildfab/pkg/buildfab/buildfab.go:1995.62,2000.36 4 1
github.com/AlexBurnes/buildfab/pkg/buildfab/buildfab.go:2000.36,2001.25 1 1
github.com/AlexBurnes/buildfab/pkg/buildfab/buildfab.go:2001.25,2003.4 1 0
github.com/AlexBurnes/buildfab/pkg/buildfab/buildfab.go:2004.3,2004.24 1 1
github.com/AlexBurnes/buildfab/pkg/buildfab/buildfab.go:2004.24,2006.4 1 1
github.com/AlexBurnes/buildfab/pkg/buildfab/buildfab.go:2008.3,2010.16 3 1
github.com/AlexBurnes/buildfab/pkg/buildfab/buildfab.go:2010.16,2010.46 1 1
github.com/AlexBurnes/buildfab/pkg/buildfab/buildfab.go:2012.3,2013.41 2 1
github.com/AlexBurnes/buildfab/pkg/buildfab/buildfab.go:2013.41,2014.35 1 1
github.com/AlexBurnes/buildfab/pkg/buildfab/buildfab.go:2014.35,2016.5 1 0
github.com/AlexBurnes/buildfab/pkg/buildfab/buildfab.go:2019.3,2019.13 1 1
github.com/AlexBurnes/buildfab/pkg/buildfab/buildfab.go:2022.2,2022.28 1 1
github.com/AlexBurnes/buildfab/pkg/buildfab/buildfab.go:2022.28,2023.25 1 1
github.com/AlexBurnes/buildfab/pkg/buildfab/buildfab.go:2023.25,2024.40 1 1
github.com/AlexBurnes/buildfab/pkg/buildfab/buildfab.go:2024.40,2026.5 1 0
github.com/AlexBurnes/buildfab/pkg/buildfab/buildfab.go:2030.2,2030.12 1 1
github.com/AlexBurnes/buildfab/pkg/buildfab/buildfab.go:2034.167,2063.12 13 1
github.com/AlexBurnes/buildfab/pkg/buildfab/buildfab.go:2063.12,2065.34 2 1
github.com/AlexBurnes/buildfab/pkg/buildfab/buildfab.go:2065.34,2072.36 6 1
github.com/AlexBurnes/buildfab/pkg/buildfab/buildfab.go:2072.36,2074.5 1 0
github.com/AlexBurnes/buildfab/pkg/buildfab/buildfab.go:2075.4,2081.83 3 1
github.com/AlexBurnes/buildfab/pkg/buildfab/buildfab.go:2086.2,2086.12 1 1
github.com/AlexBurnes/buildfab/pkg/buildfab/buildfab.go:2086.12,2087.16 1 1
github.com/AlexBurnes/buildfab/pkg/buildfab/buildfab.go:2087.16,2089.8 1 1
github.com/AlexBurnes/buildfab/pkg/buildfab/buildfab.go:2089.8,2092.31 3 1
github.com/AlexBurnes/buildfab/pkg/buildfab/buildfab.go:2092.31,2093.29 1 1
github.com/AlexBurnes/buildfab/pkg/buildfab/buildfab.go:2093.29,2095.12 2 1
github.com/AlexBurnes/buildfab/pkg/buildfab/buildfab.go:2098.5,2100.16 2 1
github.com/AlexBurnes/buildfab/pkg/buildfab/buildfab.go:2100.16,2101.11 1 1
github.com/AlexBurnes/buildfab/pkg/buildfab/buildfab.go:2105.5,2105.12 1 1
github.com/AlexBurnes/buildfab/pkg/buildfab/buildfab.go:2106.20,2108.12 2 0
github.com/AlexBurnes/buildfab/pkg/buildfab/buildfab.go:2109.46,2109.46 0 1
github.com/AlexBurnes/buildfab/pkg/buildfab/buildfab.go:2113.4,2113.21 1 1
github.com/AlexBurnes/buildfab/pkg/buildfab/buildfab.go:2116.3,2116.7 1 1
github.com/AlexBurnes/buildfab/pkg/buildfab/buildfab.go:2116.7,2118.11 1 1
github.com/AlexBurnes/buildfab/pkg/buildfab/buildfab.go:2119.19,2120.11 1 0
github.com/AlexBurnes/buildfab/pkg/buildfab/buildfab.go:2121.12,2121.12 0 1
github.com/AlexBurnes/buildfab/pkg/buildfab/buildfab.go:2125.4,2129.28 4 1
github.com/AlexBurnes/buildfab/pkg/buildfab/buildfab.go:2129.28,2133.31 3 1
github.com/AlexBurnes/buildfab/pkg/buildfab/buildfab.go:2133.31,2134.54 1 1
github.com/AlexBurnes/buildfab/pkg/buildfab/buildfab.go:2134.54,2136.12 2 1
github.com/AlexBurnes/buildfab/pkg/buildfab/buildfab.go:2139.5,2141.16 2 1
github.com/AlexBurnes/buildfab/pkg/buildfab/buildfab.go:2141.16,2142.11 1 1
github.com/AlexBurnes/buildfab/pkg/buildfab/buildfab.go:2146.5,2146.12 1 1
github.com/AlexBurnes/buildfab/pkg/buildfab/buildfab.go:2147.20,2148.12 1 0
github.com/AlexBurnes/buildfab/pkg/buildfab/buildfab.go:2149.46,2149.46 0 1
github.com/AlexBurnes/buildfab/pkg/buildfab/buildfab.go:2152.5,2152.13 1 1
github.com/AlexBurnes/buildfab/pkg/buildfab/buildfab.go:2156.4,2156.40 1 1
github.com/AlexBurnes/buildfab/pkg/buildfab/buildfab.go:2156.40,2158.12 1 1
github.com/AlexBurnes/buildfab/pkg/buildfab/buildfab.go:2159.20,2160.12 1 0
github.com/AlexBurnes/buildfab/pkg/buildfab/buildfab.go:2161.13,2161.13 0 1
github.com/AlexBurnes/buildfab/pkg/buildfab/buildfab.go:2165.5,2172.44 5 1
github.com/AlexBurnes/buildfab/pkg/buildfab/buildfab.go:2172.44,2179.13 3 0
github.com/AlexBurnes/buildfab/pkg/buildfab/buildfab.go:2180.32,2180.32 0 0
github.com/AlexBurnes/buildfab/pkg/buildfab/buildfab.go:2181.21,2182.13 1 0
github.com/AlexBurnes/buildfab/pkg/buildfab/buildfab.go:2184.6,2184.14 1 0
github.com/AlexBurnes/buildfab/pkg/buildfab/buildfab.go:2188.5,2188.40 1 1
github.com/AlexBurnes/buildfab/pkg/buildfab/buildfab.go:2188.40,2196.36 2 0
github.com/AlexBurnes/buildfab/pkg/buildfab/buildfab.go:2196.36,2198.7 1 0
github.com/AlexBurnes/buildfab/pkg/buildfab/buildfab.go:2200.6,2200.13 1 0
github.com/AlexBurnes/buildfab/pkg/buildfab/buildfab.go:2201.32,2201.32 0 0
github.com/AlexBurnes/buildfab/pkg/buildfab/buildfab.go:2202.21,2203.13 1 0
github.com/AlexBurnes/buildfab/pkg/buildfab/buildfab.go:2205.6,2205.14 1 0
github.com/AlexBurnes/buildfab/pkg/buildfab/buildfab.go:2210.5,2211.32 2 1
github.com/AlexBurnes/buildfab/pkg/buildfab/buildfab.go:2211.32,2212.33 1 1
github.com/AlexBurnes/buildfab/pkg/buildfab/buildfab.go:2212.33,2214.12 2 1
github.com/AlexBurnes/buildfab/pkg/buildfab/buildfab.go:2219.5,2221.53 3 1
github.com/AlexBurnes/buildfab/pkg/buildfab/buildfab.go:2221.53,2224.22 3 1
github.com/AlexBurnes/buildfab/pkg/buildfab/buildfab.go:2224.22,2226.7 1 1
github.com/AlexBurnes/buildfab/pkg/buildfab/buildfab.go:2227.11,2229.22 2 1
github.com/AlexBurnes/buildfab/pkg/buildfab/buildfab.go:2229.22,2231.7 1 1
github.com/AlexBurnes/buildfab/pkg/buildfab/buildfab.go:2235.5,2237.51 1 1
github.com/AlexBurnes/buildfab/pkg/buildfab/buildfab.go:2237.51,2242.51 3 1
github.com/AlexBurnes/buildfab/pkg/buildfab/buildfab.go:2242.51,2244.8 1 0
github.com/AlexBurnes/buildfab/pkg/buildfab/buildfab.go:2246.7,2246.14 1 1
github.com/AlexBurnes/buildfab/pkg/buildfab/buildfab.go:2247.33,2247.33 0 1
github.com/AlexBurnes/buildfab/pkg/buildfab/buildfab.go:2248.22,2248.22 0 0
github.com/AlexBurnes/buildfab/pkg/buildfab/buildfab.go:2251.7,2251.17 1 1
github.com/AlexBurnes/buildfab/pkg/buildfab/buildfab.go:2253.22,2254.23 1 1
github.com/AlexBurnes/buildfab/pkg/buildfab/buildfab.go:2254.23,2256.8 1 1
github.com/AlexBurnes/buildfab/pkg/buildfab/buildfab.go:2258.34,2259.23 1 1
github.com/AlexBurnes/buildfab/pkg/buildfab/buildfab.go:2259.23,2261.22 2 1
github.com/AlexBurnes/buildfab/pkg/buildfab/buildfab.go:2261.22,2263.9 1 0
github.com/AlexBurnes/buildfab/pkg/buildfab/buildfab.go:2264.8,2264.98 1 1
github.com/AlexBurnes/buildfab/pkg/buildfab/buildfab.go:2270.5,2270.45 1 1
github.com/AlexBurnes/buildfab/pkg/buildfab/buildfab.go:2270.45,2278.13 2 0
github.com/AlexBurnes/buildfab/pkg/buildfab/buildfab.go:2279.32,2279.32 0 0
github.com/AlexBurnes/buildfab/pkg/buildfab/buildfab.go:2280.21,2280.21 0 0
github.com/AlexBurnes/buildfab/pkg/buildfab/buildfab.go:2285.5,2285.84 1 1
github.com/AlexBurnes/buildfab/pkg/buildfab/buildfab.go:2291.2,2291.9 1 1
github.com/AlexBurnes/buildfab/pkg/buildfab/buildfab.go:2292.14,2295.60 1 1
github.com/AlexBurnes/buildfab/pkg/buildfab/buildfab.go:2296.20,2302.60 3 0
github.com/AlexBurnes/buildfab/pkg/buildfab/buildfab.go:2305.2,2305.27 1 1
github.com/AlexBurnes/buildfab/pkg/buildfab/buildfab.go:2309.185,2311.29 1 1
github.com/AlexBurnes/buildfab/pkg/buildfab/buildfab.go:2311.29,2312.30 1 1
github.com/AlexBurnes/buildfab/pkg/buildfab/buildfab.go:2312.30,2314.55 1 1
github.com/AlexBurnes/buildfab/pkg/buildfab/buildfab.go:2314.55,2316.60 1 1
github.com/AlexBurnes/buildfab/pkg/buildfab/buildfab.go:2316.60,2319.6 2 0
github.com/AlexBurnes/buildfab/pkg/buildfab/buildfab.go:2322.5,2322.31 1 1
github.com/AlexBurnes/buildfab/pkg/buildfab/buildfab.go:2322.31,2324.6 1 1
github.com/AlexBurnes/buildfab/pkg/buildfab/buildfab.go:2325.5,2325.10 1 1
github.com/AlexBurnes/buildfab/pkg/buildfab/buildfab.go:2332.172,2334.29 1 1
github.com/AlexBurnes/buildfab/pkg/buildfab/buildfab.go:2334.29,2335.30 1 1
github.com/AlexBurnes/buildfab/pkg/buildfab/buildfab.go:2335.30,2337.55 1 1
github.com/AlexBurnes/buildfab/pkg/buildfab/buildfab.go:2337.55,2340.77 1 1
github.com/AlexBurnes/buildfab/pkg/buildfab/buildfab.go:2340.77,2342.36 1 1
github.com/AlexBurnes/buildfab/pkg/buildfab/buildfab.go:2342.36,2345.58 1 0
github.com/AlexBurnes/buildfab/pkg/buildfab/buildfab.go:2345.58,2347.8 1 0
github.com/AlexBurnes/buildfab/pkg/buildfab/buildfab.go:2351.6,2351.36 1 1
github.com/AlexBurnes/buildfab/pkg/buildfab/buildfab.go:2351.36,2355.38 3 0
github.com/AlexBurnes/buildfab/pkg/buildfab/buildfab.go:2355.38,2358.8 2 0
github.com/AlexBurnes/buildfab/pkg/buildfab/buildfab.go:2358.13,2358.46 1 0
github.com/AlexBurnes/buildfab/pkg/buildfab/buildfab.go:2358.46,2361.8 2 0
github.com/AlexBurnes/buildfab/pkg/buildfab/buildfab.go:2361.13,2361.48 1 0
github.com/AlexBurnes/buildfab/pkg/buildfab/buildfab.go:2361.48,2364.8 2 0
github.com/AlexBurnes/buildfab/pkg/buildfab/buildfab.go:2366.7,2366.113 1 0
github.com/AlexBurnes/buildfab/pkg/buildfab/buildfab.go:2368.6,2368.32 1 1
github.com/AlexBurnes/buildfab/pkg/buildfab/buildfab.go:2371.4,2371.9 1 1
github.com/AlexBurnes/buildfab/pkg/buildfab/buildfab.go:2377.97,2380.26 2 1
github.com/AlexBurnes/buildfab/pkg/buildfab/buildfab.go:2380.26,2381.30 1 1
github.com/AlexBurnes/buildfab/pkg/buildfab/buildfab.go:2381.30,2383.9 2 1
github.com/AlexBurnes/buildfab/pkg/buildfab/buildfab.go:2387.2,2387.21 1 1
github.com/AlexBurnes/buildfab/pkg/buildfab/buildfab.go:2387.21,2389.3 1 0
github.com/AlexBurnes/buildfab/pkg/buildfab/buildfab.go:2392.2,2392.33 1 1
github.com/AlexBurnes/buildfab/pkg/buildfab/buildfab.go:2392.33,2393.34 1 1
github.com/AlexBurnes/buildfab/pkg/buildfab/buildfab.go:2393.34,2395.4 1 1
github.com/AlexBurnes/buildfab/pkg/buildfab/buildfab.go:2398.2,2398.13 1 1
github.com/AlexBurnes/buildfab/pkg/buildfab/buildfab.go:2402.131,2403.29 1 1
github.com/AlexBurnes/buildfab/pkg/buildfab/buildfab.go:2403.29,2404.30 1 1
github.com/AlexBurnes/buildfab/pkg/buildfab/buildfab.go:2404.30,2405.56 1 1
github.com/AlexBurnes/buildfab/pkg/buildfab/buildfab.go:2405.56,2406.35 1 1
github.com/AlexBurnes/buildfab/pkg/buildfab/buildfab.go:2406.35,2410.37 3 0
github.com/AlexBurnes/buildfab/pkg/buildfab/buildfab.go:2410.37,2413.7 2 0
github.com/AlexBurnes/buildfab/pkg/buildfab/buildfab.go:2413.12,2413.45 1 0
github.com/AlexBurnes/buildfab/pkg/buildfab/buildfab.go:2413.45,2416.7 2 0
github.com/AlexBurnes/buildfab/pkg/buildfab/buildfab.go:2416.12,2416.47 1 0
github.com/AlexBurnes/buildfab/pkg/buildfab/buildfab.go:2416.47,2419.7 2 0
github.com/AlexBurnes/buildfab/pkg/buildfab/buildfab.go:2421.6,2421.115 1 0
github.com/AlexBurnes/buildfab/pkg/buildfab/buildfab.go:2423.5,2423.34 1 1
github.com/AlexBurnes/buildfab/pkg/buildfab/buildfab.go:2430.119,2448.12 10 0
github.com/AlexBurnes/buildfab/pkg/buildfab/buildfab.go:2448.12,2450.34 2 0
github.com/AlexBurnes/buildfab/pkg/buildfab/buildfab.go:2450.34,2457.36 6 0
github.com/AlexBurnes/buildfab/pkg/buildfab/buildfab.go:2457.36,2459.5 1 0
github.com/AlexBurnes/buildfab/pkg/buildfab/buildfab.go:2460.4,2460.15 1 0
github.com/AlexBurnes/buildfab/pkg/buildfab/buildfab.go:2465.2,2465.12 1 0
github.com/AlexBurnes/buildfab/pkg/buildfab/buildfab.go:2465.12,2466.16 1 0
github.com/AlexBurnes/buildfab/pkg/buildfab/buildfab.go:2466.16,2468.8 1 0
github.com/AlexBurnes/buildfab/pkg/buildfab/buildfab.go:2468.8,2471.31 3 0
github.com/AlexBurnes/buildfab/pkg/buildfab/buildfab.go:2471.31,2472.29 1 0
github.com/AlexBurnes/buildfab/pkg/buildfab/buildfab.go:2472.29,2474.12 2 0
github.com/AlexBurnes/buildfab/pkg/buildfab/buildfab.go:2477.5,2479.16 2 0
github.com/AlexBurnes/buildfab/pkg/buildfab/buildfab.go:2479.16,2480.11 1 0
github.com/AlexBurnes/buildfab/pkg/buildfab/buildfab.go:2484.5,2484.12 1 0
github.com/AlexBurnes/buildfab/pkg/buildfab/buildfab.go:2485.20,2487.12 2 0
github.com/AlexBurnes/buildfab/pkg/buildfab/buildfab.go:2488.46,2488.46 0 0
github.com/AlexBurnes/buildfab/pkg/buildfab/buildfab.go:2492.4,2492.21 1 0
github.com/AlexBurnes/buildfab/pkg/buildfab/buildfab.go:2495.3,2495.7 1 0
github.com/AlexBurnes/buildfab/pkg/buildfab/buildfab.go:2495.7,2497.11 1 0
github.com/AlexBurnes/buildfab/pkg/buildfab/buildfab.go:2498.19,2499.11 1 0
github.com/AlexBurnes/buildfab/pkg/buildfab/buildfab.go:2500.12,2500.12 0 0
github.com/AlexBurnes/buildfab/pkg/buildfab/buildfab.go:2504.4,2508.28 4 0
github.com/AlexBurnes/buildfab/pkg/buildfab/buildfab.go:2508.28,2512.31 3 0
github.com/AlexBurnes/buildfab/pkg/buildfab/buildfab.go:2512.31,2513.54 1 0
github.com/AlexBurnes/buildfab/pkg/buildfab/buildfab.go:2513.54,2515.12 2 0
github.com/AlexBurnes/buildfab/pkg/buildfab/buildfab.go:2518.5,2520.16 2 0
github.com/AlexBurnes/buildfab/pkg/buildfab/buildfab.go:2520.16,2521.11 1 0
github.com/AlexBurnes/buildfab/pkg/buildfab/buildfab.go:2525.5,2525.12 1 0
github.com/AlexBurnes/buildfab/pkg/buildfab/buildfab.go:2526.20,2527.12 1 0
github.com/AlexBurnes/buildfab/pkg/buildfab/buildfab.go:2528.46,2528.46 0 0
github.com/AlexBurnes/buildfab/pkg/buildfab/buildfab.go:2531.5,2531.13 1 0
github.com/AlexBurnes/buildfab/pkg/buildfab/buildfab.go:2535.4,2535.40 1 0
github.com/AlexBurnes/buildfab/pkg/buildfab/buildfab.go:2535.40,2537.12 1 0
github.com/AlexBurnes/buildfab/pkg/buildfab/buildfab.go:2538.20,2539.12 1 0
github.com/AlexBurnes/buildfab/pkg/buildfab/buildfab.go:2540.13,2540.13 0 0
github.com/AlexBurnes/buildfab/pkg/buildfab/buildfab.go:2544.5,2551.44 5 0
github.com/AlexBurnes/buildfab/pkg/buildfab/buildfab.go:2551.44,2558.13 3 0
github.com/AlexBurnes/buildfab/pkg/buildfab/buildfab.go:2559.32,2559.32 0 0
github.com/AlexBurnes/buildfab/pkg/buildfab/buildfab.go:2560.21,2561.13 1 0
github.com/AlexBurnes/buildfab/pkg/buildfab/buildfab.go:2563.6,2563.14 1 0
github.com/AlexBurnes/buildfab/pkg/buildfab/buildfab.go:2567.5,2567.40 1 0
github.com/AlexBurnes/buildfab/pkg/buildfab/buildfab.go:2567.40,2575.36 2 0
github.com/AlexBurnes/buildfab/pkg/buildfab/buildfab.go:2575.36,2577.7 1 0
github.com/AlexBurnes/buildfab/pkg/buildfab/buildfab.go:2579.6,2579.13 1 0
github.com/AlexBurnes/buildfab/pkg/buildfab/buildfab.go:2580.32,2580.32 0 0
github.com/AlexBurnes/buildfab/pkg/buildfab/buildfab.go:2581.21,2582.13 1 0
github.com/AlexBurnes/buildfab/pkg/buildfab/buildfab.go:2584.6,2584.14 1 0
github.com/AlexBurnes/buildfab/pkg/buildfab/buildfab.go:2588.5,2588.45 1 0
github.com/AlexBurnes/buildfab/pkg/buildfab/buildfab.go:2588.45,2592.13 3 0
github.com/AlexBurnes/buildfab/pkg/buildfab/buildfab.go:2593.32,2593.32 0 0
github.com/AlexBurnes/buildfab/pkg/buildfab/buildfab.go:2594.21,2595.13 1 0
github.com/AlexBurnes/buildfab/pkg/buildfab/buildfab.go:2603.1,2603.8 1 0
github.com/AlexBurnes/buildfab/pkg/buildfab/buildfab.go:2604.13,2604.13 0 0
github.com/AlexBurnes/buildfab/pkg/buildfab/buildfab.go:2606.19,2610.35 2 0
github.com/AlexBurnes/buildfab/pkg/buildfab/buildfab.go:2614.1,2614.26 1 0
github.com/AlexBurnes/buildfab/pkg/buildfab/buildfab.go:2618.150,2621.34 2 1
github.com/AlexBurnes/buildfab/pkg/buildfab/buildfab.go:2621.34,2622.49 1 1
github.com/AlexBurnes/buildfab/pkg/buildfab/buildfab.go:2622.49,2623.12 1 1
github.com/AlexBurnes/buildfab/pkg/buildfab/buildfab.go:2627.3,2627.50 1 1
github.com/AlexBurnes/buildfab/pkg/buildfab/buildfab.go:2627.50,2629.4 1 1
github.com/AlexBurnes/buildfab/pkg/buildfab/buildfab.go:2632.2,2632.14 1 1
github.com/AlexBurnes/buildfab/pkg/buildfab/buildfab.go:2636.90,2637.40 1 1
github.com/AlexBurnes/buildfab/pkg/buildfab/buildfab.go:2637.40,2638.22 1 1
github.com/AlexBurnes/buildfab/pkg/buildfab/buildfab.go:2638.22,2640.4 1 1
github.com/AlexBurnes/buildfab/pkg/buildfab/buildfab.go:2642.2,2642.13 1 1
github.com/AlexBurnes/buildfab/pkg/buildfab/buildfab.go:2646.82,2647.40 1 1
github.com/AlexBurnes/buildfab/pkg/buildfab/buildfab.go:2647.40,2648.18 1 1
github.com/AlexBurnes/buildfab/pkg/buildfab/buildfab.go:2648.18,2650.4 1 0
github.com/AlexBurnes/buildfab/pkg/buildfab/buildfab.go:2652.2,2652.14 1 1
github.com/AlexBurnes/buildfab/pkg/buildfab/buildfab.go:2656.91,2658.40 2 0
github.com/AlexBurnes/buildfab/pkg/buildfab/buildfab.go:2658.40,2659.18 1 0
github.com/AlexBurnes/buildfab/pkg/buildfab/buildfab.go:2659.18,2661.4 1 0
github.com/AlexBurnes/buildfab/pkg/buildfab/buildfab.go:2663.2,2663.19 1 0
github.com/AlexBurnes/buildfab/pkg/buildfab/buildfab.go:2668.84,2670.21 1 1
github.com/AlexBurnes/buildfab/pkg/buildfab/buildfab.go:2670.21,2672.73 1 0
github.com/AlexBurnes/buildfab/pkg/buildfab/buildfab.go:2672.73,2674.4 1 0
github.com/AlexBurnes/buildfab/pkg/buildfab/buildfab.go:2677.3,2677.53 1 0
github.com/AlexBurnes/buildfab/pkg/buildfab/buildfab.go:2677.53,2679.4 1 0
github.com/AlexBurnes/buildfab/pkg/buildfab/buildfab.go:2682.3,2682.10 1 0
github.com/AlexBurnes/buildfab/pkg/buildfab/buildfab.go:2683.44,2685.25 2 0
github.com/AlexBurnes/buildfab/pkg/buildfab/buildfab.go:2685.25,2687.5 1 0
github.com/AlexBurnes/buildfab/pkg/buildfab/buildfab.go:2688.4,2688.31 1 0
github.com/AlexBurnes/buildfab/pkg/buildfab/buildfab.go:2689.89,2690.61 1 0
github.com/AlexBurnes/buildfab/pkg/buildfab/buildfab.go:2691.43,2692.41 1 0
github.com/AlexBurnes/buildfab/pkg/buildfab/buildfab.go:2693.119,2695.25 2 0
github.com/AlexBurnes/buildfab/pkg/buildfab/buildfab.go:2695.25,2697.5 1 0
github.com/AlexBurnes/buildfab/pkg/buildfab/buildfab.go:2698.4,2698.31 1 0
github.com/AlexBurnes/buildfab/pkg/buildfab/buildfab.go:2699.11,2702.25 2 0
github.com/AlexBurnes/buildfab/pkg/buildfab/buildfab.go:2702.25,2704.5 1 0
github.com/AlexBurnes/buildfab/pkg/buildfab/buildfab.go:2705.4,2705.31 1 0
github.com/AlexBurnes/buildfab/pkg/buildfab/buildfab.go:2710.2,2710.31 1 1
github.com/AlexBurnes/buildfab/pkg/buildfab/buildfab.go:2710.31,2712.54 1 0
github.com/AlexBurnes/buildfab/pkg/buildfab/buildfab.go:2712.54,2714.25 2 0
github.com/AlexBurnes/buildfab/pkg/buildfab/buildfab.go:2714.25,2716.5 1 0
github.com/AlexBurnes/buildfab/pkg/buildfab/buildfab.go:2717.4,2717.32 1 0
github.com/AlexBurnes/buildfab/pkg/buildfab/buildfab.go:2720.3,2720.40 1 0
github.com/AlexBurnes/buildfab/pkg/buildfab/buildfab.go:2724.2,2725.23 2 1
github.com/AlexBurnes/buildfab/pkg/buildfab/buildfab.go:2725.23,2727.3 1 0
github.com/AlexBurnes/buildfab/pkg/buildfab/buildfab.go:2728.2,2728.24 1 1
github.com/AlexBurnes/buildfab/pkg/buildfab/buildfab.go:2732.152,2740.23 4 1
github.com/AlexBurnes/buildfab/pkg/buildfab/buildfab.go:2740.23,2742.3 1 0
github.com/AlexBurnes/buildfab/pkg/buildfab/buildfab.go:2742.8,2744.3 1 1
github.com/AlexBurnes/buildfab/pkg/buildfab/buildfab.go:2745.2,2752.20 3 1
github.com/AlexBurnes/buildfab/pkg/buildfab/buildfab.go:2756.90,2758.32 1 0
github.com/AlexBurnes/buildfab/pkg/buildfab/buildfab.go:2758.32,2760.3 1 0
github.com/AlexBurnes/buildfab/pkg/buildfab/buildfab.go:2762.2,2767.23 4 0
github.com/AlexBurnes/buildfab/pkg/buildfab/buildfab.go:2767.23,2769.3 1 0
github.com/AlexBurnes/buildfab/pkg/buildfab/buildfab.go:2769.8,2771.3 1 0
github.com/AlexBurnes/buildfab/pkg/buildfab/buildfab.go:2772.2,2777.20 3 0
github.com/AlexBurnes/buildfab/pkg/buildfab/buildfab.go:2781.110,2784.43 2 0
github.com/AlexBurnes/buildfab/pkg/buildfab/buildfab.go:2784.43,2786.3 1 0
github.com/AlexBurnes/buildfab/pkg/buildfab/buildfab.go:2788.2,2788.38 1 0
github.com/AlexBurnes/buildfab/pkg/buildfab/buildfab.go:2788.38,2790.3 1 0
github.com/AlexBurnes/buildfab/pkg/buildfab/buildfab.go:2793.2,2793.18 1 0
github.com/AlexBurnes/buildfab/pkg/buildfab/buildfab.go:2793.18,2795.3 1 0
github.com/AlexBurnes/buildfab/pkg/buildfab/buildfab.go:2797.2,2797.32 1 0
github.com/AlexBurnes/buildfab/pkg/buildfab/buildfab.go:2797.32,2799.3 1 0
github.com/AlexBurnes/buildfab/pkg/buildfab/buildfab.go:2802.2,2806.23 4 0
github.com/AlexBurnes/buildfab/pkg/buildfab/buildfab.go:2806.23,2808.3 1 0
github.com/AlexBurnes/buildfab/pkg/buildfab/buildfab.go:2808.8,2810.3 1 0
github.com/AlexBurnes/buildfab/pkg/buildfab/buildfab.go:2811.2,2816.20 3 0
github.com/AlexBurnes/buildfab/pkg/buildfab/buildfab.go:2820.93,2821.23 1 0
github.com/AlexBurnes/buildfab/pkg/buildfab/buildfab.go:2821.23,2826.3 1 0
github.com/AlexBurnes/buildfab/pkg/buildfab/buildfab.go:2828.2,2829.13 2 0
github.com/AlexBurnes/buildfab/pkg/buildfab/buildfab.go:2829.13,2834.3 1 0
github.com/AlexBurnes/buildfab/pkg/buildfab/buildfab.go:2836.2,2839.83 2 0
github.com/AlexBurnes/buildfab/pkg/buildfab/buildfab.go:2839.83,2841.3 1 0
github.com/AlexBurnes/buildfab/pkg/buildfab/buildfab.go:2844.2,2844.34 1 0
github.com/AlexBurnes/buildfab/pkg/buildfab/buildfab.go:2844.34,2846.3 1 0
github.com/AlexBurnes/buildfab/pkg/buildfab/buildfab.go:2848.2,2848.20 1 0
github.com/AlexBurnes/buildfab/pkg/buildfab/buildfab.go:2852.154,2853.22 1 1
github.com/AlexBurnes/buildfab/pkg/buildfab/buildfab.go:2853.22,2858.3 1 0
github.com/AlexBurnes/buildfab/pkg/buildfab/buildfab.go:2861.2,2862.16 2 1
github.com/AlexBurnes/buildfab/pkg/buildfab/buildfab.go:2862.16,2867.3 1 0
github.com/AlexBurnes/buildfab/pkg/buildfab/buildfab.go:2870.2,2870.54 1 1
github.com/AlexBurnes/buildfab/pkg/buildfab/buildfab.go:2870.54,2871.62 1 0
github.com/AlexBurnes/buildfab/pkg/buildfab/buildfab.go:2871.62,2874.4 1 0
github.com/AlexBurnes/buildfab/pkg/buildfab/buildfab.go:2878.2,2879.16 2 1
github.com/AlexBurnes/buildfab/pkg/buildfab/buildfab.go:2879.16,2885.3 1 0
github.com/AlexBurnes/buildfab/pkg/buildfab/buildfab.go:2886.2,2891.37 4 1
github.com/AlexBurnes/buildfab/pkg/buildfab/buildfab.go:2891.37,2893.3 1 0
github.com/AlexBurnes/buildfab/pkg/buildfab/buildfab.go:2895.2,2896.81 2 1
github.com/AlexBurnes/buildfab/pkg/buildfab/buildfab.go:2896.81,2899.3 1 0
github.com/AlexBurnes/buildfab/pkg/buildfab/buildfab.go:2899.8,2909.23 5 1
github.com/AlexBurnes/buildfab/pkg/buildfab/buildfab.go:2909.23,2911.4 1 0
github.com/AlexBurnes/buildfab/pkg/buildfab/buildfab.go:2912.3,2912.23 1 1
github.com/AlexBurnes/buildfab/pkg/buildfab/buildfab.go:2912.23,2913.28 1 0
github.com/AlexBurnes/buildfab/pkg/buildfab/buildfab.go:2913.28,2915.5 1 0
github.com/AlexBurnes/buildfab/pkg/buildfab/buildfab.go:2916.4,2916.37 1 0
github.com/AlexBurnes/buildfab/pkg/buildfab/buildfab.go:2920.3,2920.17 1 1
github.com/AlexBurnes/buildfab/pkg/buildfab/buildfab.go:2920.17,2930.3 3 0
github.com/AlexBurnes/buildfab/pkg/buildfab/buildfab.go:2932.2,2936.8 1 1
github.com/AlexBurnes/buildfab/pkg/buildfab/buildfab.go:2940.92,2942.29 1 0
github.com/AlexBurnes/buildfab/pkg/buildfab/buildfab.go:2942.29,2944.3 1 0
github.com/AlexBurnes/buildfab/pkg/buildfab/buildfab.go:2946.2,2946.22 1 0
github.com/AlexBurnes/buildfab/pkg/buildfab/buildfab.go:2946.22,2951.3 1 0
github.com/AlexBurnes/buildfab/pkg/buildfab/buildfab.go:2954.2,2955.16 2 0
github.com/AlexBurnes/buildfab/pkg/buildfab/buildfab.go:2955.16,2960.3 1 0
github.com/AlexBurnes/buildfab/pkg/buildfab/buildfab.go:2963.2,2963.54 1 0
github.com/AlexBurnes/buildfab/pkg/buildfab/buildfab.go:2963.54,2964.62 1 0
github.com/AlexBurnes/buildfab/pkg/buildfab/buildfab.go:2964.62,2967.4 1 0
github.com/AlexBurnes/buildfab/pkg/buildfab/buildfab.go:2971.2,2972.16 2 0
github.com/AlexBurnes/buildfab/pkg/buildfab/buildfab.go:2972.16,2978.3 1 0
github.com/AlexBurnes/buildfab/pkg/buildfab/buildfab.go:2979.2,2984.37 4 0
github.com/AlexBurnes/buildfab/pkg/buildfab/buildfab.go:2984.37,2986.3 1 0
github.com/AlexBurnes/buildfab/pkg/buildfab/buildfab.go:2989.2,2991.29 2 0
github.com/AlexBurnes/buildfab/pkg/buildfab/buildfab.go:2991.29,2994.3 1 0
github.com/AlexBurnes/buildfab/pkg/buildfab/buildfab.go:2994.8,3003.3 3 0
github.com/AlexBurnes/buildfab/pkg/buildfab/buildfab.go:3006.2,3007.30 2 0
github.com/AlexBurnes/buildfab/pkg/buildfab/buildfab.go:3007.30,3008.23 1 0
github.com/AlexBurnes/buildfab/pkg/buildfab/buildfab.go:3008.23,3010.4 1 0
github.com/AlexBurnes/buildfab/pkg/buildfab/buildfab.go:3011.3,3011.23 1 0
github.com/AlexBurnes/buildfab/pkg/buildfab/buildfab.go:3011.23,3012.28 1 0
github.com/AlexBurnes/buildfab/pkg/buildfab/buildfab.go:3012.28,3014.5 1 0
github.com/AlexBurnes/buildfab/pkg/buildfab/buildfab.go:3015.4,3015.37 1 0
github.com/AlexBurnes/buildfab/pkg/buildfab/buildfab.go:3019.2,3019.16 1 0
github.com/AlexBurnes/buildfab/pkg/buildfab/buildfab.go:3019.16,3027.3 2 0
github.com/AlexBurnes/buildfab/pkg/buildfab/buildfab.go:3029.2,3033.8 1 0
github.com/AlexBurnes/buildfab/pkg/buildfab/buildfab.go:3037.78,3040.16 2 0
github.com/AlexBurnes/buildfab/pkg/buildfab/buildfab.go:3040.16,3042.3 1 0
github.com/AlexBurnes/buildfab/pkg/buildfab/buildfab.go:3045.2,3045.48 1 0
github.com/AlexBurnes/buildfab/pkg/buildfab/buildfab.go:3045.48,3047.33 1 0
github.com/AlexBurnes/buildfab/pkg/buildfab/buildfab.go:3047.33,3049.4 1 0
github.com/AlexBurnes/buildfab/pkg/buildfab/buildfab.go:3052.3,3052.30 1 0
github.com/AlexBurnes/buildfab/pkg/buildfab/buildfab.go:3052.30,3054.4 1 0
github.com/AlexBurnes/buildfab/pkg/buildfab/buildfab.go:3056.3,3056.13 1 0
github.com/AlexBurnes/buildfab/pkg/buildfab/buildfab.go:3060.2,3061.20 2 0
github.com/AlexBurnes/buildfab/pkg/buildfab/buildfab.go:3061.20,3069.3 1 0
github.com/AlexBurnes/buildfab/pkg/buildfab/buildfab.go:3072.2,3072.38 1 0
github.com/AlexBurnes/buildfab/pkg/buildfab/buildfab.go:3072.38,3075.3 2 0
github.com/AlexBurnes/buildfab/pkg/buildfab/buildfab.go:3077.2,3077.32 1 0
github.com/AlexBurnes/buildfab/pkg/buildfab/buildfab.go:3077.32,3079.3 1 0
github.com/AlexBurnes/buildfab/pkg/buildfab/buildfab.go:3081.2,3081.48 1 0
github.com/AlexBurnes/buildfab/pkg/buildfab/buildfab.go:3085.84,3088.16 2 0
github.com/AlexBurnes/buildfab/pkg/buildfab/buildfab.go:3088.16,3090.3 1 0
github.com/AlexBurnes/buildfab/pkg/buildfab/buildfab.go:3093.2,3093.48 1 0
github.com/AlexBurnes/buildfab/pkg/buildfab/buildfab.go:3093.48,3095.30 1 0
github.com/AlexBurnes/buildfab/pkg/buildfab/buildfab.go:3095.30,3097.4 1 0
github.com/AlexBurnes/buildfab/pkg/buildfab/buildfab.go:3098.3,3098.13 1 0
github.com/AlexBurnes/buildfab/pkg/buildfab/buildfab.go:3102.2,3103.20 2 0
github.com/AlexBurnes/buildfab/pkg/buildfab/buildfab.go:3103.20,3111.3 1 0
github.com/AlexBurnes/buildfab/pkg/buildfab/buildfab.go:3113.2,3113.32 1 0
github.com/AlexBurnes/buildfab/pkg/buildfab/buildfab.go:3113.32,3115.3 1 0
github.com/AlexBurnes/buildfab/pkg/buildfab/buildfab.go:3117.2,3117.54 1 0
github.com/AlexBurnes/buildfab/pkg/buildfab/buildfab.go:3121.83,3122.23 1 0
github.com/AlexBurnes/buildfab/pkg/buildfab/buildfab.go:3122.23,3124.3 1 0
github.com/AlexBurnes/buildfab/pkg/buildfab/buildfab.go:3126.2,3127.13 2 0
github.com/AlexBurnes/buildfab/pkg/buildfab/buildfab.go:3127.13,3129.3 1 0
github.com/AlexBurnes/buildfab/pkg/buildfab/buildfab.go:3131.2,3134.29 2 0
github.com/AlexBurnes/buildfab/pkg/buildfab/buildfab.go:3134.29,3136.3 1 0
github.com/AlexBurnes/buildfab/pkg/buildfab/buildfab.go:3138.2,3138.12 1 0
github.com/AlexBurnes/buildfab/pkg/buildfab/buildfab.go:3142.82,3143.22 1 0
github.com/AlexBurnes/buildfab/pkg/buildfab/buildfab.go:3143.22,3145.3 1 0
github.com/AlexBurnes/buildfab/pkg/buildfab/buildfab.go:3148.2,3149.16 2 0
github.com/AlexBurnes/buildfab/pkg/buildfab/buildfab.go:3149.16,3151.3 1 0
github.com/AlexBurnes/buildfab/pkg/buildfab/buildfab.go:3154.2,3155.16 2 0
github.com/AlexBurnes/buildfab/pkg/buildfab/buildfab.go:3155.16,3157.3 1 0
github.com/AlexBurnes/buildfab/pkg/buildfab/buildfab.go:3160.2,3164.29 3 0
github.com/AlexBurnes/buildfab/pkg/buildfab/buildfab.go:3164.29,3166.3 1 0
github.com/AlexBurnes/buildfab/pkg/buildfab/buildfab.go:3168.2,3168.12 1 0
github.com/AlexBurnes/buildfab/pkg/buildfab/buildfab.go:3172.77,3173.23 1 0
github.com/AlexBurnes/buildfab/pkg/buildfab/buildfab.go:3173.23,3175.3 1 0
github.com/AlexBurnes/buildfab/pkg/buildfab/buildfab.go:3177.2,3178.13 2 0
github.com/AlexBurnes/buildfab/pkg/buildfab/buildfab.go:3178.13,3180.3 1 0
github.com/AlexBurnes/buildfab/pkg/buildfab/buildfab.go:3182.2,3183.16 2 0
github.com/AlexBurnes/buildfab/pkg/buildfab/buildfab.go:3183.16,3185.3 1 0
github.com/AlexBurnes/buildfab/pkg/buildfab/buildfab.go:3188.2,3188.83 1 0
github.com/AlexBurnes/buildfab/pkg/buildfab/buildfab.go:3188.83,3190.3 1 0
github.com/AlexBurnes/buildfab/pkg/buildfab/buildfab.go:3193.2,3193.29 1 0
github.com/AlexBurnes/buildfab/pkg/buildfab/buildfab.go:3193.29,3194.32 1 0
github.com/AlexBurnes/buildfab/pkg/buildfab/buildfab.go:3194.32,3196.4 1 0
github.com/AlexBurnes/buildfab/pkg/buildfab/buildfab.go:3196.9,3196.41 1 0
github.com/AlexBurnes/buildfab/pkg/buildfab/buildfab.go:3196.41,3198.4 1 0
github.com/AlexBurnes/buildfab/pkg/buildfab/buildfab.go:3198.9,3198.42 1 0
github.com/AlexBurnes/buildfab/pkg/buildfab/buildfab.go:3198.42,3200.4 1 0
github.com/AlexBurnes/buildfab/pkg/buildfab/buildfab.go:3204.2,3204.34 1 0
github.com/AlexBurnes/buildfab/pkg/buildfab/buildfab.go:3204.34,3206.3 1 0
github.com/AlexBurnes/buildfab/pkg/buildfab/buildfab.go:3208.2,3208.12 1 0
github.com/AlexBurnes/buildfab/pkg/buildfab/buildfab.go:3212.76,3213.22 1 0
github.com/AlexBurnes/buildfab/pkg/buildfab/buildfab.go:3213.22,3215.3 1 0
github.com/AlexBurnes/buildfab/pkg/buildfab/buildfab.go:3218.2,3219.16 2 0
github.com/AlexBurnes/buildfab/pkg/buildfab/buildfab.go:3219.16,3221.3 1 0
github.com/AlexBurnes/buildfab/pkg/buildfab/buildfab.go:3224.2,3225.16 2 0
github.com/AlexBurnes/buildfab/pkg/buildfab/buildfab.go:3225.16,3227.3 1 0
github.com/AlexBurnes/buildfab/pkg/buildfab/buildfab.go:3228.2,3233.37 4 0
github.com/AlexBurnes/buildfab/pkg/buildfab/buildfab.go:3233.37,3235.3 1 0
github.com/AlexBurnes/buildfab/pkg/buildfab/buildfab.go:3237.2,3237.29 1 0
github.com/AlexBurnes/buildfab/pkg/buildfab/buildfab.go:3237.29,3240.3 1 0
github.com/AlexBurnes/buildfab/pkg/buildfab/buildfab.go:3240.8,3250.33 5 0
github.com/AlexBurnes/buildfab/pkg/buildfab/buildfab.go:3250.33,3252.69 1 0
github.com/AlexBurnes/buildfab/pkg/buildfab/buildfab.go:3252.69,3254.5 1 0
github.com/AlexBurnes/buildfab/pkg/buildfab/buildfab.go:3258.2,3258.16 1 0
github.com/AlexBurnes/buildfab/pkg/buildfab/buildfab.go:3258.16,3261.3 1 0
github.com/AlexBurnes/buildfab/pkg/buildfab/buildfab.go:3263.2,3263.12 1 0
github.com/AlexBurnes/buildfab/pkg/buildfab/buildfab.go:3267.107,3270.16 2 0
github.com/AlexBurnes/buildfab/pkg/buildfab/buildfab.go:3270.16,3272.3 1 0
github.com/AlexBurnes/buildfab/pkg/buildfab/buildfab.go:3274.2,3275.16 2 0
github.com/AlexBurnes/buildfab/pkg/buildfab/buildfab.go:3275.16,3277.3 1 0
github.com/AlexBurnes/buildfab/pkg/buildfab/buildfab.go:3280.2,3280.36 1 0
github.com/AlexBurnes/buildfab/pkg/buildfab/buildfab.go:3280.36,3282.3 1 0
github.com/AlexBurnes/buildfab/pkg/buildfab/buildfab.go:3285.2,3288.12 2 0
github.com/AlexBurnes/buildfab/pkg/buildfab/buildfab.go:3288.12,3290.22 2 0
github.com/AlexBurnes/buildfab/pkg/buildfab/buildfab.go:3290.22,3294.34 2 0
github.com/AlexBurnes/buildfab/pkg/buildfab/buildfab.go:3294.34,3296.5 1 0
github.com/AlexBurnes/buildfab/pkg/buildfab/buildfab.go:3301.2,3301.12 1 0
github.com/AlexBurnes/buildfab/pkg/buildfab/buildfab.go:3301.12,3303.22 2 0
github.com/AlexBurnes/buildfab/pkg/buildfab/buildfab.go:3303.22,3307.34 2 0
github.com/AlexBurnes/buildfab/pkg/buildfab/buildfab.go:3307.34,3309.5 1 0
github.com/AlexBurnes/buildfab/pkg/buildfab/buildfab.go:3314.2,3314.12 1 0
github.com/AlexBurnes/buildfab/pkg/buildfab/buildfab.go:3314.12,3316.3 1 0
github.com/AlexBurnes/buildfab/pkg/buildfab/buildfab.go:3319.2,3319.9 1 0
github.com/AlexBurnes/buildfab/pkg/buildfab/buildfab.go:3320.21,3321.13 1 0
github.com/AlexBurnes/buildfab/pkg/buildfab/buildfab.go:3322.20,3325.19 2 0
github.com/AlexBurnes/buildfab/pkg/buildfab/buildfab.go:3330.89,3333.16 2 0
github.com/AlexBurnes/buildfab/pkg/buildfab/buildfab.go:3333.16,3338.3 1 0
github.com/AlexBurnes/buildfab/pkg/buildfab/buildfab.go:3341.2,3341.41 1 0
github.com/AlexBurnes/buildfab/pkg/buildfab/buildfab.go:3341.41,3343.17 2 0
github.com/AlexBurnes/buildfab/pkg/buildfab/buildfab.go:3343.17,3348.4 1 0
github.com/AlexBurnes/buildfab/pkg/buildfab/buildfab.go:3349.3,3349.55 1 0
github.com/AlexBurnes/buildfab/pkg/buildfab/buildfab.go:3356.2,3358.47 2 0
github.com/AlexBurnes/buildfab/pkg/buildfab/buildfab.go:3358.47,3361.17 2 0
github.com/AlexBurnes/buildfab/pkg/buildfab/buildfab.go:3361.17,3363.4 1 0
github.com/AlexBurnes/buildfab/pkg/buildfab/buildfab.go:3364.8,3367.3 1 0
github.com/AlexBurnes/buildfab/pkg/buildfab/buildfab.go:3369.2,3369.16 1 0
github.com/AlexBurnes/buildfab/pkg/buildfab/buildfab.go:3369.16,3375.3 1 0
github.com/AlexBurnes/buildfab/pkg/buildfab/buildfab.go:3381.2,3382.21 2 0
github.com/AlexBurnes/buildfab/pkg/buildfab/buildfab.go:3382.21,3384.39 1 0
github.com/AlexBurnes/buildfab/pkg/buildfab/buildfab.go:3384.39,3385.75 1 0
github.com/AlexBurnes/buildfab/pkg/buildfab/buildfab.go:3385.75,3387.5 1 0
[...]
github.com/AlexBurnes/buildfab/pkg/buildfab/simple.go:908.23,910.10 1 0
github.com/AlexBurnes/buildfab/pkg/buildfab/simple.go:912.9,912.27 1 0
github.com/AlexBurnes/buildfab/pkg/buildfab/simple.go:912.27,914.40 2 0
github.com/AlexBurnes/buildfab/pkg/buildfab/simple.go:914.40,916.14 1 0
github.com/AlexBurnes/buildfab/pkg/buildfab/simple.go:917.13,917.21 1 0
github.com/AlexBurnes/buildfab/pkg/buildfab/simple.go:921.9,921.33 1 0
github.com/AlexBurnes/buildfab/pkg/buildfab/simple.go:921.33,923.47 2 0
github.com/AlexBurnes/buildfab/pkg/buildfab/simple.go:923.47,924.53 1 0
github.com/AlexBurnes/buildfab/pkg/buildfab/simple.go:924.53,925.43 1 0
github.com/AlexBurnes/buildfab/pkg/buildfab/simple.go:925.43,927.30 2 0
github.com/AlexBurnes/buildfab/pkg/buildfab/simple.go:931.13,931.29 1 0
github.com/AlexBurnes/buildfab/pkg/buildfab/simple.go:931.29,933.44 2 0
github.com/AlexBurnes/buildfab/pkg/buildfab/simple.go:933.44,935.18 1 0
github.com/AlexBurnes/buildfab/pkg/buildfab/simple.go:936.17,936.25 1 0
github.com/AlexBurnes/buildfab/pkg/buildfab/simple.go:940.9,944.20 3 0
github.com/AlexBurnes/buildfab/pkg/buildfab/simple.go:944.20,946.76 1 0
github.com/AlexBurnes/buildfab/pkg/buildfab/simple.go:946.76,948.44 2 0
github.com/AlexBurnes/buildfab/pkg/buildfab/simple.go:948.44,950.18 1 0
github.com/AlexBurnes/buildfab/pkg/buildfab/simple.go:951.19,952.44 1 0
github.com/AlexBurnes/buildfab/pkg/buildfab/simple.go:952.44,954.18 1 0
github.com/AlexBurnes/buildfab/pkg/buildfab/simple.go:956.15,959.27 2 0
github.com/AlexBurnes/buildfab/pkg/buildfab/simple.go:959.27,960.44 1 0
github.com/AlexBurnes/buildfab/pkg/buildfab/simple.go:960.44,962.18 1 0
github.com/AlexBurnes/buildfab/pkg/buildfab/simple.go:968.5,977.15 9 0
github.com/AlexBurnes/buildfab/pkg/buildfab/simple.go:981.99,983.22 1 0
github.com/AlexBurnes/buildfab/pkg/buildfab/simple.go:983.22,985.6 1 0
github.com/AlexBurnes/buildfab/pkg/buildfab/simple.go:988.5,989.19 2 0
github.com/AlexBurnes/buildfab/pkg/buildfab/simple.go:989.19,991.6 1 0
github.com/AlexBurnes/buildfab/pkg/buildfab/simple.go:993.5,993.30 1 0
github.com/AlexBurnes/buildfab/pkg/buildfab/simple.go:997.90,1000.19 2 0
github.com/AlexBurnes/buildfab/pkg/buildfab/simple.go:1000.19,1002.6 1 0
github.com/AlexBurnes/buildfab/pkg/buildfab/simple.go:1005.5,1005.51 1 0
github.com/AlexBurnes/buildfab/pkg/buildfab/simple.go:1005.51,1007.6 1 0
github.com/AlexBurnes/buildfab/pkg/buildfab/simple.go:1010.5,1011.23 2 0
github.com/AlexBurnes/buildfab/pkg/buildfab/simple.go:1011.23,1018.6 1 0
github.com/AlexBurnes/buildfab/pkg/buildfab/simple.go:1020.5,1020.35 1 0
github.com/AlexBurnes/buildfab/pkg/buildfab/simple.go:1020.35,1022.6 1 0
github.com/AlexBurnes/buildfab/pkg/buildfab/simple.go:1024.5,1024.57 1 0
github.com/AlexBurnes/buildfab/pkg/buildfab/simple.go:1028.89,1029.26 1 0
github.com/AlexBurnes/buildfab/pkg/buildfab/simple.go:1029.26,1031.6 1 0
github.com/AlexBurnes/buildfab/pkg/buildfab/simple.go:1033.5,1034.16 2 0
github.com/AlexBurnes/buildfab/pkg/buildfab/simple.go:1034.16,1036.6 1 0
github.com/AlexBurnes/buildfab/pkg/buildfab/simple.go:1038.5,1041.32 2 0
github.com/AlexBurnes/buildfab/pkg/buildfab/simple.go:1041.32,1043.6 1 0
github.com/AlexBurnes/buildfab/pkg/buildfab/simple.go:1045.5,1045.15 1 0
github.com/AlexBurnes/buildfab/pkg/buildfab/simple.go:1049.88,1050.25 1 0
github.com/AlexBurnes/buildfab/pkg/buildfab/simple.go:1050.25,1052.6 1 0
github.com/AlexBurnes/buildfab/pkg/buildfab/simple.go:1055.5,1056.19 2 0
github.com/AlexBurnes/buildfab/pkg/buildfab/simple.go:1056.19,1058.6 1 0
github.com/AlexBurnes/buildfab/pkg/buildfab/simple.go:1061.5,1062.19 2 0
github.com/AlexBurnes/buildfab/pkg/buildfab/simple.go:1062.19,1064.6 1 0
github.com/AlexBurnes/buildfab/pkg/buildfab/simple.go:1067.5,1071.32 3 0
github.com/AlexBurnes/buildfab/pkg/buildfab/simple.go:1071.32,1077.36 4 0
github.com/AlexBurnes/buildfab/pkg/buildfab/simple.go:1077.36,1078.23 1 0
github.com/AlexBurnes/buildfab/pkg/buildfab/simple.go:1078.23,1081.14 1 0
github.com/AlexBurnes/buildfab/pkg/buildfab/simple.go:1081.19,1084.14 1 0
github.com/AlexBurnes/buildfab/pkg/buildfab/simple.go:1088.5,1088.15 1 0
github.com/AlexBurnes/buildfab/pkg/buildfab/simple.go:1094.96,1096.19 2 0
github.com/AlexBurnes/buildfab/pkg/buildfab/simple.go:1096.19,1098.6 1 0
github.com/AlexBurnes/buildfab/pkg/buildfab/simple.go:1100.5,1108.43 3 0
github.com/AlexBurnes/buildfab/pkg/buildfab/simple.go:1112.98,1114.19 2 0
github.com/AlexBurnes/buildfab/pkg/buildfab/simple.go:1114.19,1116.6 1 0
github.com/AlexBurnes/buildfab/pkg/buildfab/simple.go:1118.5,1126.45 3 0
github.com/AlexBurnes/buildfab/pkg/buildfab/simple.go:1130.72,1133.21 2 0
github.com/AlexBurnes/buildfab/pkg/buildfab/simple.go:1133.21,1135.6 1 0
github.com/AlexBurnes/buildfab/pkg/buildfab/simple.go:1137.5,1137.32 1 0
github.com/AlexBurnes/buildfab/pkg/buildfab/simple.go:1137.32,1138.25 1 0
github.com/AlexBurnes/buildfab/pkg/buildfab/simple.go:1138.25,1140.35 2 0
github.com/AlexBurnes/buildfab/pkg/buildfab/simple.go:1140.35,1142.14 1 0
github.com/AlexBurnes/buildfab/pkg/buildfab/simple.go:1146.9,1146.31 1 0
github.com/AlexBurnes/buildfab/pkg/buildfab/simple.go:1146.31,1147.29 1 0
github.com/AlexBurnes/buildfab/pkg/buildfab/simple.go:1147.29,1149.14 1 0
github.com/AlexBurnes/buildfab/pkg/buildfab/simple.go:1152.13,1153.24 2 0
github.com/AlexBurnes/buildfab/pkg/buildfab/simple.go:1153.24,1155.14 1 0
github.com/AlexBurnes/buildfab/pkg/buildfab/simple.go:1158.13,1159.54 2 0
github.com/AlexBurnes/buildfab/pkg/buildfab/simple.go:1159.54,1160.54 1 0
github.com/AlexBurnes/buildfab/pkg/buildfab/simple.go:1160.54,1163.18 2 0
github.com/AlexBurnes/buildfab/pkg/buildfab/simple.go:1168.13,1172.27 3 0
github.com/AlexBurnes/buildfab/pkg/buildfab/simple.go:1172.27,1174.14 1 0
github.com/AlexBurnes/buildfab/pkg/buildfab/simple.go:1177.13,1178.41 2 0
github.com/AlexBurnes/buildfab/pkg/buildfab/simple.go:1178.41,1182.44 2 0
github.com/AlexBurnes/buildfab/pkg/buildfab/simple.go:1182.44,1184.18 1 0
github.com/AlexBurnes/buildfab/pkg/buildfab/simple.go:1186.17,1186.33 1 0
github.com/AlexBurnes/buildfab/pkg/buildfab/simple.go:1186.33,1189.18 1 0
github.com/AlexBurnes/buildfab/pkg/buildfab/simple.go:1192.13,1192.29 1 0
github.com/AlexBurnes/buildfab/pkg/buildfab/simple.go:1192.29,1194.56 2 0
github.com/AlexBurnes/buildfab/pkg/buildfab/simple.go:1194.56,1197.18 1 0
github.com/AlexBurnes/buildfab/pkg/buildfab/simple.go:1201.13,1201.66 1 0
github.com/AlexBurnes/buildfab/pkg/buildfab/simple.go:1202.15,1205.10 1 0
github.com/AlexBurnes/buildfab/pkg/buildfab/simple.go:1208.5,1208.21 1 0
github.com/AlexBurnes/buildfab/pkg/buildfab/simple.go:1208.21,1210.6 1 0
github.com/AlexBurnes/buildfab/pkg/buildfab/simple.go:1212.5,1212.30 1 0
github.com/AlexBurnes/buildfab/pkg/buildfab/types.go:40.37,41.11 1 0
github.com/AlexBurnes/buildfab/pkg/buildfab/types.go:42.25,43.19 1 0
github.com/AlexBurnes/buildfab/pkg/buildfab/types.go:44.25,45.19 1 0
github.com/AlexBurnes/buildfab/pkg/buildfab/types.go:46.20,47.14 1 0
github.com/AlexBurnes/buildfab/pkg/buildfab/types.go:48.22,49.16 1 0
github.com/AlexBurnes/buildfab/pkg/buildfab/types.go:50.23,51.17 1 0
github.com/AlexBurnes/buildfab/pkg/buildfab/types.go:52.25,53.19 1 0
github.com/AlexBurnes/buildfab/pkg/buildfab/types.go:54.10,55.19 1 0
github.com/AlexBurnes/buildfab/pkg/buildfab/variables.go:12.85,13.22 1 1
github.com/AlexBurnes/buildfab/pkg/buildfab/variables.go:13.22,15.3 1 0
github.com/AlexBurnes/buildfab/pkg/buildfab/variables.go:18.2,24.35 4 1
github.com/AlexBurnes/buildfab/pkg/buildfab/variables.go:24.35,25.22 1 0
github.com/AlexBurnes/buildfab/pkg/buildfab/variables.go:25.22,27.48 2 0
github.com/AlexBurnes/buildfab/pkg/buildfab/variables.go:27.48,29.5 1 0
github.com/AlexBurnes/buildfab/pkg/buildfab/variables.go:34.2,34.26 1 1
github.com/AlexBurnes/buildfab/pkg/buildfab/variables.go:34.26,36.34 2 0
github.com/AlexBurnes/buildfab/pkg/buildfab/variables.go:36.34,38.4 1 0
github.com/AlexBurnes/buildfab/pkg/buildfab/variables.go:40.3,41.29 2 0
github.com/AlexBurnes/buildfab/pkg/buildfab/variables.go:41.29,43.4 1 0
github.com/AlexBurnes/buildfab/pkg/buildfab/variables.go:44.3,44.34 1 0
github.com/AlexBurnes/buildfab/pkg/buildfab/variables.go:48.2,48.73 1 1
github.com/AlexBurnes/buildfab/pkg/buildfab/variables.go:48.73,51.26 2 0
github.com/AlexBurnes/buildfab/pkg/buildfab/variables.go:51.26,53.4 1 0
github.com/AlexBurnes/buildfab/pkg/buildfab/variables.go:55.3,58.50 2 0
github.com/AlexBurnes/buildfab/pkg/buildfab/variables.go:58.50,60.4 1 0
github.com/AlexBurnes/buildfab/pkg/buildfab/variables.go:63.3,63.15 1 0
github.com/AlexBurnes/buildfab/pkg/buildfab/variables.go:66.2,66.20 1 1
github.com/AlexBurnes/buildfab/pkg/buildfab/variables.go:70.84,71.22 1 1
github.com/AlexBurnes/buildfab/pkg/buildfab/variables.go:71.22,73.3 1 0
github.com/AlexBurnes/buildfab/pkg/buildfab/variables.go:75.2,76.16 2 1
github.com/AlexBurnes/buildfab/pkg/buildfab/variables.go:76.16,78.3 1 0
github.com/AlexBurnes/buildfab/pkg/buildfab/variables.go:80.2,81.20 2 1
github.com/AlexBurnes/buildfab/pkg/buildfab/variables.go:85.76,88.16 2 0
github.com/AlexBurnes/buildfab/pkg/buildfab/variables.go:88.16,90.3 1 0
github.com/AlexBurnes/buildfab/pkg/buildfab/variables.go:91.2,94.35 2 0
github.com/AlexBurnes/buildfab/pkg/buildfab/variables.go:94.35,96.17 2 0
github.com/AlexBurnes/buildfab/pkg/buildfab/variables.go:96.17,98.4 1 0
github.com/AlexBurnes/buildfab/pkg/buildfab/variables.go:99.3,99.33 1 0
github.com/AlexBurnes/buildfab/pkg/buildfab/variables.go:103.2,103.19 1 0
github.com/AlexBurnes/buildfab/pkg/buildfab/variables.go:103.19,105.17 2 0
github.com/AlexBurnes/buildfab/pkg/buildfab/variables.go:105.17,107.4 1 0
github.com/AlexBurnes/buildfab/pkg/buildfab/variables.go:108.3,108.25 1 0
github.com/AlexBurnes/buildfab/pkg/buildfab/variables.go:111.2,111.18 1 0
github.com/AlexBurnes/buildfab/pkg/buildfab/variables.go:115.133,116.19 1 0
github.com/AlexBurnes/buildfab/pkg/buildfab/variables.go:116.19,118.3 1 0
github.com/AlexBurnes/buildfab/pkg/buildfab/variables.go:121.2,124.31 2 0
github.com/AlexBurnes/buildfab/pkg/buildfab/variables.go:124.31,126.17 2 0
github.com/AlexBurnes/buildfab/pkg/buildfab/variables.go:126.17,128.4 1 0
github.com/AlexBurnes/buildfab/pkg/buildfab/variables.go:129.3,129.31 1 0
github.com/AlexBurnes/buildfab/pkg/buildfab/variables.go:133.2,133.32 1 0
github.com/AlexBurnes/buildfab/pkg/buildfab/variables.go:133.32,135.17 2 0
github.com/AlexBurnes/buildfab/pkg/buildfab/variables.go:135.17,137.4 1 0
github.com/AlexBurnes/buildfab/pkg/buildfab/variables.go:138.3,138.33 1 0
github.com/AlexBurnes/buildfab/pkg/buildfab/variables.go:142.2,142.31 1 0
github.com/AlexBurnes/buildfab/pkg/buildfab/variables.go:142.31,144.17 2 0
github.com/AlexBurnes/buildfab/pkg/buildfab/variables.go:144.17,146.4 1 0
github.com/AlexBurnes/buildfab/pkg/buildfab/variables.go:147.3,147.31 1 0
github.com/AlexBurnes/buildfab/pkg/buildfab/variables.go:151.2,151.29 1 0
github.com/AlexBurnes/buildfab/pkg/buildfab/variables.go:151.29,153.17 2 0
github.com/AlexBurnes/buildfab/pkg/buildfab/variables.go:153.17,155.4 1 0
github.com/AlexBurnes/buildfab/pkg/buildfab/variables.go:156.3,156.27 1 0
github.com/AlexBurnes/buildfab/pkg/buildfab/variables.go:160.2,160.32 1 0
github.com/AlexBurnes/buildfab/pkg/buildfab/variables.go:160.32,162.17 2 0
github.com/AlexBurnes/buildfab/pkg/buildfab/variables.go:162.17,164.4 1 0
github.com/AlexBurnes/buildfab/pkg/buildfab/variables.go:165.3,165.33 1 0
github.com/AlexBurnes/buildfab/pkg/buildfab/variables.go:169.2,169.32 1 0
github.com/AlexBurnes/buildfab/pkg/buildfab/variables.go:169.32,171.17 2 0
github.com/AlexBurnes/buildfab/pkg/buildfab/variables.go:171.17,173.4 1 0
github.com/AlexBurnes/buildfab/pkg/buildfab/variables.go:174.3,174.33 1 0
github.com/AlexBurnes/buildfab/pkg/buildfab/variables.go:178.2,178.33 1 0
github.com/AlexBurnes/buildfab/pkg/buildfab/variables.go:178.33,180.17 2 0
github.com/AlexBurnes/buildfab/pkg/buildfab/variables.go:180.17,182.4 1 0
github.com/AlexBurnes/buildfab/pkg/buildfab/variables.go:183.3,183.35 1 0
github.com/AlexBurnes/buildfab/pkg/buildfab/variables.go:187.2,187.34 1 0
github.com/AlexBurnes/buildfab/pkg/buildfab/variables.go:187.34,189.17 2 0
github.com/AlexBurnes/buildfab/pkg/buildfab/variables.go:189.17,191.4 1 0
github.com/AlexBurnes/buildfab/pkg/buildfab/variables.go:192.3,192.37 1 0
github.com/AlexBurnes/buildfab/pkg/buildfab/variables.go:196.2,196.28 1 0
github.com/AlexBurnes/buildfab/pkg/buildfab/variables.go:196.28,198.17 2 0
github.com/AlexBurnes/buildfab/pkg/buildfab/variables.go:198.17,200.4 1 0
github.com/AlexBurnes/buildfab/pkg/buildfab/variables.go:201.3,201.25 1 0
github.com/AlexBurnes/buildfab/pkg/buildfab/variables.go:205.2,205.29 1 0
github.com/AlexBurnes/buildfab/pkg/buildfab/variables.go:205.29,206.44 1 0
github.com/AlexBurnes/buildfab/pkg/buildfab/variables.go:206.44,208.18 2 0
github.com/AlexBurnes/buildfab/pkg/buildfab/variables.go:208.18,210.5 1 0
github.com/AlexBurnes/buildfab/pkg/buildfab/variables.go:211.4,211.45 1 0
github.com/AlexBurnes/buildfab/pkg/buildfab/variables.go:216.2,216.31 1 0
github.com/AlexBurnes/buildfab/pkg/buildfab/variables.go:216.31,217.46 1 0
github.com/AlexBurnes/buildfab/pkg/buildfab/variables.go:217.46,219.18 2 0
github.com/AlexBurnes/buildfab/pkg/buildfab/variables.go:219.18,221.5 1 0
github.com/AlexBurnes/buildfab/pkg/buildfab/variables.go:222.4,222.47 1 0
github.com/AlexBurnes/buildfab/pkg/buildfab/variables.go:227.2,227.44 1 0
github.com/AlexBurnes/buildfab/pkg/buildfab/variables.go:227.44,228.23 1 0
github.com/AlexBurnes/buildfab/pkg/buildfab/variables.go:228.23,230.18 2 0
github.com/AlexBurnes/buildfab/pkg/buildfab/variables.go:230.18,232.5 1 0
github.com/AlexBurnes/buildfab/pkg/buildfab/variables.go:233.4,233.43 1 0
github.com/AlexBurnes/buildfab/pkg/buildfab/variables.go:236.3,236.25 1 0
github.com/AlexBurnes/buildfab/pkg/buildfab/variables.go:236.25,238.18 2 0
github.com/AlexBurnes/buildfab/pkg/buildfab/variables.go:238.18,240.5 1 0
github.com/AlexBurnes/buildfab/pkg/buildfab/variables.go:241.4,241.47 1 0
github.com/AlexBurnes/buildfab/pkg/buildfab/variables.go:244.3,244.25 1 0
github.com/AlexBurnes/buildfab/pkg/buildfab/variables.go:244.25,246.18 2 0
github.com/AlexBurnes/buildfab/pkg/buildfab/variables.go:246.18,248.5 1 0
github.com/AlexBurnes/buildfab/pkg/buildfab/variables.go:249.4,249.47 1 0
github.com/AlexBurnes/buildfab/pkg/buildfab/variables.go:254.2,254.82 1 0
github.com/AlexBurnes/buildfab/pkg/buildfab/variables.go:254.82,256.3 1 0
github.com/AlexBurnes/buildfab/pkg/buildfab/variables.go:259.2,259.90 1 0
github.com/AlexBurnes/buildfab/pkg/buildfab/variables.go:259.90,261.3 1 0
github.com/AlexBurnes/buildfab/pkg/buildfab/variables.go:263.2,263.27 1 0
github.com/AlexBurnes/buildfab/pkg/buildfab/variables.go:267.100,268.18 1 0
github.com/AlexBurnes/buildfab/pkg/buildfab/variables.go:268.18,270.3 1 0
github.com/AlexBurnes/buildfab/pkg/buildfab/variables.go:273.2,273.22 1 0
github.com/AlexBurnes/buildfab/pkg/buildfab/variables.go:273.22,275.17 2 0
github.com/AlexBurnes/buildfab/pkg/buildfab/variables.go:275.17,277.4 1 0
github.com/AlexBurnes/buildfab/pkg/buildfab/variables.go:278.3,278.20 1 0
github.com/AlexBurnes/buildfab/pkg/buildfab/variables.go:282.2,282.24 1 0
github.com/AlexBurnes/buildfab/pkg/buildfab/variables.go:282.24,283.75 1 0
github.com/AlexBurnes/buildfab/pkg/buildfab/variables.go:283.75,285.4 1 0
github.com/AlexBurnes/buildfab/pkg/buildfab/variables.go:289.2,289.23 1 0
github.com/AlexBurnes/buildfab/pkg/buildfab/variables.go:289.23,290.73 1 0
github.com/AlexBurnes/buildfab/pkg/buildfab/variables.go:290.73,292.4 1 0
github.com/AlexBurnes/buildfab/pkg/buildfab/variables.go:295.2,295.12 1 0
github.com/AlexBurnes/buildfab/pkg/buildfab/variables.go:299.100,300.18 1 0
github.com/AlexBurnes/buildfab/pkg/buildfab/variables.go:300.18,302.3 1 0
github.com/AlexBurnes/buildfab/pkg/buildfab/variables.go:305.2,305.28 1 0
github.com/AlexBurnes/buildfab/pkg/buildfab/variables.go:305.28,307.17 2 0
github.com/AlexBurnes/buildfab/pkg/buildfab/variables.go:307.17,309.4 1 0
github.com/AlexBurnes/buildfab/pkg/buildfab/variables.go:310.3,310.32 1 0
github.com/AlexBurnes/buildfab/pkg/buildfab/variables.go:314.2,314.25 1 0
github.com/AlexBurnes/buildfab/pkg/buildfab/variables.go:314.25,316.17 2 0
github.com/AlexBurnes/buildfab/pkg/buildfab/variables.go:316.17,318.4 1 0
github.com/AlexBurnes/buildfab/pkg/buildfab/variables.go:319.3,319.26 1 0
github.com/AlexBurnes/buildfab/pkg/buildfab/variables.go:323.2,323.25 1 0
github.com/AlexBurnes/buildfab/pkg/buildfab/variables.go:323.25,325.17 2 0
github.com/AlexBurnes/buildfab/pkg/buildfab/variables.go:325.17,327.4 1 0
github.com/AlexBurnes/buildfab/pkg/buildfab/variables.go:328.3,328.26 1 0
github.com/AlexBurnes/buildfab/pkg/buildfab/variables.go:332.2,332.26 1 0
github.com/AlexBurnes/buildfab/pkg/buildfab/variables.go:332.26,334.17 2 0
github.com/AlexBurnes/buildfab/pkg/buildfab/variables.go:334.17,336.4 1 0
github.com/AlexBurnes/buildfab/pkg/buildfab/variables.go:337.3,337.28 1 0
github.com/AlexBurnes/buildfab/pkg/buildfab/variables.go:341.2,341.23 1 0
github.com/AlexBurnes/buildfab/pkg/buildfab/variables.go:341.23,342.38 1 0
github.com/AlexBurnes/buildfab/pkg/buildfab/variables.go:342.38,344.18 2 0
github.com/AlexBurnes/buildfab/pkg/buildfab/variables.go:344.18,346.5 1 0
github.com/AlexBurnes/buildfab/pkg/buildfab/variables.go:347.4,347.39 1 0
github.com/AlexBurnes/buildfab/pkg/buildfab/variables.go:352.2,352.33 1 0
github.com/AlexBurnes/buildfab/pkg/buildfab/variables.go:352.33,354.17 2 0
github.com/AlexBurnes/buildfab/pkg/buildfab/variables.go:354.17,356.4 1 0
github.com/AlexBurnes/buildfab/pkg/buildfab/variables.go:357.3,357.34 1 0
github.com/AlexBurnes/buildfab/pkg/buildfab/variables.go:360.2,360.12 1 0
github.com/AlexBurnes/buildfab/pkg/buildfab/variables.go:364.97,365.17 1 0
github.com/AlexBurnes/buildfab/pkg/buildfab/variables.go:365.17,367.3 1 0
github.com/AlexBurnes/buildfab/pkg/buildfab/variables.go:370.2,370.23 1 0
github.com/AlexBurnes/buildfab/pkg/buildfab/variables.go:370.23,372.17 2 0
github.com/AlexBurnes/buildfab/pkg/buildfab/variables.go:372.17,374.4 1 0
github.com/AlexBurnes/buildfab/pkg/buildfab/variables.go:375.3,375.23 1 0
github.com/AlexBurnes/buildfab/pkg/buildfab/variables.go:379.2,379.24 1 0
github.com/AlexBurnes/buildfab/pkg/buildfab/variables.go:379.24,381.17 2 0
github.com/AlexBurnes/buildfab/pkg/buildfab/variables.go:381.17,383.4 1 0
github.com/AlexBurnes/buildfab/pkg/buildfab/variables.go:384.3,384.25 1 0
github.com/AlexBurnes/buildfab/pkg/buildfab/variables.go:388.2,388.21 1 0
github.com/AlexBurnes/buildfab/pkg/buildfab/variables.go:388.21,390.17 2 0
github.com/AlexBurnes/buildfab/pkg/buildfab/variables.go:390.17,392.4 1 0
github.com/AlexBurnes/buildfab/pkg/buildfab/variables.go:393.3,393.19 1 0
github.com/AlexBurnes/buildfab/pkg/buildfab/variables.go:397.2,397.32 1 0
github.com/AlexBurnes/buildfab/pkg/buildfab/variables.go:397.32,399.17 2 0
github.com/AlexBurnes/buildfab/pkg/buildfab/variables.go:399.17,401.4 1 0
github.com/AlexBurnes/buildfab/pkg/buildfab/variables.go:402.3,402.33 1 0
github.com/AlexBurnes/buildfab/pkg/buildfab/variables.go:405.2,405.12 1 0
github.com/AlexBurnes/buildfab/pkg/buildfab/variables.go:409.112,410.22 1 0
github.com/AlexBurnes/buildfab/pkg/buildfab/variables.go:410.22,412.3 1 0
github.com/AlexBurnes/buildfab/pkg/buildfab/variables.go:415.2,415.28 1 0
github.com/AlexBurnes/buildfab/pkg/buildfab/variables.go:415.28,417.17 2 0
github.com/AlexBurnes/buildfab/pkg/buildfab/variables.go:417.17,419.4 1 0
github.com/AlexBurnes/buildfab/pkg/buildfab/variables.go:420.3,420.28 1 0
github.com/AlexBurnes/buildfab/pkg/buildfab/variables.go:424.2,424.38 1 0
github.com/AlexBurnes/buildfab/pkg/buildfab/variables.go:424.38,426.17 2 0
github.com/AlexBurnes/buildfab/pkg/buildfab/variables.go:426.17,428.4 1 0
github.com/AlexBurnes/buildfab/pkg/buildfab/variables.go:429.3,429.39 1 0
github.com/AlexBurnes/buildfab/pkg/buildfab/variables.go:432.2,432.12 1 0
